#
# There is insufficient memory for the Java Runtime Environment to continue.
# Native memory allocation (mmap) failed to map 39845888 bytes for G1 virtual space
# Possible reasons:
#   The system is out of physical RAM or swap space
#   The process is running with CompressedOops enabled, and the Java Heap may be blocking the growth of the native heap
# Possible solutions:
#   Reduce memory load on the system
#   Increase physical memory or swap space
#   Check if swap backing store is full
#   Decrease Java heap size (-Xmx/-Xms)
#   Decrease number of Java threads
#   Decrease Java thread stack sizes (-Xss)
#   Set larger code cache with -XX:ReservedCodeCacheSize=
#   JVM is running with Zero Based Compressed Oops mode in which the Java heap is
#     placed in the first 32GB address space. The Java Heap base address is the
#     maximum limit for the native heap growth. Please use -XX:HeapBaseMinAddress
#     to set the Java Heap base and to place the Java Heap above 32GB virtual address.
# This output file may be truncated or incomplete.
#
#  Out of Memory Error (os_windows.cpp:3469), pid=18792, tid=16344
#
# JRE version: Java(TM) SE Runtime Environment (17.0.1+12) (build 17.0.1+12-LTS-39)
# Java VM: Java HotSpot(TM) 64-Bit Server VM (17.0.1+12-LTS-39, mixed mode, sharing, tiered, compressed oops, compressed class ptrs, g1 gc, windows-amd64)
# No core dump will be written. Minidumps are not enabled by default on client versions of Windows
#

---------------  S U M M A R Y ------------

Command Line: -XX:MaxMetaspaceSize=2G -XX:+HeapDumpOnOutOfMemoryError --add-opens=java.base/java.util=ALL-UNNAMED --add-opens=java.base/java.lang=ALL-UNNAMED --add-opens=java.base/java.lang.invoke=ALL-UNNAMED --add-opens=java.prefs/java.util.prefs=ALL-UNNAMED --add-opens=java.base/java.nio.charset=ALL-UNNAMED --add-opens=java.base/java.net=ALL-UNNAMED --add-opens=java.base/java.util.concurrent.atomic=ALL-UNNAMED -Xmx4G -Dfile.encoding=utf8 -Duser.country=IN -Duser.language=en -Duser.variant org.gradle.launcher.daemon.bootstrap.GradleDaemon 7.6.3

Host: Intel(R) Core(TM) i7-10750H CPU @ 2.60GHz, 12 cores, 7G,  Windows 10 , 64 bit Build 26100 (10.0.26100.2454)
Time: Wed Jan 22 19:18:52 2025 India Standard Time elapsed time: 37.377763 seconds (0d 0h 0m 37s)

---------------  T H R E A D  ---------------

Current thread (0x0000015cfdb662b0):  VMThread "VM Thread" [stack: 0x0000002a53000000,0x0000002a53100000] [id=16344]

Stack: [0x0000002a53000000,0x0000002a53100000]
Native frames: (J=compiled Java code, j=interpreted, Vv=VM code, C=native code)
V  [jvm.dll+0x66fa1a]
V  [jvm.dll+0x7ce5a4]
V  [jvm.dll+0x7cfd4e]
V  [jvm.dll+0x7d03b3]
V  [jvm.dll+0x242b05]
V  [jvm.dll+0x66ca39]
V  [jvm.dll+0x661502]
V  [jvm.dll+0x30081b]
V  [jvm.dll+0x307da6]
V  [jvm.dll+0x357a1e]
V  [jvm.dll+0x357c4f]
V  [jvm.dll+0x2d7ad8]
V  [jvm.dll+0x2d5da4]
V  [jvm.dll+0x2d53ac]
V  [jvm.dll+0x318d0b]
V  [jvm.dll+0x7d484b]
V  [jvm.dll+0x7d5584]
V  [jvm.dll+0x7d5a9c]
V  [jvm.dll+0x7d5e74]
V  [jvm.dll+0x7d5f40]
V  [jvm.dll+0x77e91a]
V  [jvm.dll+0x66e845]
C  [ucrtbase.dll+0x14ea0]
C  [KERNEL32.DLL+0x2e8d7]
C  [ntdll.dll+0xdfbcc]

VM_Operation (0x0000002a548f3500): G1CollectForAllocation, mode: safepoint, requested by thread 0x0000015c819a3e70


---------------  P R O C E S S  ---------------

Threads class SMR info:
_java_thread_list=0x0000015c800ef3d0, length=45, elements={
0x0000015cda9e40e0, 0x0000015cfdb6a260, 0x0000015cfdb6cd30, 0x0000015cfdb80540,
0x0000015cfdb80e00, 0x0000015cfdb82ce0, 0x0000015cfdb835a0, 0x0000015cfdb8d2f0,
0x0000015cfdb8f8c0, 0x0000015cfdb911e0, 0x0000015cfe634310, 0x0000015cfe63ac30,
0x0000015c80fae6f0, 0x0000015c819e37a0, 0x0000015c80f9e4c0, 0x0000015c81ec3970,
0x0000015c80cd87d0, 0x0000015c819a39a0, 0x0000015c819a3e70, 0x0000015c819a4ce0,
0x0000015c819a5b50, 0x0000015c819a3000, 0x0000015c819a2b30, 0x0000015c819a34d0,
0x0000015c819a4340, 0x0000015c819a6020, 0x0000015c819a51b0, 0x0000015c819a64f0,
0x0000015c822d7790, 0x0000015c822d5f80, 0x0000015c82297ad0, 0x0000015c822d9940,
0x0000015c822d8130, 0x0000015c822d6df0, 0x0000015c822d7c60, 0x0000015c822d9470,
0x0000015c822d8600, 0x0000015c822d72c0, 0x0000015c822d8ad0, 0x0000015c822dd7d0,
0x0000015c822da2e0, 0x0000015c822dc960, 0x0000015c822da7b0, 0x0000015c822dce30,
0x0000015c822db150
}

Java Threads: ( => current thread )
  0x0000015cda9e40e0 JavaThread "main" [_thread_blocked, id=25016, stack(0x0000002a52a00000,0x0000002a52b00000)]
  0x0000015cfdb6a260 JavaThread "Reference Handler" daemon [_thread_blocked, id=4364, stack(0x0000002a53100000,0x0000002a53200000)]
  0x0000015cfdb6cd30 JavaThread "Finalizer" daemon [_thread_blocked, id=24412, stack(0x0000002a53200000,0x0000002a53300000)]
  0x0000015cfdb80540 JavaThread "Signal Dispatcher" daemon [_thread_blocked, id=20920, stack(0x0000002a53300000,0x0000002a53400000)]
  0x0000015cfdb80e00 JavaThread "Attach Listener" daemon [_thread_blocked, id=3212, stack(0x0000002a53400000,0x0000002a53500000)]
  0x0000015cfdb82ce0 JavaThread "Service Thread" daemon [_thread_blocked, id=27100, stack(0x0000002a53500000,0x0000002a53600000)]
  0x0000015cfdb835a0 JavaThread "Monitor Deflation Thread" daemon [_thread_blocked, id=27540, stack(0x0000002a53600000,0x0000002a53700000)]
  0x0000015cfdb8d2f0 JavaThread "C2 CompilerThread0" daemon [_thread_blocked, id=4052, stack(0x0000002a53700000,0x0000002a53800000)]
  0x0000015cfdb8f8c0 JavaThread "C1 CompilerThread0" daemon [_thread_blocked, id=3228, stack(0x0000002a53800000,0x0000002a53900000)]
  0x0000015cfdb911e0 JavaThread "Sweeper thread" daemon [_thread_blocked, id=21136, stack(0x0000002a53900000,0x0000002a53a00000)]
  0x0000015cfe634310 JavaThread "Common-Cleaner" daemon [_thread_blocked, id=6656, stack(0x0000002a53a00000,0x0000002a53b00000)]
  0x0000015cfe63ac30 JavaThread "Notification Thread" daemon [_thread_blocked, id=7852, stack(0x0000002a53b00000,0x0000002a53c00000)]
  0x0000015c80fae6f0 JavaThread "Daemon health stats" [_thread_blocked, id=28092, stack(0x0000002a54200000,0x0000002a54300000)]
  0x0000015c819e37a0 JavaThread "Incoming local TCP Connector on port 50566" [_thread_in_native, id=4600, stack(0x0000002a53d00000,0x0000002a53e00000)]
  0x0000015c80f9e4c0 JavaThread "Daemon periodic checks" [_thread_blocked, id=1500, stack(0x0000002a54400000,0x0000002a54500000)]
  0x0000015c81ec3970 JavaThread "Daemon" [_thread_blocked, id=6376, stack(0x0000002a54500000,0x0000002a54600000)]
  0x0000015c80cd87d0 JavaThread "Handler for socket connection from /127.0.0.1:50566 to /127.0.0.1:50567" [_thread_in_native, id=26640, stack(0x0000002a54600000,0x0000002a54700000)]
  0x0000015c819a39a0 JavaThread "Cancel handler" [_thread_blocked, id=7564, stack(0x0000002a54700000,0x0000002a54800000)]
  0x0000015c819a3e70 JavaThread "Daemon worker" [_thread_blocked, id=2128, stack(0x0000002a54800000,0x0000002a54900000)]
  0x0000015c819a4ce0 JavaThread "Asynchronous log dispatcher for DefaultDaemonConnection: socket connection from /127.0.0.1:50566 to /127.0.0.1:50567" [_thread_blocked, id=12952, stack(0x0000002a54900000,0x0000002a54a00000)]
  0x0000015c819a5b50 JavaThread "Stdin handler" [_thread_blocked, id=29480, stack(0x0000002a54a00000,0x0000002a54b00000)]
  0x0000015c819a3000 JavaThread "Daemon client event forwarder" [_thread_blocked, id=22160, stack(0x0000002a54b00000,0x0000002a54c00000)]
  0x0000015c819a2b30 JavaThread "Cache worker for journal cache (C:\Users\Praveen Chandra\.gradle\caches\journal-1)" [_thread_blocked, id=23836, stack(0x0000002a55100000,0x0000002a55200000)]
  0x0000015c819a34d0 JavaThread "File lock request listener" [_thread_in_native, id=9028, stack(0x0000002a55200000,0x0000002a55300000)]
  0x0000015c819a4340 JavaThread "Cache worker for file hash cache (C:\Users\Praveen Chandra\.gradle\caches\7.6.3\fileHashes)" [_thread_blocked, id=3412, stack(0x0000002a54300000,0x0000002a54400000)]
  0x0000015c819a6020 JavaThread "File watcher server" daemon [_thread_in_native, id=10396, stack(0x0000002a55400000,0x0000002a55500000)]
  0x0000015c819a51b0 JavaThread "File watcher consumer" daemon [_thread_blocked, id=13488, stack(0x0000002a55300000,0x0000002a55400000)]
  0x0000015c819a64f0 JavaThread "jar transforms" [_thread_blocked, id=27064, stack(0x0000002a55500000,0x0000002a55600000)]
  0x0000015c822d7790 JavaThread "jar transforms Thread 2" [_thread_blocked, id=30452, stack(0x0000002a55600000,0x0000002a55700000)]
  0x0000015c822d5f80 JavaThread "jar transforms Thread 3" [_thread_blocked, id=30548, stack(0x0000002a55700000,0x0000002a55800000)]
  0x0000015c82297ad0 JavaThread "C2 CompilerThread1" daemon [_thread_blocked, id=29104, stack(0x0000002a55800000,0x0000002a55900000)]
  0x0000015c822d9940 JavaThread "Cache worker for checksums cache (D:\Flutter\mac_doc\android\.gradle\7.6.3\checksums)" [_thread_blocked, id=20152, stack(0x0000002a55b00000,0x0000002a55c00000)]
  0x0000015c822d8130 JavaThread "Cache worker for cache directory md-rule (C:\Users\Praveen Chandra\.gradle\caches\7.6.3\md-rule)" [_thread_blocked, id=30244, stack(0x0000002a55c00000,0x0000002a55d00000)]
  0x0000015c822d6df0 JavaThread "Cache worker for file content cache (C:\Users\Praveen Chandra\.gradle\caches\7.6.3\fileContent)" [_thread_blocked, id=25712, stack(0x0000002a55d00000,0x0000002a55e00000)]
  0x0000015c822d7c60 JavaThread "Cache worker for file hash cache (D:\Flutter\mac_doc\android\.gradle\7.6.3\fileHashes)" [_thread_blocked, id=30948, stack(0x0000002a55e00000,0x0000002a55f00000)]
  0x0000015c822d9470 JavaThread "Cache worker for cache directory md-supplier (C:\Users\Praveen Chandra\.gradle\caches\7.6.3\md-supplier)" [_thread_blocked, id=24960, stack(0x0000002a55f00000,0x0000002a56000000)]
  0x0000015c822d8600 JavaThread "Cache worker for execution history cache (C:\Users\Praveen Chandra\.gradle\caches\7.6.3\executionHistory)" [_thread_blocked, id=10172, stack(0x0000002a56000000,0x0000002a56100000)]
  0x0000015c822d72c0 JavaThread "jar transforms Thread 4" [_thread_blocked, id=22108, stack(0x0000002a56100000,0x0000002a56200000)]
  0x0000015c822d8ad0 JavaThread "jar transforms Thread 5" [_thread_blocked, id=19440, stack(0x0000002a56200000,0x0000002a56300000)]
  0x0000015c822dd7d0 JavaThread "jar transforms Thread 6" [_thread_blocked, id=12464, stack(0x0000002a56400000,0x0000002a56500000)]
  0x0000015c822da2e0 JavaThread "jar transforms Thread 7" [_thread_blocked, id=11432, stack(0x0000002a56500000,0x0000002a56600000)]
  0x0000015c822dc960 JavaThread "jar transforms Thread 8" [_thread_blocked, id=2844, stack(0x0000002a56600000,0x0000002a56700000)]
  0x0000015c822da7b0 JavaThread "jar transforms Thread 9" [_thread_blocked, id=17436, stack(0x0000002a56700000,0x0000002a56800000)]
  0x0000015c822dce30 JavaThread "jar transforms Thread 10" [_thread_blocked, id=23240, stack(0x0000002a56800000,0x0000002a56900000)]
  0x0000015c822db150 JavaThread "Cache worker for kotlin-dsl (C:\Users\Praveen Chandra\.gradle\caches\7.6.3\kotlin-dsl)" [_thread_blocked, id=25136, stack(0x0000002a56900000,0x0000002a56a00000)]

Other Threads:
=>0x0000015cfdb662b0 VMThread "VM Thread" [stack: 0x0000002a53000000,0x0000002a53100000] [id=16344]
  0x0000015cfe63b100 WatcherThread [stack: 0x0000002a53c00000,0x0000002a53d00000] [id=30988]
  0x0000015cdaa36be0 GCTaskThread "GC Thread#0" [stack: 0x0000002a52b00000,0x0000002a52c00000] [id=20820]
  0x0000015cfe86e2b0 GCTaskThread "GC Thread#1" [stack: 0x0000002a53e00000,0x0000002a53f00000] [id=20836]
  0x0000015cfeb8eab0 GCTaskThread "GC Thread#2" [stack: 0x0000002a53f00000,0x0000002a54000000] [id=12912]
  0x0000015cfeb38900 GCTaskThread "GC Thread#3" [stack: 0x0000002a54000000,0x0000002a54100000] [id=20240]
  0x0000015cfe7b3350 GCTaskThread "GC Thread#4" [stack: 0x0000002a54100000,0x0000002a54200000] [id=11188]
  0x0000015c80c0d820 GCTaskThread "GC Thread#5" [stack: 0x0000002a54c00000,0x0000002a54d00000] [id=13280]
  0x0000015c80ab0ee0 GCTaskThread "GC Thread#6" [stack: 0x0000002a54d00000,0x0000002a54e00000] [id=11496]
  0x0000015c8107dbc0 GCTaskThread "GC Thread#7" [stack: 0x0000002a54e00000,0x0000002a54f00000] [id=27280]
  0x0000015c804b4d30 GCTaskThread "GC Thread#8" [stack: 0x0000002a54f00000,0x0000002a55000000] [id=25780]
  0x0000015c81ed8b10 GCTaskThread "GC Thread#9" [stack: 0x0000002a55000000,0x0000002a55100000] [id=20620]
  0x0000015cdaa86010 ConcurrentGCThread "G1 Main Marker" [stack: 0x0000002a52c00000,0x0000002a52d00000] [id=20796]
  0x0000015cdaa87f80 ConcurrentGCThread "G1 Conc#0" [stack: 0x0000002a52d00000,0x0000002a52e00000] [id=22468]
  0x0000015c81051070 ConcurrentGCThread "G1 Conc#1" [stack: 0x0000002a55900000,0x0000002a55a00000] [id=25728]
  0x0000015c810515d0 ConcurrentGCThread "G1 Conc#2" [stack: 0x0000002a55a00000,0x0000002a55b00000] [id=25240]
  0x0000015cdaa9eb00 ConcurrentGCThread "G1 Refine#0" [stack: 0x0000002a52e00000,0x0000002a52f00000] [id=23020]
  0x0000015c81722f60 ConcurrentGCThread "G1 Refine#1" [stack: 0x0000002a56300000,0x0000002a56400000] [id=30936]
  0x0000015cfda21560 ConcurrentGCThread "G1 Service" [stack: 0x0000002a52f00000,0x0000002a53000000] [id=19192]

Threads with active compile tasks:
C2 CompilerThread0    37449 5294 %     4       org.objectweb.asm.ClassReader::readCode @ 1738 (5109 bytes)
C2 CompilerThread1    37449 5297       4       org.objectweb.asm.ClassReader::readMethod (1066 bytes)

VM state: at safepoint (normal execution)

VM Mutex/Monitor currently owned by a thread:  ([mutex/lock_event])
[0x0000015cd8646250] Threads_lock - owner thread: 0x0000015cfdb662b0
[0x0000015cda9e2770] Heap_lock - owner thread: 0x0000015c819a3e70

Heap address: 0x0000000700000000, size: 4096 MB, Compressed Oops mode: Zero based, Oop shift amount: 3

CDS archive(s) mapped at: [0x0000000800000000-0x0000000800bc0000-0x0000000800bc0000), size 12320768, SharedBaseAddress: 0x0000000800000000, ArchiveRelocationMode: 0.
Compressed class space mapped at: 0x0000000800c00000-0x0000000840c00000, reserved size: 1073741824
Narrow klass base: 0x0000000800000000, Narrow klass shift: 0, Narrow klass range: 0x100000000

GC Precious Log:
 CPUs: 12 total, 12 available
 Memory: 8013M
 Large Page Support: Disabled
 NUMA Support: Disabled
 Compressed Oops: Enabled (Zero based)
 Heap Region Size: 2M
 Heap Min Capacity: 8M
 Heap Initial Capacity: 126M
 Heap Max Capacity: 4G
 Pre-touch: Disabled
 Parallel Workers: 10
 Concurrent Workers: 3
 Concurrent Refinement Workers: 10
 Periodic GC: Disabled

Heap:
 garbage-first heap   total 190464K, used 43272K [0x0000000700000000, 0x0000000800000000)
  region size 2048K, 4 young (8192K), 4 survivors (8192K)
 Metaspace       used 36477K, committed 37056K, reserved 1081344K
  class space    used 5018K, committed 5312K, reserved 1048576K

Heap Regions: E=young(eden), S=young(survivor), O=old, HS=humongous(starts), HC=humongous(continues), CS=collection set, F=free, OA=open archive, CA=closed archive, TAMS=top-at-mark-start (previous, next)
|   0|0x0000000700000000, 0x0000000700200000, 0x0000000700200000|100%|HS|  |TAMS 0x0000000700200000, 0x0000000700000000| Complete 
|   1|0x0000000700200000, 0x0000000700400000, 0x0000000700400000|100%|HC|  |TAMS 0x0000000700400000, 0x0000000700200000| Complete 
|   2|0x0000000700400000, 0x0000000700600000, 0x0000000700600000|100%| O|  |TAMS 0x0000000700600000, 0x0000000700400000| Untracked 
|   3|0x0000000700600000, 0x0000000700800000, 0x0000000700800000|100%| O|  |TAMS 0x0000000700800000, 0x0000000700600000| Untracked 
|   4|0x0000000700800000, 0x0000000700a00000, 0x0000000700a00000|100%| O|  |TAMS 0x0000000700a00000, 0x0000000700800000| Untracked 
|   5|0x0000000700a00000, 0x0000000700c00000, 0x0000000700c00000|100%| O|  |TAMS 0x0000000700c00000, 0x0000000700a00000| Untracked 
|   6|0x0000000700c00000, 0x0000000700e00000, 0x0000000700e00000|100%| O|  |TAMS 0x0000000700e00000, 0x0000000700c00000| Untracked 
|   7|0x0000000700e00000, 0x0000000701000000, 0x0000000701000000|100%| O|  |TAMS 0x0000000701000000, 0x0000000700e00000| Untracked 
|   8|0x0000000701000000, 0x0000000701200000, 0x0000000701200000|100%| O|  |TAMS 0x0000000701200000, 0x0000000701000000| Untracked 
|   9|0x0000000701200000, 0x0000000701400000, 0x0000000701400000|100%| O|  |TAMS 0x0000000701400000, 0x0000000701200000| Untracked 
|  10|0x0000000701400000, 0x0000000701600000, 0x0000000701600000|100%| O|  |TAMS 0x0000000701600000, 0x0000000701400000| Untracked 
|  11|0x0000000701600000, 0x0000000701800000, 0x0000000701800000|100%| O|  |TAMS 0x0000000701800000, 0x0000000701600000| Untracked 
|  12|0x0000000701800000, 0x0000000701a00000, 0x0000000701a00000|100%| O|  |TAMS 0x0000000701a00000, 0x0000000701800000| Untracked 
|  13|0x0000000701a00000, 0x0000000701c00000, 0x0000000701c00000|100%| O|  |TAMS 0x0000000701c00000, 0x0000000701a00000| Untracked 
|  14|0x0000000701c00000, 0x0000000701e00000, 0x0000000701e00000|100%| O|  |TAMS 0x0000000701d4ee00, 0x0000000701c00000| Untracked 
|  15|0x0000000701e00000, 0x0000000702000000, 0x0000000702000000|100%| O|  |TAMS 0x0000000701e00000, 0x0000000701e00000| Untracked 
|  16|0x0000000702000000, 0x0000000702200000, 0x0000000702200000|100%| O|  |TAMS 0x0000000702000000, 0x0000000702000000| Untracked 
|  17|0x0000000702200000, 0x0000000702377200, 0x0000000702400000| 73%| O|  |TAMS 0x0000000702200000, 0x0000000702200000| Untracked 
|  18|0x0000000702400000, 0x0000000702400000, 0x0000000702600000|  0%| F|  |TAMS 0x0000000702400000, 0x0000000702400000| Untracked 
|  19|0x0000000702600000, 0x0000000702600000, 0x0000000702800000|  0%| F|  |TAMS 0x0000000702600000, 0x0000000702600000| Untracked 
|  20|0x0000000702800000, 0x0000000702800000, 0x0000000702a00000|  0%| F|  |TAMS 0x0000000702800000, 0x0000000702800000| Untracked 
|  21|0x0000000702a00000, 0x0000000702a00000, 0x0000000702c00000|  0%| F|  |TAMS 0x0000000702a00000, 0x0000000702a00000| Untracked 
|  22|0x0000000702c00000, 0x0000000702c00000, 0x0000000702e00000|  0%| F|  |TAMS 0x0000000702c00000, 0x0000000702c00000| Untracked 
|  23|0x0000000702e00000, 0x0000000702e00000, 0x0000000703000000|  0%| F|  |TAMS 0x0000000702e00000, 0x0000000702e00000| Untracked 
|  24|0x0000000703000000, 0x0000000703000000, 0x0000000703200000|  0%| F|  |TAMS 0x0000000703000000, 0x0000000703000000| Untracked 
|  25|0x0000000703200000, 0x0000000703200000, 0x0000000703400000|  0%| F|  |TAMS 0x0000000703200000, 0x0000000703200000| Untracked 
|  26|0x0000000703400000, 0x0000000703400000, 0x0000000703600000|  0%| F|  |TAMS 0x0000000703400000, 0x0000000703400000| Untracked 
|  27|0x0000000703600000, 0x0000000703600000, 0x0000000703800000|  0%| F|  |TAMS 0x0000000703600000, 0x0000000703600000| Untracked 
|  28|0x0000000703800000, 0x0000000703800000, 0x0000000703a00000|  0%| F|  |TAMS 0x0000000703800000, 0x0000000703800000| Untracked 
|  29|0x0000000703a00000, 0x0000000703a00000, 0x0000000703c00000|  0%| F|  |TAMS 0x0000000703a00000, 0x0000000703a00000| Untracked 
|  30|0x0000000703c00000, 0x0000000703c00000, 0x0000000703e00000|  0%| F|  |TAMS 0x0000000703c00000, 0x0000000703c00000| Untracked 
|  31|0x0000000703e00000, 0x0000000703e00000, 0x0000000704000000|  0%| F|  |TAMS 0x0000000703e00000, 0x0000000703e00000| Untracked 
|  32|0x0000000704000000, 0x0000000704000000, 0x0000000704200000|  0%| F|  |TAMS 0x0000000704000000, 0x0000000704000000| Untracked 
|  33|0x0000000704200000, 0x0000000704200000, 0x0000000704400000|  0%| F|  |TAMS 0x0000000704200000, 0x0000000704200000| Untracked 
|  34|0x0000000704400000, 0x0000000704400000, 0x0000000704600000|  0%| F|  |TAMS 0x0000000704400000, 0x0000000704400000| Untracked 
|  35|0x0000000704600000, 0x00000007046cb070, 0x0000000704800000| 39%| S|CS|TAMS 0x0000000704600000, 0x0000000704600000| Complete 
|  36|0x0000000704800000, 0x0000000704a00000, 0x0000000704a00000|100%| S|CS|TAMS 0x0000000704800000, 0x0000000704800000| Complete 
|  37|0x0000000704a00000, 0x0000000704c00000, 0x0000000704c00000|100%| S|CS|TAMS 0x0000000704a00000, 0x0000000704a00000| Complete 
|  38|0x0000000704c00000, 0x0000000704c00000, 0x0000000704e00000|  0%| F|  |TAMS 0x0000000704c00000, 0x0000000704c00000| Untracked 
|  39|0x0000000704e00000, 0x0000000704e00000, 0x0000000705000000|  0%| F|  |TAMS 0x0000000704e00000, 0x0000000704e00000| Untracked 
|  40|0x0000000705000000, 0x0000000705000000, 0x0000000705200000|  0%| F|  |TAMS 0x0000000705000000, 0x0000000705000000| Untracked 
|  41|0x0000000705200000, 0x0000000705400000, 0x0000000705400000|100%| S|CS|TAMS 0x0000000705200000, 0x0000000705200000| Complete 
|  42|0x0000000705400000, 0x0000000705400000, 0x0000000705600000|  0%| F|  |TAMS 0x0000000705400000, 0x0000000705400000| Untracked 
|  43|0x0000000705600000, 0x0000000705600000, 0x0000000705800000|  0%| F|  |TAMS 0x0000000705600000, 0x0000000705600000| Untracked 
|  44|0x0000000705800000, 0x0000000705800000, 0x0000000705a00000|  0%| F|  |TAMS 0x0000000705800000, 0x0000000705800000| Untracked 
|  45|0x0000000705a00000, 0x0000000705a00000, 0x0000000705c00000|  0%| F|  |TAMS 0x0000000705a00000, 0x0000000705a00000| Untracked 
|  46|0x0000000705c00000, 0x0000000705c00000, 0x0000000705e00000|  0%| F|  |TAMS 0x0000000705c00000, 0x0000000705c00000| Untracked 
|  47|0x0000000705e00000, 0x0000000705e00000, 0x0000000706000000|  0%| F|  |TAMS 0x0000000705e00000, 0x0000000705e00000| Untracked 
|  48|0x0000000706000000, 0x0000000706000000, 0x0000000706200000|  0%| F|  |TAMS 0x0000000706000000, 0x0000000706000000| Untracked 
|  49|0x0000000706200000, 0x0000000706200000, 0x0000000706400000|  0%| F|  |TAMS 0x0000000706200000, 0x0000000706200000| Untracked 
|  50|0x0000000706400000, 0x0000000706400000, 0x0000000706600000|  0%| F|  |TAMS 0x0000000706400000, 0x0000000706400000| Untracked 
|  51|0x0000000706600000, 0x0000000706600000, 0x0000000706800000|  0%| F|  |TAMS 0x0000000706600000, 0x0000000706600000| Untracked 
|  52|0x0000000706800000, 0x0000000706800000, 0x0000000706a00000|  0%| F|  |TAMS 0x0000000706800000, 0x0000000706800000| Untracked 
|  53|0x0000000706a00000, 0x0000000706a00000, 0x0000000706c00000|  0%| F|  |TAMS 0x0000000706a00000, 0x0000000706a00000| Untracked 
|  54|0x0000000706c00000, 0x0000000706c00000, 0x0000000706e00000|  0%| F|  |TAMS 0x0000000706c00000, 0x0000000706c00000| Untracked 
|  55|0x0000000706e00000, 0x0000000706e00000, 0x0000000707000000|  0%| F|  |TAMS 0x0000000706e00000, 0x0000000706e00000| Untracked 
|  56|0x0000000707000000, 0x0000000707000000, 0x0000000707200000|  0%| F|  |TAMS 0x0000000707000000, 0x0000000707000000| Untracked 
|  57|0x0000000707200000, 0x0000000707200000, 0x0000000707400000|  0%| F|  |TAMS 0x0000000707200000, 0x0000000707200000| Untracked 
|  58|0x0000000707400000, 0x0000000707400000, 0x0000000707600000|  0%| F|  |TAMS 0x0000000707400000, 0x0000000707400000| Untracked 
|  59|0x0000000707600000, 0x0000000707600000, 0x0000000707800000|  0%| F|  |TAMS 0x0000000707600000, 0x0000000707600000| Untracked 
|  60|0x0000000707800000, 0x0000000707800000, 0x0000000707a00000|  0%| F|  |TAMS 0x0000000707800000, 0x0000000707800000| Untracked 
|  61|0x0000000707a00000, 0x0000000707a00000, 0x0000000707c00000|  0%| F|  |TAMS 0x0000000707a00000, 0x0000000707a00000| Untracked 
|  62|0x0000000707c00000, 0x0000000707c00000, 0x0000000707e00000|  0%| F|  |TAMS 0x0000000707c00000, 0x0000000707c00000| Untracked 
|  63|0x0000000707e00000, 0x0000000707e00000, 0x0000000708000000|  0%| F|  |TAMS 0x0000000707e00000, 0x0000000707e00000| Untracked 
|  64|0x0000000708000000, 0x0000000708000000, 0x0000000708200000|  0%| F|  |TAMS 0x0000000708000000, 0x0000000708000000| Untracked 
|  65|0x0000000708200000, 0x0000000708200000, 0x0000000708400000|  0%| F|  |TAMS 0x0000000708200000, 0x0000000708200000| Untracked 
|  66|0x0000000708400000, 0x0000000708400000, 0x0000000708600000|  0%| F|  |TAMS 0x0000000708400000, 0x0000000708400000| Untracked 
|  67|0x0000000708600000, 0x0000000708600000, 0x0000000708800000|  0%| F|  |TAMS 0x0000000708600000, 0x0000000708600000| Untracked 
|  68|0x0000000708800000, 0x0000000708800000, 0x0000000708a00000|  0%| F|  |TAMS 0x0000000708800000, 0x0000000708800000| Untracked 
|  69|0x0000000708a00000, 0x0000000708a00000, 0x0000000708c00000|  0%| F|  |TAMS 0x0000000708a00000, 0x0000000708a00000| Untracked 
|  70|0x0000000708c00000, 0x0000000708c00000, 0x0000000708e00000|  0%| F|  |TAMS 0x0000000708c00000, 0x0000000708c00000| Untracked 
|  71|0x0000000708e00000, 0x0000000708e00000, 0x0000000709000000|  0%| F|  |TAMS 0x0000000708e00000, 0x0000000708e00000| Untracked 
|  72|0x0000000709000000, 0x0000000709000000, 0x0000000709200000|  0%| F|  |TAMS 0x0000000709000000, 0x0000000709000000| Untracked 
|  73|0x0000000709200000, 0x0000000709200000, 0x0000000709400000|  0%| F|  |TAMS 0x0000000709200000, 0x0000000709200000| Untracked 
|  74|0x0000000709400000, 0x0000000709400000, 0x0000000709600000|  0%| F|  |TAMS 0x0000000709400000, 0x0000000709400000| Untracked 
|  75|0x0000000709600000, 0x0000000709600000, 0x0000000709800000|  0%| F|  |TAMS 0x0000000709600000, 0x0000000709600000| Untracked 
|  76|0x0000000709800000, 0x0000000709800000, 0x0000000709a00000|  0%| F|  |TAMS 0x0000000709800000, 0x0000000709800000| Untracked 
|  77|0x0000000709a00000, 0x0000000709a00000, 0x0000000709c00000|  0%| F|  |TAMS 0x0000000709a00000, 0x0000000709a00000| Untracked 
|  78|0x0000000709c00000, 0x0000000709c00000, 0x0000000709e00000|  0%| F|  |TAMS 0x0000000709c00000, 0x0000000709c00000| Untracked 
|  79|0x0000000709e00000, 0x0000000709e00000, 0x000000070a000000|  0%| F|  |TAMS 0x0000000709e00000, 0x0000000709e00000| Untracked 
|  80|0x000000070a000000, 0x000000070a000000, 0x000000070a200000|  0%| F|  |TAMS 0x000000070a000000, 0x000000070a000000| Untracked 
|  81|0x000000070a200000, 0x000000070a200000, 0x000000070a400000|  0%| F|  |TAMS 0x000000070a200000, 0x000000070a200000| Untracked 
|  82|0x000000070a400000, 0x000000070a400000, 0x000000070a600000|  0%| F|  |TAMS 0x000000070a400000, 0x000000070a400000| Untracked 
|  83|0x000000070a600000, 0x000000070a600000, 0x000000070a800000|  0%| F|  |TAMS 0x000000070a600000, 0x000000070a600000| Untracked 
|  84|0x000000070a800000, 0x000000070a800000, 0x000000070aa00000|  0%| F|  |TAMS 0x000000070a800000, 0x000000070a800000| Untracked 
|  85|0x000000070aa00000, 0x000000070aa00000, 0x000000070ac00000|  0%| F|  |TAMS 0x000000070aa00000, 0x000000070aa00000| Untracked 
|  86|0x000000070ac00000, 0x000000070ac00000, 0x000000070ae00000|  0%| F|  |TAMS 0x000000070ac00000, 0x000000070ac00000| Untracked 
|  87|0x000000070ae00000, 0x000000070ae00000, 0x000000070b000000|  0%| F|  |TAMS 0x000000070ae00000, 0x000000070ae00000| Untracked 
|  88|0x000000070b000000, 0x000000070b000000, 0x000000070b200000|  0%| F|  |TAMS 0x000000070b000000, 0x000000070b000000| Untracked 
|  89|0x000000070b200000, 0x000000070b200000, 0x000000070b400000|  0%| F|  |TAMS 0x000000070b200000, 0x000000070b200000| Untracked 
|  90|0x000000070b400000, 0x000000070b400000, 0x000000070b600000|  0%| F|  |TAMS 0x000000070b400000, 0x000000070b400000| Untracked 
|  91|0x000000070b600000, 0x000000070b600000, 0x000000070b800000|  0%| F|  |TAMS 0x000000070b600000, 0x000000070b600000| Untracked 
|  92|0x000000070b800000, 0x000000070b800000, 0x000000070ba00000|  0%| F|  |TAMS 0x000000070b800000, 0x000000070b800000| Untracked 

Card table byte_map: [0x0000015cf1f20000,0x0000015cf2720000] _byte_map_base: 0x0000015cee720000

Marking Bits (Prev, Next): (CMBitMap*) 0x0000015cdaa37100, (CMBitMap*) 0x0000015cdaa37140
 Prev Bits: [0x0000015cf2f20000, 0x0000015cf6f20000)
 Next Bits: [0x0000015cf6f20000, 0x0000015cfaf20000)

Polling page: 0x0000015cd88d0000

Metaspace:

Usage:
  Non-class:     30.72 MB used.
      Class:      4.90 MB used.
       Both:     35.62 MB used.

Virtual space:
  Non-class space:       32.00 MB reserved,      31.00 MB ( 97%) committed,  4 nodes.
      Class space:        1.00 GB reserved,       5.19 MB ( <1%) committed,  1 nodes.
             Both:        1.03 GB reserved,      36.19 MB (  3%) committed. 

Chunk freelists:
   Non-Class:  96.00 KB
       Class:  2.66 MB
        Both:  2.75 MB

MaxMetaspaceSize: 2.00 GB
CompressedClassSpaceSize: 1.00 GB
Initial GC threshold: 21.00 MB
Current GC threshold: 58.75 MB
CDS: on
MetaspaceReclaimPolicy: balanced
 - commit_granule_bytes: 65536.
 - commit_granule_words: 8192.
 - virtual_space_node_default_size: 1048576.
 - enlarge_chunks_in_place: 1.
 - new_chunks_are_fully_committed: 0.
 - uncommit_free_chunks: 1.
 - use_allocation_guard: 0.
 - handle_deallocations: 1.


Internal statistics:

num_allocs_failed_limit: 6.
num_arena_births: 536.
num_arena_deaths: 0.
num_vsnodes_births: 5.
num_vsnodes_deaths: 0.
num_space_committed: 579.
num_space_uncommitted: 0.
num_chunks_returned_to_freelist: 6.
num_chunks_taken_from_freelist: 1862.
num_chunk_merges: 6.
num_chunk_splits: 1212.
num_chunks_enlarged: 828.
num_purges: 0.
num_inconsistent_stats: 0.

CodeHeap 'non-profiled nmethods': size=120000Kb used=3967Kb max_used=3967Kb free=116032Kb
 bounds [0x0000015ce9ca0000, 0x0000015cea080000, 0x0000015cf11d0000]
CodeHeap 'profiled nmethods': size=120000Kb used=9175Kb max_used=10338Kb free=110824Kb
 bounds [0x0000015ce2770000, 0x0000015ce31c0000, 0x0000015ce9ca0000]
CodeHeap 'non-nmethods': size=5760Kb used=2292Kb max_used=2397Kb free=3467Kb
 bounds [0x0000015ce21d0000, 0x0000015ce2450000, 0x0000015ce2770000]
 total_blobs=5372 nmethods=4570 adapters=714
 compilation: enabled
              stopped_count=0, restarted_count=0
 full_count=0

Compilation events (20 events):
Event: 35.482 Thread 0x0000015cfdb8f8c0 5305       3       org.objectweb.asm.commons.MethodRemapper::createAnnotationRemapper (26 bytes)
Event: 35.483 Thread 0x0000015cfdb8f8c0 nmethod 5305 0x0000015ce2cc1890 code [0x0000015ce2cc1a60, 0x0000015ce2cc1de8]
Event: 35.707 Thread 0x0000015cfdb8f8c0 5307   !   3       org.gradle.internal.classpath.ClasspathWalker::visitJarContents (107 bytes)
Event: 35.710 Thread 0x0000015cfdb8f8c0 nmethod 5307 0x0000015ce297b390 code [0x0000015ce297b660, 0x0000015ce297c778]
Event: 35.715 Thread 0x0000015cfdb8f8c0 5308       3       org.objectweb.asm.Handle::hashCode (43 bytes)
Event: 35.716 Thread 0x0000015cfdb8f8c0 nmethod 5308 0x0000015ce2a7cd90 code [0x0000015ce2a7cf60, 0x0000015ce2a7d1c8]
Event: 35.718 Thread 0x0000015cfdb8f8c0 5309       3       org.objectweb.asm.MethodWriter::visitInvokeDynamicInsn (147 bytes)
Event: 35.720 Thread 0x0000015cfdb8f8c0 nmethod 5309 0x0000015ce301ac90 code [0x0000015ce301aea0, 0x0000015ce301b468]
Event: 35.720 Thread 0x0000015cfdb8f8c0 5311       3       org.objectweb.asm.commons.MethodRemapper::visitInvokeDynamicInsn (77 bytes)
Event: 35.721 Thread 0x0000015cfdb8f8c0 nmethod 5311 0x0000015ce2a01310 code [0x0000015ce2a01520, 0x0000015ce2a01e18]
Event: 35.721 Thread 0x0000015cfdb8f8c0 5312       3       org.objectweb.asm.SymbolTable::addConstantDynamicOrInvokeDynamicReference (140 bytes)
Event: 35.722 Thread 0x0000015cfdb8f8c0 nmethod 5312 0x0000015ce2c31f90 code [0x0000015ce2c321c0, 0x0000015ce2c328c8]
Event: 35.723 Thread 0x0000015cfdb8f8c0 5310       3       org.objectweb.asm.MethodVisitor::visitInvokeDynamicInsn (39 bytes)
Event: 35.723 Thread 0x0000015cfdb8f8c0 nmethod 5310 0x0000015ce29de990 code [0x0000015ce29deb60, 0x0000015ce29dee98]
Event: 35.723 Thread 0x0000015cfdb8f8c0 5313       3       org.objectweb.asm.SymbolTable::hash (19 bytes)
Event: 35.724 Thread 0x0000015cfdb8f8c0 nmethod 5313 0x0000015ce2c1a090 code [0x0000015ce2c1a240, 0x0000015ce2c1a3d8]
Event: 35.892 Thread 0x0000015cfdb8f8c0 5314       3       org.objectweb.asm.SymbolTable::addConstantInvokeDynamic (23 bytes)
Event: 35.894 Thread 0x0000015cfdb8f8c0 nmethod 5314 0x0000015ce2d67510 code [0x0000015ce2d676c0, 0x0000015ce2d67858]
Event: 35.894 Thread 0x0000015cfdb8f8c0 5315       3       org.objectweb.asm.SymbolTable::addBootstrapMethod (144 bytes)
Event: 35.897 Thread 0x0000015cfdb8f8c0 nmethod 5315 0x0000015ce2907a10 code [0x0000015ce2907c00, 0x0000015ce29081d8]

GC Heap History (20 events):
Event: 30.028 GC heap after
{Heap after GC invocations=29 (full 0):
 garbage-first heap   total 131072K, used 37849K [0x0000000700000000, 0x0000000800000000)
  region size 2048K, 2 young (4096K), 2 survivors (4096K)
 Metaspace       used 36439K, committed 37056K, reserved 1081344K
  class space    used 5017K, committed 5312K, reserved 1048576K
}
Event: 30.523 GC heap before
{Heap before GC invocations=29 (full 0):
 garbage-first heap   total 131072K, used 111577K [0x0000000700000000, 0x0000000800000000)
  region size 2048K, 38 young (77824K), 2 survivors (4096K)
 Metaspace       used 36439K, committed 37056K, reserved 1081344K
  class space    used 5017K, committed 5312K, reserved 1048576K
}
Event: 30.529 GC heap after
{Heap after GC invocations=30 (full 0):
 garbage-first heap   total 131072K, used 38039K [0x0000000700000000, 0x0000000800000000)
  region size 2048K, 2 young (4096K), 2 survivors (4096K)
 Metaspace       used 36439K, committed 37056K, reserved 1081344K
  class space    used 5017K, committed 5312K, reserved 1048576K
}
Event: 31.058 GC heap before
{Heap before GC invocations=30 (full 0):
 garbage-first heap   total 131072K, used 111767K [0x0000000700000000, 0x0000000800000000)
  region size 2048K, 38 young (77824K), 2 survivors (4096K)
 Metaspace       used 36440K, committed 37056K, reserved 1081344K
  class space    used 5017K, committed 5312K, reserved 1048576K
}
Event: 31.066 GC heap after
{Heap after GC invocations=31 (full 0):
 garbage-first heap   total 157696K, used 38553K [0x0000000700000000, 0x0000000800000000)
  region size 2048K, 2 young (4096K), 2 survivors (4096K)
 Metaspace       used 36440K, committed 37056K, reserved 1081344K
  class space    used 5017K, committed 5312K, reserved 1048576K
}
Event: 31.703 GC heap before
{Heap before GC invocations=31 (full 0):
 garbage-first heap   total 157696K, used 128665K [0x0000000700000000, 0x0000000800000000)
  region size 2048K, 46 young (94208K), 2 survivors (4096K)
 Metaspace       used 36448K, committed 37056K, reserved 1081344K
  class space    used 5018K, committed 5312K, reserved 1048576K
}
Event: 31.710 GC heap after
{Heap after GC invocations=32 (full 0):
 garbage-first heap   total 157696K, used 39119K [0x0000000700000000, 0x0000000800000000)
  region size 2048K, 3 young (6144K), 3 survivors (6144K)
 Metaspace       used 36448K, committed 37056K, reserved 1081344K
  class space    used 5018K, committed 5312K, reserved 1048576K
}
Event: 32.246 GC heap before
{Heap before GC invocations=32 (full 0):
 garbage-first heap   total 157696K, used 127183K [0x0000000700000000, 0x0000000800000000)
  region size 2048K, 46 young (94208K), 3 survivors (6144K)
 Metaspace       used 36448K, committed 37056K, reserved 1081344K
  class space    used 5018K, committed 5312K, reserved 1048576K
}
Event: 32.253 GC heap after
{Heap after GC invocations=33 (full 0):
 garbage-first heap   total 157696K, used 39647K [0x0000000700000000, 0x0000000800000000)
  region size 2048K, 3 young (6144K), 3 survivors (6144K)
 Metaspace       used 36448K, committed 37056K, reserved 1081344K
  class space    used 5018K, committed 5312K, reserved 1048576K
}
Event: 32.662 GC heap before
{Heap before GC invocations=33 (full 0):
 garbage-first heap   total 157696K, used 127711K [0x0000000700000000, 0x0000000800000000)
  region size 2048K, 46 young (94208K), 3 survivors (6144K)
 Metaspace       used 36450K, committed 37056K, reserved 1081344K
  class space    used 5018K, committed 5312K, reserved 1048576K
}
Event: 32.670 GC heap after
{Heap after GC invocations=34 (full 0):
 garbage-first heap   total 157696K, used 40082K [0x0000000700000000, 0x0000000800000000)
  region size 2048K, 3 young (6144K), 3 survivors (6144K)
 Metaspace       used 36450K, committed 37056K, reserved 1081344K
  class space    used 5018K, committed 5312K, reserved 1048576K
}
Event: 33.139 GC heap before
{Heap before GC invocations=34 (full 0):
 garbage-first heap   total 157696K, used 128146K [0x0000000700000000, 0x0000000800000000)
  region size 2048K, 46 young (94208K), 3 survivors (6144K)
 Metaspace       used 36450K, committed 37056K, reserved 1081344K
  class space    used 5018K, committed 5312K, reserved 1048576K
}
Event: 33.148 GC heap after
{Heap after GC invocations=35 (full 0):
 garbage-first heap   total 190464K, used 40599K [0x0000000700000000, 0x0000000800000000)
  region size 2048K, 3 young (6144K), 3 survivors (6144K)
 Metaspace       used 36450K, committed 37056K, reserved 1081344K
  class space    used 5018K, committed 5312K, reserved 1048576K
}
Event: 33.856 GC heap before
{Heap before GC invocations=35 (full 0):
 garbage-first heap   total 190464K, used 147095K [0x0000000700000000, 0x0000000800000000)
  region size 2048K, 55 young (112640K), 3 survivors (6144K)
 Metaspace       used 36460K, committed 37056K, reserved 1081344K
  class space    used 5018K, committed 5312K, reserved 1048576K
}
Event: 33.864 GC heap after
{Heap after GC invocations=36 (full 0):
 garbage-first heap   total 190464K, used 41445K [0x0000000700000000, 0x0000000800000000)
  region size 2048K, 3 young (6144K), 3 survivors (6144K)
 Metaspace       used 36460K, committed 37056K, reserved 1081344K
  class space    used 5018K, committed 5312K, reserved 1048576K
}
Event: 34.536 GC heap before
{Heap before GC invocations=36 (full 0):
 garbage-first heap   total 190464K, used 147941K [0x0000000700000000, 0x0000000800000000)
  region size 2048K, 55 young (112640K), 3 survivors (6144K)
 Metaspace       used 36461K, committed 37056K, reserved 1081344K
  class space    used 5018K, committed 5312K, reserved 1048576K
}
Event: 34.546 GC heap after
{Heap after GC invocations=37 (full 0):
 garbage-first heap   total 190464K, used 42135K [0x0000000700000000, 0x0000000800000000)
  region size 2048K, 3 young (6144K), 3 survivors (6144K)
 Metaspace       used 36461K, committed 37056K, reserved 1081344K
  class space    used 5018K, committed 5312K, reserved 1048576K
}
Event: 35.390 GC heap before
{Heap before GC invocations=37 (full 0):
 garbage-first heap   total 190464K, used 146583K [0x0000000700000000, 0x0000000800000000)
  region size 2048K, 55 young (112640K), 3 survivors (6144K)
 Metaspace       used 36474K, committed 37056K, reserved 1081344K
  class space    used 5018K, committed 5312K, reserved 1048576K
}
Event: 35.402 GC heap after
{Heap after GC invocations=38 (full 0):
 garbage-first heap   total 190464K, used 43104K [0x0000000700000000, 0x0000000800000000)
  region size 2048K, 4 young (8192K), 4 survivors (8192K)
 Metaspace       used 36474K, committed 37056K, reserved 1081344K
  class space    used 5018K, committed 5312K, reserved 1048576K
}
Event: 36.041 GC heap before
{Heap before GC invocations=38 (full 0):
 garbage-first heap   total 190464K, used 147552K [0x0000000700000000, 0x0000000800000000)
  region size 2048K, 55 young (112640K), 4 survivors (8192K)
 Metaspace       used 36477K, committed 37056K, reserved 1081344K
  class space    used 5018K, committed 5312K, reserved 1048576K
}

Deoptimization events (20 events):
Event: 35.620 Thread 0x0000015c819a3e70 DEOPT PACKING pc=0x0000015ce31b57f7 sp=0x0000002a548f4c10
Event: 35.620 Thread 0x0000015c819a3e70 DEOPT UNPACKING pc=0x0000015ce2222b43 sp=0x0000002a548f4340 mode 0
Event: 35.647 Thread 0x0000015c819a3e70 DEOPT PACKING pc=0x0000015ce31b57f7 sp=0x0000002a548f4c10
Event: 35.647 Thread 0x0000015c819a3e70 DEOPT UNPACKING pc=0x0000015ce2222b43 sp=0x0000002a548f4340 mode 0
Event: 35.725 Thread 0x0000015c819a3e70 DEOPT PACKING pc=0x0000015ce31b57f7 sp=0x0000002a548f4c10
Event: 35.726 Thread 0x0000015c819a3e70 DEOPT UNPACKING pc=0x0000015ce2222b43 sp=0x0000002a548f4340 mode 0
Event: 35.746 Thread 0x0000015c819a3e70 DEOPT PACKING pc=0x0000015ce31b4eb7 sp=0x0000002a548f4c10
Event: 35.746 Thread 0x0000015c819a3e70 DEOPT UNPACKING pc=0x0000015ce2222b43 sp=0x0000002a548f4340 mode 0
Event: 35.817 Thread 0x0000015c819a3e70 DEOPT PACKING pc=0x0000015ce31b57f7 sp=0x0000002a548f4c10
Event: 35.817 Thread 0x0000015c819a3e70 DEOPT UNPACKING pc=0x0000015ce2222b43 sp=0x0000002a548f4340 mode 0
Event: 35.846 Thread 0x0000015c819a3e70 DEOPT PACKING pc=0x0000015ce31b57f7 sp=0x0000002a548f4c10
Event: 35.846 Thread 0x0000015c819a3e70 DEOPT UNPACKING pc=0x0000015ce2222b43 sp=0x0000002a548f4340 mode 0
Event: 35.882 Thread 0x0000015c819a3e70 DEOPT PACKING pc=0x0000015ce31b4eb7 sp=0x0000002a548f4c10
Event: 35.882 Thread 0x0000015c819a3e70 DEOPT UNPACKING pc=0x0000015ce2222b43 sp=0x0000002a548f4340 mode 0
Event: 35.971 Thread 0x0000015c819a3e70 DEOPT PACKING pc=0x0000015ce31b57f7 sp=0x0000002a548f4c10
Event: 35.971 Thread 0x0000015c819a3e70 DEOPT UNPACKING pc=0x0000015ce2222b43 sp=0x0000002a548f4340 mode 0
Event: 35.985 Thread 0x0000015c819a3e70 DEOPT PACKING pc=0x0000015ce31b57f7 sp=0x0000002a548f4c10
Event: 35.985 Thread 0x0000015c819a3e70 DEOPT UNPACKING pc=0x0000015ce2222b43 sp=0x0000002a548f4340 mode 0
Event: 36.005 Thread 0x0000015c819a3e70 DEOPT PACKING pc=0x0000015ce31b4eb7 sp=0x0000002a548f4c10
Event: 36.005 Thread 0x0000015c819a3e70 DEOPT UNPACKING pc=0x0000015ce2222b43 sp=0x0000002a548f4340 mode 0

Classes unloaded (0 events):
No events

Classes redefined (0 events):
No events

Internal exceptions (20 events):
Event: 19.025 Thread 0x0000015c819a3e70 Exception <a 'java/lang/ClassNotFoundException'{0x00000007039a92c8}: org/gradle/plugin/use/internal/PluginRequestCollector$PluginDependenciesSpecImplBeanInfo> (0x00000007039a92c8) 
thrown [t:\workspace\open\src\hotspot\share\classfile\systemDictionary.cpp, line 256]
Event: 19.027 Thread 0x0000015c819a3e70 Exception <a 'java/lang/ClassNotFoundException'{0x00000007039b9b48}: org/gradle/plugin/use/internal/PluginRequestCollector$PluginDependenciesSpecImplCustomizer> (0x00000007039b9b48) 
thrown [t:\workspace\open\src\hotspot\share\classfile\systemDictionary.cpp, line 256]
Event: 19.042 Thread 0x0000015c819a3e70 Exception <a 'java/lang/ClassNotFoundException'{0x00000007039f9650}: org/gradle/plugin/use/internal/PluginRequestCollector$PluginDependencySpecImplBeanInfo> (0x00000007039f9650) 
thrown [t:\workspace\open\src\hotspot\share\classfile\systemDictionary.cpp, line 256]
Event: 19.058 Thread 0x0000015c819a3e70 Exception <a 'java/lang/ClassNotFoundException'{0x0000000707c0f310}: org/gradle/plugin/use/internal/PluginRequestCollector$PluginDependencySpecImplCustomizer> (0x0000000707c0f310) 
thrown [t:\workspace\open\src\hotspot\share\classfile\systemDictionary.cpp, line 256]
Event: 19.281 Thread 0x0000015c819a3e70 Exception <a 'java/lang/NoSuchMethodError'{0x00000007072c4740}: 'java.lang.Object java.lang.invoke.DirectMethodHandle$Holder.invokeSpecial(java.lang.Object, java.lang.Object, java.lang.Object, java.lang.Object, java.lang.Object, java.lang.Object, java.lang.Object, java.lang.Object, java.lang.Object, java.lang.Object)'> (0x00000007072c4740) 
thrown [t:\workspace\open\src\hotspot\share\interpreter\linkResolver.cpp, line 766]
Event: 19.284 Thread 0x0000015c819a3e70 Exception <a 'java/lang/NoSuchMethodError'{0x00000007072cdb10}: 'java.lang.Object java.lang.invoke.Invokers$Holder.invoker(java.lang.Object, java.lang.Object, java.lang.Object, java.lang.Object, java.lang.Object, java.lang.Object, java.lang.Object, java.lang.Object, java.lang.Object)'> (0x00000007072cdb10) 
thrown [t:\workspace\open\src\hotspot\share\interpreter\linkResolver.cpp, line 766]
Event: 19.323 Thread 0x0000015c819a3e70 Exception <a 'java/lang/NoSuchMethodError'{0x0000000707366a38}: 'java.lang.Object java.lang.invoke.Invokers$Holder.invoker(java.lang.Object, java.lang.Object, java.lang.Object, java.lang.Object)'> (0x0000000707366a38) 
thrown [t:\workspace\open\src\hotspot\share\interpreter\linkResolver.cpp, line 766]
Event: 19.386 Thread 0x0000015c819a3e70 Exception <a 'java/lang/NoSuchMethodError'{0x0000000707c75b28}: 'java.lang.Object java.lang.invoke.DelegatingMethodHandle$Holder.reinvoke_L(java.lang.Object, java.lang.Object, java.lang.Object, java.lang.Object, java.lang.Object, java.lang.Object, java.lang.Object, java.lang.Object, java.lang.Object, java.lang.Object, java.lang.Object, java.lang.Object, java.lang.Object, java.lang.Object, java.lang.Object, java.lang.Object, java.lang.Object, java.lang.Object, java.lang.Object, java.lang.Object, java.lang.O
Event: 19.388 Thread 0x0000015c819a3e70 Exception <a 'java/lang/NoSuchMethodError'{0x0000000707c81af0}: 'java.lang.Object java.lang.invoke.Invokers$Holder.invoker(java.lang.Object, java.lang.Object, java.lang.Object, java.lang.Object, java.lang.Object, java.lang.Object, java.lang.Object, java.lang.Object, java.lang.Object, java.lang.Object, java.lang.Object, java.lang.Object, java.lang.Object, java.lang.Object, java.lang.Object, java.lang.Object, java.lang.Object, java.lang.Object, java.lang.Object, java.lang.Object, java.lang.Object)'> (0x00000
Event: 19.390 Thread 0x0000015c819a3e70 Exception <a 'java/lang/NoSuchMethodError'{0x0000000707c88d20}: 'java.lang.Object java.lang.invoke.DelegatingMethodHandle$Holder.delegate(java.lang.Object, java.lang.Object, java.lang.Object, java.lang.Object, java.lang.Object, java.lang.Object, java.lang.Object, java.lang.Object, java.lang.Object, java.lang.Object, java.lang.Object, java.lang.Object, java.lang.Object, java.lang.Object, java.lang.Object, java.lang.Object, java.lang.Object, java.lang.Object, java.lang.Object, java.lang.Object, java.lang.Obj
Event: 19.428 Thread 0x0000015c819a3e70 Exception <a 'java/lang/NoSuchMethodError'{0x0000000707d149b0}: 'java.lang.Object java.lang.invoke.DirectMethodHandle$Holder.invokeStatic(java.lang.Object, java.lang.Object, java.lang.Object, java.lang.Object, java.lang.Object, java.lang.Object, java.lang.Object, java.lang.Object, java.lang.Object, java.lang.Object, java.lang.Object, java.lang.Object, java.lang.Object, java.lang.Object, java.lang.Object, java.lang.Object, java.lang.Object)'> (0x0000000707d149b0) 
thrown [t:\workspace\open\src\hotspot\share
Event: 19.435 Thread 0x0000015c819a3e70 Exception <a 'java/lang/NoSuchMethodError'{0x0000000707d3e4c8}: 'java.lang.Object java.lang.invoke.DirectMethodHandle$Holder.invokeStatic(java.lang.Object, java.lang.Object, java.lang.Object, java.lang.Object, java.lang.Object, java.lang.Object, java.lang.Object, java.lang.Object, java.lang.Object, java.lang.Object, java.lang.Object, java.lang.Object, java.lang.Object, java.lang.Object, java.lang.Object, java.lang.Object, java.lang.Object, java.lang.Object)'> (0x0000000707d3e4c8) 
thrown [t:\workspace\open
Event: 19.442 Thread 0x0000015c819a3e70 Exception <a 'java/lang/NoSuchMethodError'{0x0000000707d67060}: 'java.lang.Object java.lang.invoke.DirectMethodHandle$Holder.invokeStatic(java.lang.Object, java.lang.Object, java.lang.Object, java.lang.Object, java.lang.Object, java.lang.Object, java.lang.Object, java.lang.Object, java.lang.Object, java.lang.Object, java.lang.Object, java.lang.Object, java.lang.Object, java.lang.Object, java.lang.Object, java.lang.Object, java.lang.Object, java.lang.Object, java.lang.Object)'> (0x0000000707d67060) 
thrown 
Event: 19.449 Thread 0x0000015c819a3e70 Exception <a 'java/lang/NoSuchMethodError'{0x0000000707d90eb8}: 'java.lang.Object java.lang.invoke.DirectMethodHandle$Holder.invokeStatic(java.lang.Object, java.lang.Object, java.lang.Object, java.lang.Object, java.lang.Object, java.lang.Object, java.lang.Object, java.lang.Object, java.lang.Object, java.lang.Object, java.lang.Object, java.lang.Object, java.lang.Object, java.lang.Object, java.lang.Object, java.lang.Object, java.lang.Object, java.lang.Object, java.lang.Object, java.lang.Object)'> (0x00000007
Event: 19.456 Thread 0x0000015c819a3e70 Exception <a 'java/lang/NoSuchMethodError'{0x0000000707dbbd70}: 'java.lang.Object java.lang.invoke.DirectMethodHandle$Holder.invokeStatic(java.lang.Object, java.lang.Object, java.lang.Object, java.lang.Object, java.lang.Object, java.lang.Object, java.lang.Object, java.lang.Object, java.lang.Object, java.lang.Object, java.lang.Object, java.lang.Object, java.lang.Object, java.lang.Object, java.lang.Object, java.lang.Object, java.lang.Object, java.lang.Object, java.lang.Object, java.lang.Object, java.lang.Obj
Event: 19.463 Thread 0x0000015c819a3e70 Exception <a 'java/lang/NoSuchMethodError'{0x0000000707debb28}: 'java.lang.Object java.lang.invoke.DirectMethodHandle$Holder.invokeStatic(java.lang.Object, java.lang.Object, java.lang.Object, java.lang.Object, java.lang.Object, java.lang.Object, java.lang.Object, java.lang.Object, java.lang.Object, java.lang.Object, java.lang.Object, java.lang.Object, java.lang.Object, java.lang.Object, java.lang.Object, java.lang.Object, java.lang.Object, java.lang.Object, java.lang.Object, java.lang.Object, java.lang.Obj
Event: 19.470 Thread 0x0000015c819a3e70 Exception <a 'java/lang/NoSuchMethodError'{0x0000000707219318}: 'java.lang.Object java.lang.invoke.DirectMethodHandle$Holder.invokeStatic(java.lang.Object, java.lang.Object, java.lang.Object, java.lang.Object, java.lang.Object, java.lang.Object, java.lang.Object, java.lang.Object, java.lang.Object, java.lang.Object, java.lang.Object, java.lang.Object, java.lang.Object, java.lang.Object, java.lang.Object, java.lang.Object, java.lang.Object, java.lang.Object, java.lang.Object, java.lang.Object, java.lang.Obj
Event: 19.476 Thread 0x0000015c819a3e70 Exception <a 'java/lang/NoSuchMethodError'{0x0000000707247ef8}: 'java.lang.Object java.lang.invoke.DirectMethodHandle$Holder.invokeStatic(java.lang.Object, java.lang.Object, java.lang.Object, java.lang.Object, java.lang.Object, java.lang.Object, java.lang.Object, java.lang.Object, java.lang.Object, java.lang.Object, java.lang.Object, java.lang.Object, java.lang.Object, java.lang.Object, java.lang.Object, java.lang.Object, java.lang.Object, java.lang.Object, java.lang.Object, java.lang.Object, java.lang.Obj
Event: 19.811 Thread 0x0000015c819a3e70 Exception <a 'sun/nio/fs/WindowsException'{0x00000007044ba330}> (0x00000007044ba330) 
thrown [t:\workspace\open\src\hotspot\share\prims\jni.cpp, line 516]
Event: 30.972 Thread 0x0000015c819a3e70 Implicit null exception at 0x0000015ce9d1a2e0 to 0x0000015ce9d1a494

VM Operations (20 events):
Event: 30.529 Executing VM operation: G1CollectForAllocation done
Event: 31.058 Executing VM operation: G1CollectForAllocation
Event: 31.067 Executing VM operation: G1CollectForAllocation done
Event: 31.702 Executing VM operation: G1CollectForAllocation
Event: 31.710 Executing VM operation: G1CollectForAllocation done
Event: 32.246 Executing VM operation: G1CollectForAllocation
Event: 32.253 Executing VM operation: G1CollectForAllocation done
Event: 32.662 Executing VM operation: G1CollectForAllocation
Event: 32.670 Executing VM operation: G1CollectForAllocation done
Event: 33.138 Executing VM operation: G1CollectForAllocation
Event: 33.148 Executing VM operation: G1CollectForAllocation done
Event: 33.855 Executing VM operation: G1CollectForAllocation
Event: 33.865 Executing VM operation: G1CollectForAllocation done
Event: 34.447 Executing VM operation: HandshakeAllThreads
Event: 34.447 Executing VM operation: HandshakeAllThreads done
Event: 34.536 Executing VM operation: G1CollectForAllocation
Event: 34.546 Executing VM operation: G1CollectForAllocation done
Event: 35.390 Executing VM operation: G1CollectForAllocation
Event: 35.402 Executing VM operation: G1CollectForAllocation done
Event: 36.041 Executing VM operation: G1CollectForAllocation

Events (20 events):
Event: 23.757 Thread 0x0000015cfdb911e0 flushing nmethod 0x0000015ce306ee90
Event: 23.757 Thread 0x0000015cfdb911e0 flushing nmethod 0x0000015ce308b810
Event: 23.757 Thread 0x0000015cfdb911e0 flushing nmethod 0x0000015ce308c890
Event: 23.757 Thread 0x0000015cfdb911e0 flushing nmethod 0x0000015ce308fb10
Event: 23.757 Thread 0x0000015cfdb911e0 flushing nmethod 0x0000015ce30a1610
Event: 23.757 Thread 0x0000015cfdb911e0 flushing nmethod 0x0000015ce30a6a90
Event: 23.758 Thread 0x0000015cfdb911e0 flushing nmethod 0x0000015ce3150010
Event: 23.758 Thread 0x0000015cfdb911e0 flushing nmethod 0x0000015ce3153e90
Event: 23.758 Thread 0x0000015cfdb911e0 flushing nmethod 0x0000015ce3154690
Event: 23.758 Thread 0x0000015cfdb911e0 flushing nmethod 0x0000015ce3156f90
Event: 23.758 Thread 0x0000015cfdb911e0 flushing nmethod 0x0000015ce3157890
Event: 23.758 Thread 0x0000015cfdb911e0 flushing nmethod 0x0000015ce3162490
Event: 23.758 Thread 0x0000015cfdb911e0 flushing nmethod 0x0000015ce3174910
Event: 26.901 loading class java/util/regex/Pattern$Caret
Event: 26.902 loading class java/util/regex/Pattern$Caret done
Event: 31.687 loading class jdk/internal/access/foreign/MemorySegmentProxy
Event: 31.688 loading class jdk/internal/access/foreign/MemorySegmentProxy done
Event: 32.714 Thread 0x0000015c84115760 Thread exited: 0x0000015c84115760
Event: 34.464 Thread 0x0000015cfdb911e0 flushing nmethod 0x0000015ce30aab10
Event: 34.464 Thread 0x0000015cfdb911e0 flushing nmethod 0x0000015ce30fdd90


Dynamic libraries:
0x00007ff6214c0000 - 0x00007ff6214d0000 	C:\Program Files\Java\jdk-17.0.1\bin\java.exe
0x00007ffe28b00000 - 0x00007ffe28d63000 	C:\WINDOWS\SYSTEM32\ntdll.dll
0x00007ffe28000000 - 0x00007ffe280c8000 	C:\WINDOWS\System32\KERNEL32.DLL
0x00007ffe260f0000 - 0x00007ffe264a2000 	C:\WINDOWS\System32\KERNELBASE.dll
0x00007ffe22ae0000 - 0x00007ffe22b7c000 	C:\WINDOWS\SYSTEM32\apphelp.dll
0x00007ffe26810000 - 0x00007ffe2695b000 	C:\WINDOWS\System32\ucrtbase.dll
0x00007ffdf6090000 - 0x00007ffdf60a8000 	C:\Program Files\Java\jdk-17.0.1\bin\jli.dll
0x00007ffdf5870000 - 0x00007ffdf588a000 	C:\Program Files\Java\jdk-17.0.1\bin\VCRUNTIME140.dll
0x00007ffe282e0000 - 0x00007ffe28394000 	C:\WINDOWS\System32\ADVAPI32.dll
0x00007ffe274e0000 - 0x00007ffe27589000 	C:\WINDOWS\System32\msvcrt.dll
0x00007ffe284b0000 - 0x00007ffe28556000 	C:\WINDOWS\System32\sechost.dll
0x00007ffe281c0000 - 0x00007ffe282d6000 	C:\WINDOWS\System32\RPCRT4.dll
0x00007ffe276d0000 - 0x00007ffe27898000 	C:\WINDOWS\System32\USER32.dll
0x00007ffe267e0000 - 0x00007ffe26807000 	C:\WINDOWS\System32\win32u.dll
0x00007ffe0da90000 - 0x00007ffe0dd20000 	C:\WINDOWS\WinSxS\amd64_microsoft.windows.common-controls_6595b64144ccf1df_6.0.26100.2454_none_3e0b68a2e331ad60\COMCTL32.dll
0x00007ffe276a0000 - 0x00007ffe276ca000 	C:\WINDOWS\System32\GDI32.dll
0x00007ffe264b0000 - 0x00007ffe265db000 	C:\WINDOWS\System32\gdi32full.dll
0x00007ffe26730000 - 0x00007ffe267d3000 	C:\WINDOWS\System32\msvcp_win.dll
0x00007ffe20520000 - 0x00007ffe2052b000 	C:\WINDOWS\SYSTEM32\VERSION.dll
0x00007ffe27fc0000 - 0x00007ffe27fef000 	C:\WINDOWS\System32\IMM32.DLL
0x00007ffe1e6c0000 - 0x00007ffe1e6cc000 	C:\Program Files\Java\jdk-17.0.1\bin\vcruntime140_1.dll
0x00007ffdb20f0000 - 0x00007ffdb217d000 	C:\Program Files\Java\jdk-17.0.1\bin\msvcp140.dll
0x00007ffd7a2d0000 - 0x00007ffd7ae8e000 	C:\Program Files\Java\jdk-17.0.1\bin\server\jvm.dll
0x00007ffe283c0000 - 0x00007ffe283c8000 	C:\WINDOWS\System32\PSAPI.DLL
0x00007ffe10550000 - 0x00007ffe10586000 	C:\WINDOWS\SYSTEM32\WINMM.dll
0x00007ffe1fa10000 - 0x00007ffe1fa1a000 	C:\WINDOWS\SYSTEM32\WSOCK32.dll
0x00007ffe28560000 - 0x00007ffe285d4000 	C:\WINDOWS\System32\WS2_32.dll
0x00007ffe24cf0000 - 0x00007ffe24d0a000 	C:\WINDOWS\SYSTEM32\kernel.appcore.dll
0x00007ffe071b0000 - 0x00007ffe071ba000 	C:\Program Files\Java\jdk-17.0.1\bin\jimage.dll
0x00007ffe13920000 - 0x00007ffe13b61000 	C:\WINDOWS\SYSTEM32\DBGHELP.DLL
0x00007ffe26960000 - 0x00007ffe26cde000 	C:\WINDOWS\System32\combase.dll
0x00007ffe27c80000 - 0x00007ffe27d56000 	C:\WINDOWS\System32\OLEAUT32.dll
0x00007ffe12010000 - 0x00007ffe12049000 	C:\WINDOWS\SYSTEM32\dbgcore.DLL
0x00007ffe26050000 - 0x00007ffe260e9000 	C:\WINDOWS\System32\bcryptPrimitives.dll
0x00007ffde9990000 - 0x00007ffde99b5000 	C:\Program Files\Java\jdk-17.0.1\bin\java.dll
0x00007ffdad9b0000 - 0x00007ffdada86000 	C:\Program Files\Java\jdk-17.0.1\bin\svml.dll
0x00007ffe26da0000 - 0x00007ffe274a0000 	C:\WINDOWS\System32\SHELL32.dll
0x00007ffe23bc0000 - 0x00007ffe243f1000 	C:\WINDOWS\SYSTEM32\windows.storage.dll
0x00007ffe283d0000 - 0x00007ffe284aa000 	C:\WINDOWS\System32\SHCORE.dll
0x00007ffe27ac0000 - 0x00007ffe27b1d000 	C:\WINDOWS\System32\shlwapi.dll
0x00007ffe25de0000 - 0x00007ffe25e0e000 	C:\WINDOWS\SYSTEM32\profapi.dll
0x00007ffdf12b0000 - 0x00007ffdf12c9000 	C:\Program Files\Java\jdk-17.0.1\bin\net.dll
0x00007ffe20970000 - 0x00007ffe20a96000 	C:\WINDOWS\SYSTEM32\WINHTTP.dll
0x00007ffe25210000 - 0x00007ffe25278000 	C:\WINDOWS\system32\mswsock.dll
0x00007ffdf0cf0000 - 0x00007ffdf0d05000 	C:\Program Files\Java\jdk-17.0.1\bin\nio.dll
0x00007ffded440000 - 0x00007ffded458000 	C:\Program Files\Java\jdk-17.0.1\bin\zip.dll
0x00007ffe041f0000 - 0x00007ffe04200000 	C:\Program Files\Java\jdk-17.0.1\bin\verify.dll
0x00007ffdf1f20000 - 0x00007ffdf1f47000 	C:\Users\Praveen Chandra\.gradle\native\c067742578af261105cb4f569cf0c3c89f3d7b1fecec35dd04571415982c5e48\windows-amd64\native-platform.dll
0x00007ffdaa570000 - 0x00007ffdaa6b4000 	C:\Users\Praveen Chandra\.gradle\native\38dada09dfb8b06ba9b0570ebf7e218e3eb74d4ef43ca46872605cf95ebc2f47\windows-amd64\native-platform-file-events.dll
0x00007ffe03cd0000 - 0x00007ffe03cd9000 	C:\Program Files\Java\jdk-17.0.1\bin\management.dll
0x00007ffe03ba0000 - 0x00007ffe03bab000 	C:\Program Files\Java\jdk-17.0.1\bin\management_ext.dll
0x00007ffe254c0000 - 0x00007ffe254dc000 	C:\WINDOWS\SYSTEM32\CRYPTSP.dll
0x00007ffe24c50000 - 0x00007ffe24c88000 	C:\WINDOWS\system32\rsaenh.dll
0x00007ffe252b0000 - 0x00007ffe252db000 	C:\WINDOWS\SYSTEM32\USERENV.dll
0x00007ffe256f0000 - 0x00007ffe25716000 	C:\WINDOWS\SYSTEM32\bcrypt.dll
0x00007ffe254b0000 - 0x00007ffe254bc000 	C:\WINDOWS\SYSTEM32\CRYPTBASE.dll
0x00007ffe24700000 - 0x00007ffe24732000 	C:\WINDOWS\SYSTEM32\IPHLPAPI.DLL
0x00007ffe27ab0000 - 0x00007ffe27aba000 	C:\WINDOWS\System32\NSI.dll
0x00007ffe20940000 - 0x00007ffe2095e000 	C:\WINDOWS\SYSTEM32\dhcpcsvc6.DLL
0x00007ffe208e0000 - 0x00007ffe20905000 	C:\WINDOWS\SYSTEM32\dhcpcsvc.DLL
0x00007ffe247f0000 - 0x00007ffe24915000 	C:\WINDOWS\SYSTEM32\DNSAPI.dll
0x00007ffe03eb0000 - 0x00007ffe03ebe000 	C:\Program Files\Java\jdk-17.0.1\bin\sunmscapi.dll
0x00007ffe25ed0000 - 0x00007ffe26046000 	C:\WINDOWS\System32\CRYPT32.dll
0x00007ffe256b0000 - 0x00007ffe256e0000 	C:\WINDOWS\SYSTEM32\ncrypt.dll
0x00007ffe25660000 - 0x00007ffe2569f000 	C:\WINDOWS\SYSTEM32\NTASN1.dll
0x00007ffe03f50000 - 0x00007ffe03f58000 	C:\WINDOWS\system32\wshunix.dll

dbghelp: loaded successfully - version: 4.0.5 - missing functions: none
symbol engine: initialized successfully - sym options: 0x614 - pdb path: .;C:\Program Files\Java\jdk-17.0.1\bin;C:\WINDOWS\SYSTEM32;C:\WINDOWS\WinSxS\amd64_microsoft.windows.common-controls_6595b64144ccf1df_6.0.26100.2454_none_3e0b68a2e331ad60;C:\Program Files\Java\jdk-17.0.1\bin\server;C:\Users\Praveen Chandra\.gradle\native\c067742578af261105cb4f569cf0c3c89f3d7b1fecec35dd04571415982c5e48\windows-amd64;C:\Users\Praveen Chandra\.gradle\native\38dada09dfb8b06ba9b0570ebf7e218e3eb74d4ef43ca46872605cf95ebc2f47\windows-amd64

VM Arguments:
jvm_args: -XX:MaxMetaspaceSize=2G -XX:+HeapDumpOnOutOfMemoryError --add-opens=java.base/java.util=ALL-UNNAMED --add-opens=java.base/java.lang=ALL-UNNAMED --add-opens=java.base/java.lang.invoke=ALL-UNNAMED --add-opens=java.prefs/java.util.prefs=ALL-UNNAMED --add-opens=java.base/java.nio.charset=ALL-UNNAMED --add-opens=java.base/java.net=ALL-UNNAMED --add-opens=java.base/java.util.concurrent.atomic=ALL-UNNAMED -Xmx4G -Dfile.encoding=utf8 -Duser.country=IN -Duser.language=en -Duser.variant 
java_command: org.gradle.launcher.daemon.bootstrap.GradleDaemon 7.6.3
java_class_path (initial): C:\Users\Praveen Chandra\.gradle\wrapper\dists\gradle-7.6.3-all\aocdy2d2z8kodnny3rsumj8i8\gradle-7.6.3\lib\gradle-launcher-7.6.3.jar
Launcher Type: SUN_STANDARD

[Global flags]
     intx CICompilerCount                          = 4                                         {product} {ergonomic}
     uint ConcGCThreads                            = 3                                         {product} {ergonomic}
     uint G1ConcRefinementThreads                  = 10                                        {product} {ergonomic}
   size_t G1HeapRegionSize                         = 2097152                                   {product} {ergonomic}
    uintx GCDrainStackTargetSize                   = 64                                        {product} {ergonomic}
     bool HeapDumpOnOutOfMemoryError               = true                                   {manageable} {command line}
   size_t InitialHeapSize                          = 132120576                                 {product} {ergonomic}
   size_t MarkStackSize                            = 4194304                                   {product} {ergonomic}
   size_t MaxHeapSize                              = 4294967296                                {product} {command line}
   size_t MaxMetaspaceSize                         = 2147483648                                {product} {command line}
   size_t MaxNewSize                               = 2575302656                                {product} {ergonomic}
   size_t MinHeapDeltaBytes                        = 2097152                                   {product} {ergonomic}
   size_t MinHeapSize                              = 8388608                                   {product} {ergonomic}
    uintx NonNMethodCodeHeapSize                   = 5839372                                {pd product} {ergonomic}
    uintx NonProfiledCodeHeapSize                  = 122909434                              {pd product} {ergonomic}
    uintx ProfiledCodeHeapSize                     = 122909434                              {pd product} {ergonomic}
    uintx ReservedCodeCacheSize                    = 251658240                              {pd product} {ergonomic}
     bool SegmentedCodeCache                       = true                                      {product} {ergonomic}
   size_t SoftMaxHeapSize                          = 4294967296                             {manageable} {ergonomic}
     bool UseCompressedClassPointers               = true                           {product lp64_product} {ergonomic}
     bool UseCompressedOops                        = true                           {product lp64_product} {ergonomic}
     bool UseG1GC                                  = true                                      {product} {ergonomic}
     bool UseLargePagesIndividualAllocation        = false                                  {pd product} {ergonomic}

Logging:
Log output configuration:
 #0: stdout all=warning uptime,level,tags
 #1: stderr all=off uptime,level,tags

Environment Variables:
PATH=C:\Python311\Scripts\;C:\Python311\;C:\oraclexe\app\oracle\product\10.2.0\server\bin;C:\Program Files\Common Files\Oracle\Java\javapath;C:\Program Files (x86)\Common Files\Oracle\Java\java8path;C:\Program Files (x86)\Common Files\Oracle\Java\javapath;C:\Python310\Scripts\;C:\Python310\;C:\Windows\system32;C:\Windows;C:\Windows\System32\Wbem;C:\Windows\System32\WindowsPowerShell\v1.0\;C:\Windows\System32\OpenSSH\;C:\Program Files (x86)\NVIDIA Corporation\PhysX\Common;C:\Program Files\NVIDIA Corporation\NVIDIA NvDLISR;D:\src\flutter\platform-tools;D:\src\flutter\platforms;C:\WINDOWS\system32;C:\WINDOWS;C:\WINDOWS\System32\Wbem;C:\WINDOWS\System32\WindowsPowerShell\v1.0\;C:\WINDOWS\System32\OpenSSH\;C:\Program Files\Git\cmd;C:\Program Files\Java\jdk-17.0.1\bin;C:\ProgramData\chocolatey\bin;C:\Program Files\nodejs\;D:\src\flutter\bin;C:\Program Files\PuTTY\;C:\Program Files\dotnet\;C:\Users\Praveen Chandra\AppData\Local\Microsoft\WindowsApps;E:\Microsoft VS Code\bin;E:\MinGW\bin;D:\src\flutter\bin;D:\src\flutter\bin\cache\dart-sdk\bin;C:\Program Files\Java\jdk-17.0.1\bin;C:\Program Files\MongoDB\Server\6.0\bin;C:\Program Files\MongoDB\Server\6.0;C:\Users\Praveen Chandra\AppData\Roaming\npm;C:\Program Files\nodejs;C:\Users\Praveen Chandra\AppData\Local\pip;C:\Users\Praveen Chandra\.dotnet\tools;C:\Program Files\dotnet;C:\Program Files\CMake\bin;
USERNAME=Praveen Chandra
OS=Windows_NT
PROCESSOR_IDENTIFIER=Intel64 Family 6 Model 165 Stepping 2, GenuineIntel



---------------  S Y S T E M  ---------------

OS:
 Windows 10 , 64 bit Build 26100 (10.0.26100.2454)
OS uptime: 17 days 14:30 hours
Hyper-V role detected

CPU: total 12 (initial active 12) (6 cores per cpu, 2 threads per core) family 6 model 165 stepping 2 microcode 0xe2, cx8, cmov, fxsr, ht, mmx, 3dnowpref, sse, sse2, sse3, ssse3, sse4.1, sse4.2, popcnt, lzcnt, tsc, tscinvbit, avx, avx2, aes, erms, clmul, bmi1, bmi2, adx, fma, vzeroupper, clflush, clflushopt, hv

Memory: 4k page, system-wide physical 8013M (840M free)
TotalPageFile size 14541M (AvailPageFile size 46M)
current process WorkingSet (physical memory assigned to process): 361M, peak: 369M
current process commit charge ("private bytes"): 412M, peak: 459M

vm_info: Java HotSpot(TM) 64-Bit Server VM (17.0.1+12-LTS-39) for windows-amd64 JRE (17.0.1+12-LTS-39), built on Sep 27 2021 18:41:35 by "mach5one" with MS VC++ 16.8 (VS2019)

END.
