#
# There is insufficient memory for the Java Runtime Environment to continue.
# Native memory allocation (malloc) failed to allocate 1299776 bytes for Chunk::new
# Possible reasons:
#   The system is out of physical RAM or swap space
#   The process is running with CompressedOops enabled, and the Java Heap may be blocking the growth of the native heap
# Possible solutions:
#   Reduce memory load on the system
#   Increase physical memory or swap space
#   Check if swap backing store is full
#   Decrease Java heap size (-Xmx/-Xms)
#   Decrease number of Java threads
#   Decrease Java thread stack sizes (-Xss)
#   Set larger code cache with -XX:ReservedCodeCacheSize=
#   JVM is running with Zero Based Compressed Oops mode in which the Java heap is
#     placed in the first 32GB address space. The Java Heap base address is the
#     maximum limit for the native heap growth. Please use -XX:HeapBaseMinAddress
#     to set the Java Heap base and to place the Java Heap above 32GB virtual address.
# This output file may be truncated or incomplete.
#
#  Out of Memory Error (arena.cpp:189), pid=19080, tid=22836
#
# JRE version: Java(TM) SE Runtime Environment (17.0.1+12) (build 17.0.1+12-LTS-39)
# Java VM: Java HotSpot(TM) 64-Bit Server VM (17.0.1+12-LTS-39, mixed mode, sharing, tiered, compressed oops, compressed class ptrs, g1 gc, windows-amd64)
# No core dump will be written. Minidumps are not enabled by default on client versions of Windows
#

---------------  S U M M A R Y ------------

Command Line: -XX:MaxMetaspaceSize=2G -XX:+HeapDumpOnOutOfMemoryError --add-opens=java.base/java.util=ALL-UNNAMED --add-opens=java.base/java.lang=ALL-UNNAMED --add-opens=java.base/java.lang.invoke=ALL-UNNAMED --add-opens=java.prefs/java.util.prefs=ALL-UNNAMED --add-opens=java.base/java.nio.charset=ALL-UNNAMED --add-opens=java.base/java.net=ALL-UNNAMED --add-opens=java.base/java.util.concurrent.atomic=ALL-UNNAMED -Xmx4G -Dfile.encoding=utf8 -Duser.country=IN -Duser.language=en -Duser.variant org.gradle.launcher.daemon.bootstrap.GradleDaemon 7.6.3

Host: Intel(R) Core(TM) i7-10750H CPU @ 2.60GHz, 12 cores, 7G,  Windows 10 , 64 bit Build 26100 (10.0.26100.2454)
Time: Wed Jan 22 19:19:14 2025 India Standard Time elapsed time: 21.046531 seconds (0d 0h 0m 21s)

---------------  T H R E A D  ---------------

Current thread (0x000001dba54d5ec0):  JavaThread "C2 CompilerThread1" daemon [_thread_in_native, id=22836, stack(0x000000479f700000,0x000000479f800000)]


Current CompileTask:
C2:  21046 4582       4       org.objectweb.asm.MethodVisitor::visitFieldInsn (20 bytes)

Stack: [0x000000479f700000,0x000000479f800000]
Native frames: (J=compiled Java code, j=interpreted, Vv=VM code, C=native code)
V  [jvm.dll+0x66fa1a]
V  [jvm.dll+0x7ce5a4]
V  [jvm.dll+0x7cfd4e]
V  [jvm.dll+0x7d03b3]
V  [jvm.dll+0x242b05]
V  [jvm.dll+0xaa05b]
V  [jvm.dll+0xaa5ec]
V  [jvm.dll+0x35fa07]
V  [jvm.dll+0x1b9732]
V  [jvm.dll+0x215d49]
V  [jvm.dll+0x215011]
V  [jvm.dll+0x1a168d]
V  [jvm.dll+0x224848]
V  [jvm.dll+0x2229ac]
V  [jvm.dll+0x78435b]
V  [jvm.dll+0x77e91a]
V  [jvm.dll+0x66e845]
C  [ucrtbase.dll+0x14ea0]
C  [KERNEL32.DLL+0x2e8d7]
C  [ntdll.dll+0xdfbcc]


---------------  P R O C E S S  ---------------

Threads class SMR info:
_java_thread_list=0x000001dba5aa1ad0, length=39, elements={
0x000001dbfd604830, 0x000001dbffd57510, 0x000001dbffd57fd0, 0x000001dbffd6f010,
0x000001dbffd6f8d0, 0x000001dbffd70190, 0x000001dbffd71a60, 0x000001dbffd72650,
0x000001dbffd7e460, 0x000001dbffd7ed60, 0x000001dba1543040, 0x000001dba1546530,
0x000001dba2b89a60, 0x000001dba2b8c0e0, 0x000001dba2b8b270, 0x000001dba2b8b740,
0x000001dba2b8bc10, 0x000001dba2b8c5b0, 0x000001dba2b8ca80, 0x000001dba2b890c0,
0x000001dba2b89f30, 0x000001dba2b89590, 0x000001dba2b8a400, 0x000001dba2b8a8d0,
0x000001dba2b8ada0, 0x000001dba1888a40, 0x000001dba1889d80, 0x000001dba188a250,
0x000001dba18898b0, 0x000001dba188ba60, 0x000001dba188b590, 0x000001dba18893e0,
0x000001dba54d5ec0, 0x000001dba188a720, 0x000001dba18880a0, 0x000001dba188b0c0,
0x000001dba54d4060, 0x000001dba188dc10, 0x000001dba188ea80
}

Java Threads: ( => current thread )
  0x000001dbfd604830 JavaThread "main" [_thread_blocked, id=11584, stack(0x000000479c500000,0x000000479c600000)]
  0x000001dbffd57510 JavaThread "Reference Handler" daemon [_thread_blocked, id=26280, stack(0x000000479cc00000,0x000000479cd00000)]
  0x000001dbffd57fd0 JavaThread "Finalizer" daemon [_thread_blocked, id=840, stack(0x000000479cd00000,0x000000479ce00000)]
  0x000001dbffd6f010 JavaThread "Signal Dispatcher" daemon [_thread_blocked, id=29152, stack(0x000000479ce00000,0x000000479cf00000)]
  0x000001dbffd6f8d0 JavaThread "Attach Listener" daemon [_thread_blocked, id=28340, stack(0x000000479cf00000,0x000000479d000000)]
  0x000001dbffd70190 JavaThread "Service Thread" daemon [_thread_blocked, id=12224, stack(0x000000479d000000,0x000000479d100000)]
  0x000001dbffd71a60 JavaThread "Monitor Deflation Thread" daemon [_thread_blocked, id=13076, stack(0x000000479d100000,0x000000479d200000)]
  0x000001dbffd72650 JavaThread "C2 CompilerThread0" daemon [_thread_in_native, id=1944, stack(0x000000479d200000,0x000000479d300000)]
  0x000001dbffd7e460 JavaThread "C1 CompilerThread0" daemon [_thread_blocked, id=19972, stack(0x000000479d300000,0x000000479d400000)]
  0x000001dbffd7ed60 JavaThread "Sweeper thread" daemon [_thread_in_vm, id=4596, stack(0x000000479d400000,0x000000479d500000)]
  0x000001dba1543040 JavaThread "Common-Cleaner" daemon [_thread_blocked, id=25992, stack(0x000000479d500000,0x000000479d600000)]
  0x000001dba1546530 JavaThread "Notification Thread" daemon [_thread_blocked, id=28116, stack(0x000000479d600000,0x000000479d700000)]
  0x000001dba2b89a60 JavaThread "Daemon health stats" [_thread_blocked, id=8356, stack(0x000000479de00000,0x000000479df00000)]
  0x000001dba2b8c0e0 JavaThread "Incoming local TCP Connector on port 50576" [_thread_in_native, id=3628, stack(0x000000479d800000,0x000000479d900000)]
  0x000001dba2b8b270 JavaThread "Daemon periodic checks" [_thread_blocked, id=20336, stack(0x000000479df00000,0x000000479e000000)]
  0x000001dba2b8b740 JavaThread "Daemon" [_thread_blocked, id=18472, stack(0x000000479e000000,0x000000479e100000)]
  0x000001dba2b8bc10 JavaThread "Handler for socket connection from /127.0.0.1:50576 to /127.0.0.1:50577" [_thread_in_native, id=29132, stack(0x000000479e100000,0x000000479e200000)]
  0x000001dba2b8c5b0 JavaThread "Cancel handler" [_thread_blocked, id=31256, stack(0x000000479dd00000,0x000000479de00000)]
  0x000001dba2b8ca80 JavaThread "Daemon worker" [_thread_in_Java, id=31064, stack(0x000000479e200000,0x000000479e300000)]
  0x000001dba2b890c0 JavaThread "Asynchronous log dispatcher for DefaultDaemonConnection: socket connection from /127.0.0.1:50576 to /127.0.0.1:50577" [_thread_blocked, id=18572, stack(0x000000479e300000,0x000000479e400000)]
  0x000001dba2b89f30 JavaThread "Stdin handler" [_thread_blocked, id=9504, stack(0x000000479e400000,0x000000479e500000)]
  0x000001dba2b89590 JavaThread "Daemon client event forwarder" [_thread_blocked, id=23280, stack(0x000000479e500000,0x000000479e600000)]
  0x000001dba2b8a400 JavaThread "Cache worker for journal cache (C:\Users\Praveen Chandra\.gradle\caches\journal-1)" [_thread_blocked, id=30104, stack(0x000000479e600000,0x000000479e700000)]
  0x000001dba2b8a8d0 JavaThread "File lock request listener" [_thread_in_native, id=26112, stack(0x000000479e700000,0x000000479e800000)]
  0x000001dba2b8ada0 JavaThread "Cache worker for file hash cache (C:\Users\Praveen Chandra\.gradle\caches\7.6.3\fileHashes)" [_thread_blocked, id=14328, stack(0x000000479e900000,0x000000479ea00000)]
  0x000001dba1888a40 JavaThread "File watcher server" daemon [_thread_in_native, id=19008, stack(0x000000479ef00000,0x000000479f000000)]
  0x000001dba1889d80 JavaThread "File watcher consumer" daemon [_thread_blocked, id=29324, stack(0x000000479f000000,0x000000479f100000)]
  0x000001dba188a250 JavaThread "Cache worker for checksums cache (D:\Flutter\mac_doc\android\.gradle\7.6.3\checksums)" [_thread_blocked, id=5024, stack(0x000000479f100000,0x000000479f200000)]
  0x000001dba18898b0 JavaThread "Cache worker for cache directory md-rule (C:\Users\Praveen Chandra\.gradle\caches\7.6.3\md-rule)" [_thread_blocked, id=5548, stack(0x000000479f200000,0x000000479f300000)]
  0x000001dba188ba60 JavaThread "Cache worker for file content cache (C:\Users\Praveen Chandra\.gradle\caches\7.6.3\fileContent)" [_thread_blocked, id=17316, stack(0x000000479f300000,0x000000479f400000)]
  0x000001dba188b590 JavaThread "Cache worker for file hash cache (D:\Flutter\mac_doc\android\.gradle\7.6.3\fileHashes)" [_thread_blocked, id=17476, stack(0x000000479f600000,0x000000479f700000)]
  0x000001dba18893e0 JavaThread "Cache worker for cache directory md-supplier (C:\Users\Praveen Chandra\.gradle\caches\7.6.3\md-supplier)" [_thread_blocked, id=2592, stack(0x000000479e800000,0x000000479e900000)]
=>0x000001dba54d5ec0 JavaThread "C2 CompilerThread1" daemon [_thread_in_native, id=22836, stack(0x000000479f700000,0x000000479f800000)]
  0x000001dba188a720 JavaThread "Cache worker for execution history cache (C:\Users\Praveen Chandra\.gradle\caches\7.6.3\executionHistory)" [_thread_blocked, id=19884, stack(0x000000479f900000,0x000000479fa00000)]
  0x000001dba18880a0 JavaThread "jar transforms" [_thread_blocked, id=29392, stack(0x000000479f800000,0x000000479f900000)]
  0x000001dba188b0c0 JavaThread "jar transforms Thread 2" [_thread_blocked, id=24964, stack(0x000000479fa00000,0x000000479fb00000)]
  0x000001dba54d4060 JavaThread "C2 CompilerThread2" daemon [_thread_in_native, id=2432, stack(0x000000479fb00000,0x000000479fc00000)]
  0x000001dba188dc10 JavaThread "jar transforms Thread 3" [_thread_blocked, id=12284, stack(0x000000479fc00000,0x000000479fd00000)]
  0x000001dba188ea80 JavaThread "Cache worker for kotlin-dsl (C:\Users\Praveen Chandra\.gradle\caches\7.6.3\kotlin-dsl)" [_thread_blocked, id=1816, stack(0x000000479fd00000,0x000000479fe00000)]

Other Threads:
  0x000001dbffd51ec0 VMThread "VM Thread" [stack: 0x000000479cb00000,0x000000479cc00000] [id=25864]
  0x000001dbfd676ae0 WatcherThread [stack: 0x000000479d700000,0x000000479d800000] [id=11076]
  0x000001dbfd655e00 GCTaskThread "GC Thread#0" [stack: 0x000000479c600000,0x000000479c700000] [id=24968]
  0x000001dba1b4a4f0 GCTaskThread "GC Thread#1" [stack: 0x000000479d900000,0x000000479da00000] [id=9968]
  0x000001dba1969fd0 GCTaskThread "GC Thread#2" [stack: 0x000000479da00000,0x000000479db00000] [id=30928]
  0x000001dba1d0be20 GCTaskThread "GC Thread#3" [stack: 0x000000479db00000,0x000000479dc00000] [id=2576]
  0x000001dba1fe9890 GCTaskThread "GC Thread#4" [stack: 0x000000479dc00000,0x000000479dd00000] [id=28528]
  0x000001dba2df5eb0 GCTaskThread "GC Thread#5" [stack: 0x000000479ea00000,0x000000479eb00000] [id=16040]
  0x000001dba2b345d0 GCTaskThread "GC Thread#6" [stack: 0x000000479eb00000,0x000000479ec00000] [id=19344]
  0x000001dba16a7750 GCTaskThread "GC Thread#7" [stack: 0x000000479ec00000,0x000000479ed00000] [id=29400]
  0x000001dba2998300 GCTaskThread "GC Thread#8" [stack: 0x000000479ed00000,0x000000479ee00000] [id=23296]
  0x000001dba2a40040 GCTaskThread "GC Thread#9" [stack: 0x000000479ee00000,0x000000479ef00000] [id=13324]
  0x000001dbfd666c50 ConcurrentGCThread "G1 Main Marker" [stack: 0x000000479c700000,0x000000479c800000] [id=22204]
  0x000001dbfd668240 ConcurrentGCThread "G1 Conc#0" [stack: 0x000000479c800000,0x000000479c900000] [id=30072]
  0x000001dba2a3fae0 ConcurrentGCThread "G1 Conc#1" [stack: 0x000000479f400000,0x000000479f500000] [id=8840]
  0x000001dba2a405a0 ConcurrentGCThread "G1 Conc#2" [stack: 0x000000479f500000,0x000000479f600000] [id=16944]
  0x000001dbffc156f0 ConcurrentGCThread "G1 Refine#0" [stack: 0x000000479c900000,0x000000479ca00000] [id=2804]
  0x000001dbfd6b3050 ConcurrentGCThread "G1 Service" [stack: 0x000000479ca00000,0x000000479cb00000] [id=9176]

Threads with active compile tasks:
C2 CompilerThread0    22140 4655       4       org.objectweb.asm.ClassReader::computeImplicitFrame (375 bytes)
C2 CompilerThread1    22140 4582       4       org.objectweb.asm.MethodVisitor::visitFieldInsn (20 bytes)
C2 CompilerThread2    22140 4590       4       org.objectweb.asm.commons.MethodRemapper::visitMethodInsn (65 bytes)

VM state: not at safepoint (normal execution)

VM Mutex/Monitor currently owned by a thread:  ([mutex/lock_event])
[0x000001dbfd603710] CompiledIC_lock - owner thread: 0x0000000000000000

Heap address: 0x0000000700000000, size: 4096 MB, Compressed Oops mode: Zero based, Oop shift amount: 3

CDS archive(s) mapped at: [0x0000000800000000-0x0000000800bc0000-0x0000000800bc0000), size 12320768, SharedBaseAddress: 0x0000000800000000, ArchiveRelocationMode: 0.
Compressed class space mapped at: 0x0000000800c00000-0x0000000840c00000, reserved size: 1073741824
Narrow klass base: 0x0000000800000000, Narrow klass shift: 0, Narrow klass range: 0x100000000

GC Precious Log:
 CPUs: 12 total, 12 available
 Memory: 8013M
 Large Page Support: Disabled
 NUMA Support: Disabled
 Compressed Oops: Enabled (Zero based)
 Heap Region Size: 2M
 Heap Min Capacity: 8M
 Heap Initial Capacity: 126M
 Heap Max Capacity: 4G
 Pre-touch: Disabled
 Parallel Workers: 10
 Concurrent Workers: 3
 Concurrent Refinement Workers: 10
 Periodic GC: Disabled

Heap:
 garbage-first heap   total 182272K, used 69771K [0x0000000700000000, 0x0000000800000000)
  region size 2048K, 21 young (43008K), 2 survivors (4096K)
 Metaspace       used 34441K, committed 34880K, reserved 1081344K
  class space    used 4758K, committed 4928K, reserved 1048576K

Heap Regions: E=young(eden), S=young(survivor), O=old, HS=humongous(starts), HC=humongous(continues), CS=collection set, F=free, OA=open archive, CA=closed archive, TAMS=top-at-mark-start (previous, next)
|   0|0x0000000700000000, 0x0000000700200000, 0x0000000700200000|100%|HS|  |TAMS 0x0000000700200000, 0x0000000700000000| Complete 
|   1|0x0000000700200000, 0x0000000700400000, 0x0000000700400000|100%|HC|  |TAMS 0x0000000700400000, 0x0000000700200000| Complete 
|   2|0x0000000700400000, 0x0000000700600000, 0x0000000700600000|100%| O|  |TAMS 0x0000000700600000, 0x0000000700400000| Untracked 
|   3|0x0000000700600000, 0x0000000700800000, 0x0000000700800000|100%| O|  |TAMS 0x0000000700800000, 0x0000000700600000| Untracked 
|   4|0x0000000700800000, 0x0000000700a00000, 0x0000000700a00000|100%| O|  |TAMS 0x00000007009f2600, 0x0000000700800000| Untracked 
|   5|0x0000000700a00000, 0x0000000700c00000, 0x0000000700c00000|100%| O|  |TAMS 0x0000000700a00000, 0x0000000700a00000| Untracked 
|   6|0x0000000700c00000, 0x0000000700e00000, 0x0000000700e00000|100%| O|  |TAMS 0x0000000700c00000, 0x0000000700c00000| Untracked 
|   7|0x0000000700e00000, 0x0000000701000000, 0x0000000701000000|100%| O|  |TAMS 0x0000000700e00000, 0x0000000700e00000| Untracked 
|   8|0x0000000701000000, 0x0000000701200000, 0x0000000701200000|100%| O|  |TAMS 0x0000000701000000, 0x0000000701000000| Untracked 
|   9|0x0000000701200000, 0x0000000701400000, 0x0000000701400000|100%| O|  |TAMS 0x0000000701200000, 0x0000000701200000| Untracked 
|  10|0x0000000701400000, 0x0000000701600000, 0x0000000701600000|100%| O|  |TAMS 0x0000000701400000, 0x0000000701400000| Untracked 
|  11|0x0000000701600000, 0x0000000701800000, 0x0000000701800000|100%| O|  |TAMS 0x0000000701600000, 0x0000000701600000| Untracked 
|  12|0x0000000701800000, 0x0000000701a00000, 0x0000000701a00000|100%| O|  |TAMS 0x0000000701800000, 0x0000000701800000| Untracked 
|  13|0x0000000701a00000, 0x0000000701c00000, 0x0000000701c00000|100%| O|  |TAMS 0x0000000701a00000, 0x0000000701a00000| Untracked 
|  14|0x0000000701c00000, 0x0000000701d72800, 0x0000000701e00000| 72%| O|  |TAMS 0x0000000701c00000, 0x0000000701c00000| Untracked 
|  15|0x0000000701e00000, 0x0000000701e00000, 0x0000000702000000|  0%| F|  |TAMS 0x0000000701e00000, 0x0000000701e00000| Untracked 
|  16|0x0000000702000000, 0x0000000702000000, 0x0000000702200000|  0%| F|  |TAMS 0x0000000702000000, 0x0000000702000000| Untracked 
|  17|0x0000000702200000, 0x0000000702200000, 0x0000000702400000|  0%| F|  |TAMS 0x0000000702200000, 0x0000000702200000| Untracked 
|  18|0x0000000702400000, 0x0000000702400000, 0x0000000702600000|  0%| F|  |TAMS 0x0000000702400000, 0x0000000702400000| Untracked 
|  19|0x0000000702600000, 0x0000000702600000, 0x0000000702800000|  0%| F|  |TAMS 0x0000000702600000, 0x0000000702600000| Untracked 
|  20|0x0000000702800000, 0x0000000702800000, 0x0000000702a00000|  0%| F|  |TAMS 0x0000000702800000, 0x0000000702800000| Untracked 
|  21|0x0000000702a00000, 0x0000000702a00000, 0x0000000702c00000|  0%| F|  |TAMS 0x0000000702a00000, 0x0000000702a00000| Untracked 
|  22|0x0000000702c00000, 0x0000000702c00000, 0x0000000702e00000|  0%| F|  |TAMS 0x0000000702c00000, 0x0000000702c00000| Untracked 
|  23|0x0000000702e00000, 0x0000000702e00000, 0x0000000703000000|  0%| F|  |TAMS 0x0000000702e00000, 0x0000000702e00000| Untracked 
|  24|0x0000000703000000, 0x0000000703000000, 0x0000000703200000|  0%| F|  |TAMS 0x0000000703000000, 0x0000000703000000| Untracked 
|  25|0x0000000703200000, 0x0000000703200000, 0x0000000703400000|  0%| F|  |TAMS 0x0000000703200000, 0x0000000703200000| Untracked 
|  26|0x0000000703400000, 0x0000000703400000, 0x0000000703600000|  0%| F|  |TAMS 0x0000000703400000, 0x0000000703400000| Untracked 
|  27|0x0000000703600000, 0x0000000703600000, 0x0000000703800000|  0%| F|  |TAMS 0x0000000703600000, 0x0000000703600000| Untracked 
|  28|0x0000000703800000, 0x0000000703800000, 0x0000000703a00000|  0%| F|  |TAMS 0x0000000703800000, 0x0000000703800000| Untracked 
|  29|0x0000000703a00000, 0x0000000703a00000, 0x0000000703c00000|  0%| F|  |TAMS 0x0000000703a00000, 0x0000000703a00000| Untracked 
|  30|0x0000000703c00000, 0x0000000703c00000, 0x0000000703e00000|  0%| F|  |TAMS 0x0000000703c00000, 0x0000000703c00000| Untracked 
|  31|0x0000000703e00000, 0x0000000703e00000, 0x0000000704000000|  0%| F|  |TAMS 0x0000000703e00000, 0x0000000703e00000| Untracked 
|  32|0x0000000704000000, 0x0000000704000000, 0x0000000704200000|  0%| F|  |TAMS 0x0000000704000000, 0x0000000704000000| Untracked 
|  33|0x0000000704200000, 0x0000000704200000, 0x0000000704400000|  0%| F|  |TAMS 0x0000000704200000, 0x0000000704200000| Untracked 
|  34|0x0000000704400000, 0x00000007044b06b8, 0x0000000704600000| 34%| S|CS|TAMS 0x0000000704400000, 0x0000000704400000| Complete 
|  35|0x0000000704600000, 0x0000000704800000, 0x0000000704800000|100%| S|CS|TAMS 0x0000000704600000, 0x0000000704600000| Complete 
|  36|0x0000000704800000, 0x0000000704800000, 0x0000000704a00000|  0%| F|  |TAMS 0x0000000704800000, 0x0000000704800000| Untracked 
|  37|0x0000000704a00000, 0x0000000704a00000, 0x0000000704c00000|  0%| F|  |TAMS 0x0000000704a00000, 0x0000000704a00000| Untracked 
|  38|0x0000000704c00000, 0x0000000704c00000, 0x0000000704e00000|  0%| F|  |TAMS 0x0000000704c00000, 0x0000000704c00000| Untracked 
|  39|0x0000000704e00000, 0x0000000704e00000, 0x0000000705000000|  0%| F|  |TAMS 0x0000000704e00000, 0x0000000704e00000| Untracked 
|  40|0x0000000705000000, 0x0000000705000000, 0x0000000705200000|  0%| F|  |TAMS 0x0000000705000000, 0x0000000705000000| Untracked 
|  41|0x0000000705200000, 0x0000000705200000, 0x0000000705400000|  0%| F|  |TAMS 0x0000000705200000, 0x0000000705200000| Untracked 
|  42|0x0000000705400000, 0x0000000705400000, 0x0000000705600000|  0%| F|  |TAMS 0x0000000705400000, 0x0000000705400000| Untracked 
|  43|0x0000000705600000, 0x0000000705600000, 0x0000000705800000|  0%| F|  |TAMS 0x0000000705600000, 0x0000000705600000| Untracked 
|  44|0x0000000705800000, 0x0000000705800000, 0x0000000705a00000|  0%| F|  |TAMS 0x0000000705800000, 0x0000000705800000| Untracked 
|  45|0x0000000705a00000, 0x0000000705a00000, 0x0000000705c00000|  0%| F|  |TAMS 0x0000000705a00000, 0x0000000705a00000| Untracked 
|  46|0x0000000705c00000, 0x0000000705c00000, 0x0000000705e00000|  0%| F|  |TAMS 0x0000000705c00000, 0x0000000705c00000| Untracked 
|  47|0x0000000705e00000, 0x0000000705e00000, 0x0000000706000000|  0%| F|  |TAMS 0x0000000705e00000, 0x0000000705e00000| Untracked 
|  48|0x0000000706000000, 0x0000000706000000, 0x0000000706200000|  0%| F|  |TAMS 0x0000000706000000, 0x0000000706000000| Untracked 
|  49|0x0000000706200000, 0x0000000706200000, 0x0000000706400000|  0%| F|  |TAMS 0x0000000706200000, 0x0000000706200000| Untracked 
|  50|0x0000000706400000, 0x0000000706400000, 0x0000000706600000|  0%| F|  |TAMS 0x0000000706400000, 0x0000000706400000| Untracked 
|  51|0x0000000706600000, 0x0000000706600000, 0x0000000706800000|  0%| F|  |TAMS 0x0000000706600000, 0x0000000706600000| Untracked 
|  52|0x0000000706800000, 0x0000000706800000, 0x0000000706a00000|  0%| F|  |TAMS 0x0000000706800000, 0x0000000706800000| Untracked 
|  53|0x0000000706a00000, 0x0000000706a00000, 0x0000000706c00000|  0%| F|  |TAMS 0x0000000706a00000, 0x0000000706a00000| Untracked 
|  54|0x0000000706c00000, 0x0000000706c00000, 0x0000000706e00000|  0%| F|  |TAMS 0x0000000706c00000, 0x0000000706c00000| Untracked 
|  55|0x0000000706e00000, 0x0000000706e00000, 0x0000000707000000|  0%| F|  |TAMS 0x0000000706e00000, 0x0000000706e00000| Untracked 
|  56|0x0000000707000000, 0x0000000707000000, 0x0000000707200000|  0%| F|  |TAMS 0x0000000707000000, 0x0000000707000000| Untracked 
|  57|0x0000000707200000, 0x0000000707200000, 0x0000000707400000|  0%| F|  |TAMS 0x0000000707200000, 0x0000000707200000| Untracked 
|  58|0x0000000707400000, 0x0000000707400000, 0x0000000707600000|  0%| F|  |TAMS 0x0000000707400000, 0x0000000707400000| Untracked 
|  59|0x0000000707600000, 0x0000000707600000, 0x0000000707800000|  0%| F|  |TAMS 0x0000000707600000, 0x0000000707600000| Untracked 
|  60|0x0000000707800000, 0x0000000707800000, 0x0000000707a00000|  0%| F|  |TAMS 0x0000000707800000, 0x0000000707800000| Untracked 
|  61|0x0000000707a00000, 0x0000000707a00000, 0x0000000707c00000|  0%| F|  |TAMS 0x0000000707a00000, 0x0000000707a00000| Untracked 
|  62|0x0000000707c00000, 0x0000000707c00000, 0x0000000707e00000|  0%| F|  |TAMS 0x0000000707c00000, 0x0000000707c00000| Untracked 
|  63|0x0000000707e00000, 0x0000000707e00000, 0x0000000708000000|  0%| F|  |TAMS 0x0000000707e00000, 0x0000000707e00000| Untracked 
|  64|0x0000000708000000, 0x0000000708000000, 0x0000000708200000|  0%| F|  |TAMS 0x0000000708000000, 0x0000000708000000| Untracked 
|  65|0x0000000708200000, 0x0000000708200000, 0x0000000708400000|  0%| F|  |TAMS 0x0000000708200000, 0x0000000708200000| Untracked 
|  66|0x0000000708400000, 0x0000000708400000, 0x0000000708600000|  0%| F|  |TAMS 0x0000000708400000, 0x0000000708400000| Untracked 
|  67|0x0000000708600000, 0x0000000708600000, 0x0000000708800000|  0%| F|  |TAMS 0x0000000708600000, 0x0000000708600000| Untracked 
|  68|0x0000000708800000, 0x0000000708800000, 0x0000000708a00000|  0%| F|  |TAMS 0x0000000708800000, 0x0000000708800000| Untracked 
|  69|0x0000000708a00000, 0x0000000708a00000, 0x0000000708c00000|  0%| F|  |TAMS 0x0000000708a00000, 0x0000000708a00000| Untracked 
|  70|0x0000000708c00000, 0x0000000708d00800, 0x0000000708e00000| 50%| E|  |TAMS 0x0000000708c00000, 0x0000000708c00000| Complete 
|  71|0x0000000708e00000, 0x0000000709000000, 0x0000000709000000|100%| E|CS|TAMS 0x0000000708e00000, 0x0000000708e00000| Complete 
|  72|0x0000000709000000, 0x0000000709200000, 0x0000000709200000|100%| E|CS|TAMS 0x0000000709000000, 0x0000000709000000| Complete 
|  73|0x0000000709200000, 0x0000000709400000, 0x0000000709400000|100%| E|CS|TAMS 0x0000000709200000, 0x0000000709200000| Complete 
|  74|0x0000000709400000, 0x0000000709600000, 0x0000000709600000|100%| E|CS|TAMS 0x0000000709400000, 0x0000000709400000| Complete 
|  75|0x0000000709600000, 0x0000000709800000, 0x0000000709800000|100%| E|CS|TAMS 0x0000000709600000, 0x0000000709600000| Complete 
|  76|0x0000000709800000, 0x0000000709a00000, 0x0000000709a00000|100%| E|CS|TAMS 0x0000000709800000, 0x0000000709800000| Complete 
|  77|0x0000000709a00000, 0x0000000709c00000, 0x0000000709c00000|100%| E|CS|TAMS 0x0000000709a00000, 0x0000000709a00000| Complete 
|  78|0x0000000709c00000, 0x0000000709e00000, 0x0000000709e00000|100%| E|CS|TAMS 0x0000000709c00000, 0x0000000709c00000| Complete 
|  79|0x0000000709e00000, 0x000000070a000000, 0x000000070a000000|100%| E|CS|TAMS 0x0000000709e00000, 0x0000000709e00000| Complete 
|  80|0x000000070a000000, 0x000000070a200000, 0x000000070a200000|100%| E|CS|TAMS 0x000000070a000000, 0x000000070a000000| Complete 
|  81|0x000000070a200000, 0x000000070a400000, 0x000000070a400000|100%| E|CS|TAMS 0x000000070a200000, 0x000000070a200000| Complete 
|  82|0x000000070a400000, 0x000000070a600000, 0x000000070a600000|100%| E|CS|TAMS 0x000000070a400000, 0x000000070a400000| Complete 
|  83|0x000000070a600000, 0x000000070a800000, 0x000000070a800000|100%| E|CS|TAMS 0x000000070a600000, 0x000000070a600000| Complete 
|  84|0x000000070a800000, 0x000000070aa00000, 0x000000070aa00000|100%| E|CS|TAMS 0x000000070a800000, 0x000000070a800000| Complete 
|  85|0x000000070aa00000, 0x000000070ac00000, 0x000000070ac00000|100%| E|CS|TAMS 0x000000070aa00000, 0x000000070aa00000| Complete 
|  86|0x000000070ac00000, 0x000000070ae00000, 0x000000070ae00000|100%| E|CS|TAMS 0x000000070ac00000, 0x000000070ac00000| Complete 
|  87|0x000000070ae00000, 0x000000070b000000, 0x000000070b000000|100%| E|CS|TAMS 0x000000070ae00000, 0x000000070ae00000| Complete 
|  88|0x000000070b000000, 0x000000070b200000, 0x000000070b200000|100%| E|CS|TAMS 0x000000070b000000, 0x000000070b000000| Complete 

Card table byte_map: [0x000001dbfe410000,0x000001dbfec10000] _byte_map_base: 0x000001dbfac10000

Marking Bits (Prev, Next): (CMBitMap*) 0x000001dbfd656360, (CMBitMap*) 0x000001dbfd656320
 Prev Bits: [0x000001db9a730000, 0x000001db9e730000)
 Next Bits: [0x000001db96730000, 0x000001db9a730000)

Polling page: 0x000001dbfb290000

Metaspace:

Usage:
  Non-class:     28.99 MB used.
      Class:      4.65 MB used.
       Both:     33.63 MB used.

Virtual space:
  Non-class space:       32.00 MB reserved,      29.25 MB ( 91%) committed,  4 nodes.
      Class space:        1.00 GB reserved,       4.81 MB ( <1%) committed,  1 nodes.
             Both:        1.03 GB reserved,      34.06 MB (  3%) committed. 

Chunk freelists:
   Non-Class:  2.72 MB
       Class:  3.12 MB
        Both:  5.84 MB

MaxMetaspaceSize: 2.00 GB
CompressedClassSpaceSize: 1.00 GB
Initial GC threshold: 21.00 MB
Current GC threshold: 35.25 MB
CDS: on
MetaspaceReclaimPolicy: balanced
 - commit_granule_bytes: 65536.
 - commit_granule_words: 8192.
 - virtual_space_node_default_size: 1048576.
 - enlarge_chunks_in_place: 1.
 - new_chunks_are_fully_committed: 0.
 - uncommit_free_chunks: 1.
 - use_allocation_guard: 0.
 - handle_deallocations: 1.


Internal statistics:

num_allocs_failed_limit: 3.
num_arena_births: 472.
num_arena_deaths: 0.
num_vsnodes_births: 5.
num_vsnodes_deaths: 0.
num_space_committed: 545.
num_space_uncommitted: 0.
num_chunks_returned_to_freelist: 3.
num_chunks_taken_from_freelist: 1714.
num_chunk_merges: 3.
num_chunk_splits: 1151.
num_chunks_enlarged: 801.
num_purges: 0.
num_inconsistent_stats: 0.

CodeHeap 'non-profiled nmethods': size=120000Kb used=2655Kb max_used=3016Kb free=117344Kb
 bounds [0x000001db8f200000, 0x000001db8f500000, 0x000001db96730000]
CodeHeap 'profiled nmethods': size=120000Kb used=8552Kb max_used=9724Kb free=111447Kb
 bounds [0x000001db87cd0000, 0x000001db88650000, 0x000001db8f200000]
CodeHeap 'non-nmethods': size=5760Kb used=2291Kb max_used=2384Kb free=3469Kb
 bounds [0x000001db87730000, 0x000001db879a0000, 0x000001db87cd0000]
 total_blobs=4955 nmethods=4157 adapters=709
 compilation: enabled
              stopped_count=0, restarted_count=0
 full_count=0

Compilation events (20 events):
Event: 18.416 Thread 0x000001dba54d5ec0 4628       4       org.objectweb.asm.Frame::getAbstractTypeFromDescriptor (415 bytes)
Event: 18.502 Thread 0x000001dba54d5ec0 nmethod 4628 0x000001db8f4d8190 code [0x000001db8f4d83c0, 0x000001db8f4d96f0]
Event: 18.502 Thread 0x000001dba54d5ec0 4260       4       org.objectweb.asm.ClassReader::readShort (27 bytes)
Event: 18.505 Thread 0x000001dba54d5ec0 nmethod 4260 0x000001db8f4da190 code [0x000001db8f4da300, 0x000001db8f4da3f8]
Event: 18.505 Thread 0x000001dba54d5ec0 4582       4       org.objectweb.asm.MethodVisitor::visitFieldInsn (20 bytes)
Event: 18.569 Thread 0x000001dbffd7e460 4631       2       org.objectweb.asm.Frame::getAbstractTypeFromDescriptor (415 bytes)
Event: 18.574 Thread 0x000001dbffd7e460 nmethod 4631 0x000001db88646690 code [0x000001db88646920, 0x000001db88647378]
Event: 19.198 Thread 0x000001dbffd7e460 4633       2       java.lang.invoke.DirectMethodHandle$Holder::invokeStatic (14 bytes)
Event: 19.198 Thread 0x000001dbffd7e460 nmethod 4633 0x000001db88647a10 code [0x000001db88647bc0, 0x000001db88647d18]
Event: 19.198 Thread 0x000001dbffd7e460 4634       2       java.lang.invoke.DirectMethodHandle$Holder::invokeStatic (17 bytes)
Event: 19.198 Thread 0x000001dbffd7e460 nmethod 4634 0x000001db88647e10 code [0x000001db88647fc0, 0x000001db88648118]
Event: 19.198 Thread 0x000001dbffd7e460 4635       1       javax.management.ObjectName::getCanonicalName (5 bytes)
Event: 19.198 Thread 0x000001dbffd7e460 nmethod 4635 0x000001db8f4da510 code [0x000001db8f4da6a0, 0x000001db8f4da778]
Event: 19.804 Thread 0x000001dbffd7e460 4637       3       org.objectweb.asm.Type::hashCode (68 bytes)
Event: 19.807 Thread 0x000001dbffd7e460 nmethod 4637 0x000001db88648210 code [0x000001db88648420, 0x000001db88648b58]
Event: 20.015 Thread 0x000001dbffd7e460 4640       2       org.objectweb.asm.commons.AnnotationRemapper::visitEnum (19 bytes)
Event: 20.016 Thread 0x000001dbffd7e460 nmethod 4640 0x000001db88648e90 code [0x000001db88649060, 0x000001db88649298]
Event: 20.016 Thread 0x000001dbffd7e460 4641       2       org.objectweb.asm.AnnotationVisitor::visitEnum (18 bytes)
Event: 20.017 Thread 0x000001dbffd7e460 nmethod 4641 0x000001db88649510 code [0x000001db886496a0, 0x000001db886497e8]
Event: 20.065 Thread 0x000001dbffd7e460 4642       2       java.lang.StringUTF16::putChar (54 bytes)

GC Heap History (20 events):
Event: 12.424 GC heap before
{Heap before GC invocations=5 (full 0):
 garbage-first heap   total 90112K, used 69162K [0x0000000700000000, 0x0000000800000000)
  region size 2048K, 26 young (53248K), 2 survivors (4096K)
 Metaspace       used 30340K, committed 30720K, reserved 1081344K
  class space    used 4305K, committed 4480K, reserved 1048576K
}
Event: 12.443 GC heap after
{Heap after GC invocations=6 (full 0):
 garbage-first heap   total 90112K, used 26735K [0x0000000700000000, 0x0000000800000000)
  region size 2048K, 4 young (8192K), 4 survivors (8192K)
 Metaspace       used 30340K, committed 30720K, reserved 1081344K
  class space    used 4305K, committed 4480K, reserved 1048576K
}
Event: 12.464 GC heap before
{Heap before GC invocations=6 (full 0):
 garbage-first heap   total 90112K, used 28783K [0x0000000700000000, 0x0000000800000000)
  region size 2048K, 5 young (10240K), 4 survivors (8192K)
 Metaspace       used 30343K, committed 30720K, reserved 1081344K
  class space    used 4305K, committed 4480K, reserved 1048576K
}
Event: 12.484 GC heap after
{Heap after GC invocations=7 (full 0):
 garbage-first heap   total 90112K, used 26941K [0x0000000700000000, 0x0000000800000000)
  region size 2048K, 1 young (2048K), 1 survivors (2048K)
 Metaspace       used 30343K, committed 30720K, reserved 1081344K
  class space    used 4305K, committed 4480K, reserved 1048576K
}
Event: 13.675 GC heap before
{Heap before GC invocations=7 (full 0):
 garbage-first heap   total 90112K, used 63805K [0x0000000700000000, 0x0000000800000000)
  region size 2048K, 19 young (38912K), 1 survivors (2048K)
 Metaspace       used 32483K, committed 32896K, reserved 1081344K
  class space    used 4499K, committed 4672K, reserved 1048576K
}
Event: 13.685 GC heap after
{Heap after GC invocations=8 (full 0):
 garbage-first heap   total 90112K, used 30124K [0x0000000700000000, 0x0000000800000000)
  region size 2048K, 3 young (6144K), 3 survivors (6144K)
 Metaspace       used 32483K, committed 32896K, reserved 1081344K
  class space    used 4499K, committed 4672K, reserved 1048576K
}
Event: 15.009 GC heap before
{Heap before GC invocations=8 (full 0):
 garbage-first heap   total 90112K, used 64940K [0x0000000700000000, 0x0000000800000000)
  region size 2048K, 20 young (40960K), 3 survivors (6144K)
 Metaspace       used 34123K, committed 34560K, reserved 1081344K
  class space    used 4747K, committed 4928K, reserved 1048576K
}
Event: 15.020 GC heap after
{Heap after GC invocations=9 (full 0):
 garbage-first heap   total 90112K, used 31747K [0x0000000700000000, 0x0000000800000000)
  region size 2048K, 1 young (2048K), 1 survivors (2048K)
 Metaspace       used 34123K, committed 34560K, reserved 1081344K
  class space    used 4747K, committed 4928K, reserved 1048576K
}
Event: 15.531 GC heap before
{Heap before GC invocations=9 (full 0):
 garbage-first heap   total 90112K, used 66563K [0x0000000700000000, 0x0000000800000000)
  region size 2048K, 18 young (36864K), 1 survivors (2048K)
 Metaspace       used 34332K, committed 34752K, reserved 1081344K
  class space    used 4756K, committed 4928K, reserved 1048576K
}
Event: 15.539 GC heap after
{Heap after GC invocations=10 (full 0):
 garbage-first heap   total 90112K, used 31990K [0x0000000700000000, 0x0000000800000000)
  region size 2048K, 1 young (2048K), 1 survivors (2048K)
 Metaspace       used 34332K, committed 34752K, reserved 1081344K
  class space    used 4756K, committed 4928K, reserved 1048576K
}
Event: 15.936 GC heap before
{Heap before GC invocations=10 (full 0):
 garbage-first heap   total 90112K, used 68854K [0x0000000700000000, 0x0000000800000000)
  region size 2048K, 19 young (38912K), 1 survivors (2048K)
 Metaspace       used 34363K, committed 34752K, reserved 1081344K
  class space    used 4756K, committed 4928K, reserved 1048576K
}
Event: 15.942 GC heap after
{Heap after GC invocations=11 (full 0):
 garbage-first heap   total 90112K, used 32144K [0x0000000700000000, 0x0000000800000000)
  region size 2048K, 1 young (2048K), 1 survivors (2048K)
 Metaspace       used 34363K, committed 34752K, reserved 1081344K
  class space    used 4756K, committed 4928K, reserved 1048576K
}
Event: 16.413 GC heap before
{Heap before GC invocations=11 (full 0):
 garbage-first heap   total 90112K, used 71056K [0x0000000700000000, 0x0000000800000000)
  region size 2048K, 20 young (40960K), 1 survivors (2048K)
 Metaspace       used 34403K, committed 34816K, reserved 1081344K
  class space    used 4758K, committed 4928K, reserved 1048576K
}
Event: 16.419 GC heap after
{Heap after GC invocations=12 (full 0):
 garbage-first heap   total 90112K, used 32081K [0x0000000700000000, 0x0000000800000000)
  region size 2048K, 1 young (2048K), 1 survivors (2048K)
 Metaspace       used 34403K, committed 34816K, reserved 1081344K
  class space    used 4758K, committed 4928K, reserved 1048576K
}
Event: 16.818 GC heap before
{Heap before GC invocations=12 (full 0):
 garbage-first heap   total 90112K, used 73041K [0x0000000700000000, 0x0000000800000000)
  region size 2048K, 21 young (43008K), 1 survivors (2048K)
 Metaspace       used 34416K, committed 34880K, reserved 1081344K
  class space    used 4758K, committed 4928K, reserved 1048576K
}
Event: 16.826 GC heap after
{Heap after GC invocations=13 (full 0):
 garbage-first heap   total 182272K, used 32268K [0x0000000700000000, 0x0000000800000000)
  region size 2048K, 2 young (4096K), 2 survivors (4096K)
 Metaspace       used 34416K, committed 34880K, reserved 1081344K
  class space    used 4758K, committed 4928K, reserved 1048576K
}
Event: 17.929 GC heap before
{Heap before GC invocations=13 (full 0):
 garbage-first heap   total 182272K, used 136716K [0x0000000700000000, 0x0000000800000000)
  region size 2048K, 53 young (108544K), 2 survivors (4096K)
 Metaspace       used 34430K, committed 34880K, reserved 1081344K
  class space    used 4758K, committed 4928K, reserved 1048576K
}
Event: 17.935 GC heap after
{Heap after GC invocations=14 (full 0):
 garbage-first heap   total 182272K, used 32561K [0x0000000700000000, 0x0000000800000000)
  region size 2048K, 2 young (4096K), 2 survivors (4096K)
 Metaspace       used 34430K, committed 34880K, reserved 1081344K
  class space    used 4758K, committed 4928K, reserved 1048576K
}
Event: 19.892 GC heap before
{Heap before GC invocations=14 (full 0):
 garbage-first heap   total 182272K, used 137009K [0x0000000700000000, 0x0000000800000000)
  region size 2048K, 53 young (108544K), 2 survivors (4096K)
 Metaspace       used 34436K, committed 34880K, reserved 1081344K
  class space    used 4758K, committed 4928K, reserved 1048576K
}
Event: 19.899 GC heap after
{Heap after GC invocations=15 (full 0):
 garbage-first heap   total 182272K, used 32907K [0x0000000700000000, 0x0000000800000000)
  region size 2048K, 2 young (4096K), 2 survivors (4096K)
 Metaspace       used 34436K, committed 34880K, reserved 1081344K
  class space    used 4758K, committed 4928K, reserved 1048576K
}

Deoptimization events (20 events):
Event: 16.376 Thread 0x000001dba2b8ca80 DEOPT PACKING pc=0x000001db8861897e sp=0x000000479e2f5850
Event: 16.376 Thread 0x000001dba2b8ca80 DEOPT UNPACKING pc=0x000001db87782b43 sp=0x000000479e2f4cc0 mode 0
Event: 16.382 Thread 0x000001dba2b8ca80 DEOPT PACKING pc=0x000001db8861897e sp=0x000000479e2f5460
Event: 16.382 Thread 0x000001dba2b8ca80 DEOPT UNPACKING pc=0x000001db87782b43 sp=0x000000479e2f48d0 mode 0
Event: 16.387 Thread 0x000001dba2b8ca80 DEOPT PACKING pc=0x000001db8861897e sp=0x000000479e2f5460
Event: 16.387 Thread 0x000001dba2b8ca80 DEOPT UNPACKING pc=0x000001db87782b43 sp=0x000000479e2f48d0 mode 0
Event: 16.394 Thread 0x000001dba2b8ca80 DEOPT PACKING pc=0x000001db8861897e sp=0x000000479e2f5a60
Event: 16.394 Thread 0x000001dba2b8ca80 DEOPT UNPACKING pc=0x000001db87782b43 sp=0x000000479e2f4ed0 mode 0
Event: 16.470 Thread 0x000001dba2b8ca80 DEOPT PACKING pc=0x000001db8861cf0f sp=0x000000479e2f5860
Event: 16.470 Thread 0x000001dba2b8ca80 DEOPT UNPACKING pc=0x000001db87782b43 sp=0x000000479e2f4d88 mode 0
Event: 16.485 Thread 0x000001dba2b8ca80 Uncommon trap: trap_request=0xffffff45 fr.pc=0x000001db8f48a844 relative=0x0000000000004d44
Event: 16.485 Thread 0x000001dba2b8ca80 Uncommon trap: reason=unstable_if action=reinterpret pc=0x000001db8f48a844 method=org.objectweb.asm.commons.Remapper.mapType(Lorg/objectweb/asm/Type;)Lorg/objectweb/asm/Type; @ 4 c2
Event: 16.485 Thread 0x000001dba2b8ca80 DEOPT PACKING pc=0x000001db8f48a844 sp=0x000000479e2f5330
Event: 16.485 Thread 0x000001dba2b8ca80 DEOPT UNPACKING pc=0x000001db877823a3 sp=0x000000479e2f5370 mode 2
Event: 18.565 Thread 0x000001dba2b8ca80 Uncommon trap: trap_request=0xffffff45 fr.pc=0x000001db8f4d8c50 relative=0x0000000000000890
Event: 18.565 Thread 0x000001dba2b8ca80 Uncommon trap: reason=unstable_if action=reinterpret pc=0x000001db8f4d8c50 method=org.objectweb.asm.Frame.getAbstractTypeFromDescriptor(Lorg/objectweb/asm/SymbolTable;Ljava/lang/String;I)I @ 189 c2
Event: 18.565 Thread 0x000001dba2b8ca80 DEOPT PACKING pc=0x000001db8f4d8c50 sp=0x000000479e2f5380
Event: 18.565 Thread 0x000001dba2b8ca80 DEOPT UNPACKING pc=0x000001db877823a3 sp=0x000000479e2f5340 mode 2
Event: 19.804 Thread 0x000001dba2b8ca80 DEOPT PACKING pc=0x000001db88630bbb sp=0x000000479e2f52c0
Event: 19.804 Thread 0x000001dba2b8ca80 DEOPT UNPACKING pc=0x000001db87782b43 sp=0x000000479e2f47d8 mode 0

Classes unloaded (0 events):
No events

Classes redefined (0 events):
No events

Internal exceptions (20 events):
Event: 13.955 Thread 0x000001dba2b8ca80 Exception <a 'java/lang/NoSuchMethodError'{0x0000000705170860}: 'void java.lang.invoke.DirectMethodHandle$Holder.invokeInterface(java.lang.Object, java.lang.Object)'> (0x0000000705170860) 
thrown [t:\workspace\open\src\hotspot\share\interpreter\linkResolver.cpp, line 766]
Event: 13.971 Thread 0x000001dba2b8ca80 Exception <a 'java/lang/ClassNotFoundException'{0x00000007051bafa0}: org/gradle/plugin/use/internal/PluginRequestCollector$PluginDependenciesSpecImplBeanInfo> (0x00000007051bafa0) 
thrown [t:\workspace\open\src\hotspot\share\classfile\systemDictionary.cpp, line 256]
Event: 13.972 Thread 0x000001dba2b8ca80 Exception <a 'java/lang/ClassNotFoundException'{0x00000007051cb740}: org/gradle/plugin/use/internal/PluginRequestCollector$PluginDependenciesSpecImplCustomizer> (0x00000007051cb740) 
thrown [t:\workspace\open\src\hotspot\share\classfile\systemDictionary.cpp, line 256]
Event: 13.986 Thread 0x000001dba2b8ca80 Exception <a 'java/lang/ClassNotFoundException'{0x0000000704e09d10}: org/gradle/plugin/use/internal/PluginRequestCollector$PluginDependencySpecImplBeanInfo> (0x0000000704e09d10) 
thrown [t:\workspace\open\src\hotspot\share\classfile\systemDictionary.cpp, line 256]
Event: 13.987 Thread 0x000001dba2b8ca80 Exception <a 'java/lang/ClassNotFoundException'{0x0000000704e1a450}: org/gradle/plugin/use/internal/PluginRequestCollector$PluginDependencySpecImplCustomizer> (0x0000000704e1a450) 
thrown [t:\workspace\open\src\hotspot\share\classfile\systemDictionary.cpp, line 256]
Event: 14.196 Thread 0x000001dba2b8ca80 Exception <a 'java/lang/NoSuchMethodError'{0x0000000704ca36c8}: 'java.lang.Object java.lang.invoke.DirectMethodHandle$Holder.invokeSpecial(java.lang.Object, java.lang.Object, java.lang.Object, java.lang.Object, java.lang.Object, java.lang.Object, java.lang.Object, java.lang.Object, java.lang.Object, java.lang.Object)'> (0x0000000704ca36c8) 
thrown [t:\workspace\open\src\hotspot\share\interpreter\linkResolver.cpp, line 766]
Event: 14.198 Thread 0x000001dba2b8ca80 Exception <a 'java/lang/NoSuchMethodError'{0x0000000704caca98}: 'java.lang.Object java.lang.invoke.Invokers$Holder.invoker(java.lang.Object, java.lang.Object, java.lang.Object, java.lang.Object, java.lang.Object, java.lang.Object, java.lang.Object, java.lang.Object, java.lang.Object)'> (0x0000000704caca98) 
thrown [t:\workspace\open\src\hotspot\share\interpreter\linkResolver.cpp, line 766]
Event: 14.230 Thread 0x000001dba2b8ca80 Exception <a 'java/lang/NoSuchMethodError'{0x0000000704d50140}: 'java.lang.Object java.lang.invoke.Invokers$Holder.invoker(java.lang.Object, java.lang.Object, java.lang.Object, java.lang.Object)'> (0x0000000704d50140) 
thrown [t:\workspace\open\src\hotspot\share\interpreter\linkResolver.cpp, line 766]
Event: 14.281 Thread 0x000001dba2b8ca80 Exception <a 'java/lang/NoSuchMethodError'{0x0000000704a06538}: 'java.lang.Object java.lang.invoke.DelegatingMethodHandle$Holder.reinvoke_L(java.lang.Object, java.lang.Object, java.lang.Object, java.lang.Object, java.lang.Object, java.lang.Object, java.lang.Object, java.lang.Object, java.lang.Object, java.lang.Object, java.lang.Object, java.lang.Object, java.lang.Object, java.lang.Object, java.lang.Object, java.lang.Object, java.lang.Object, java.lang.Object, java.lang.Object, java.lang.Object, java.lang.O
Event: 14.284 Thread 0x000001dba2b8ca80 Exception <a 'java/lang/NoSuchMethodError'{0x0000000704a12258}: 'java.lang.Object java.lang.invoke.Invokers$Holder.invoker(java.lang.Object, java.lang.Object, java.lang.Object, java.lang.Object, java.lang.Object, java.lang.Object, java.lang.Object, java.lang.Object, java.lang.Object, java.lang.Object, java.lang.Object, java.lang.Object, java.lang.Object, java.lang.Object, java.lang.Object, java.lang.Object, java.lang.Object, java.lang.Object, java.lang.Object, java.lang.Object, java.lang.Object)'> (0x00000
Event: 14.285 Thread 0x000001dba2b8ca80 Exception <a 'java/lang/NoSuchMethodError'{0x0000000704a19160}: 'java.lang.Object java.lang.invoke.DelegatingMethodHandle$Holder.delegate(java.lang.Object, java.lang.Object, java.lang.Object, java.lang.Object, java.lang.Object, java.lang.Object, java.lang.Object, java.lang.Object, java.lang.Object, java.lang.Object, java.lang.Object, java.lang.Object, java.lang.Object, java.lang.Object, java.lang.Object, java.lang.Object, java.lang.Object, java.lang.Object, java.lang.Object, java.lang.Object, java.lang.Obj
Event: 14.308 Thread 0x000001dba2b8ca80 Exception <a 'java/lang/NoSuchMethodError'{0x0000000704a8d4a8}: 'java.lang.Object java.lang.invoke.DirectMethodHandle$Holder.invokeStatic(java.lang.Object, java.lang.Object, java.lang.Object, java.lang.Object, java.lang.Object, java.lang.Object, java.lang.Object, java.lang.Object, java.lang.Object, java.lang.Object, java.lang.Object, java.lang.Object, java.lang.Object, java.lang.Object, java.lang.Object, java.lang.Object, java.lang.Object)'> (0x0000000704a8d4a8) 
thrown [t:\workspace\open\src\hotspot\share
Event: 14.316 Thread 0x000001dba2b8ca80 Exception <a 'java/lang/NoSuchMethodError'{0x0000000704ab5888}: 'java.lang.Object java.lang.invoke.DirectMethodHandle$Holder.invokeStatic(java.lang.Object, java.lang.Object, java.lang.Object, java.lang.Object, java.lang.Object, java.lang.Object, java.lang.Object, java.lang.Object, java.lang.Object, java.lang.Object, java.lang.Object, java.lang.Object, java.lang.Object, java.lang.Object, java.lang.Object, java.lang.Object, java.lang.Object, java.lang.Object)'> (0x0000000704ab5888) 
thrown [t:\workspace\open
Event: 14.322 Thread 0x000001dba2b8ca80 Exception <a 'java/lang/NoSuchMethodError'{0x0000000704ade420}: 'java.lang.Object java.lang.invoke.DirectMethodHandle$Holder.invokeStatic(java.lang.Object, java.lang.Object, java.lang.Object, java.lang.Object, java.lang.Object, java.lang.Object, java.lang.Object, java.lang.Object, java.lang.Object, java.lang.Object, java.lang.Object, java.lang.Object, java.lang.Object, java.lang.Object, java.lang.Object, java.lang.Object, java.lang.Object, java.lang.Object, java.lang.Object)'> (0x0000000704ade420) 
thrown 
Event: 14.327 Thread 0x000001dba2b8ca80 Exception <a 'java/lang/NoSuchMethodError'{0x0000000704b08278}: 'java.lang.Object java.lang.invoke.DirectMethodHandle$Holder.invokeStatic(java.lang.Object, java.lang.Object, java.lang.Object, java.lang.Object, java.lang.Object, java.lang.Object, java.lang.Object, java.lang.Object, java.lang.Object, java.lang.Object, java.lang.Object, java.lang.Object, java.lang.Object, java.lang.Object, java.lang.Object, java.lang.Object, java.lang.Object, java.lang.Object, java.lang.Object, java.lang.Object)'> (0x00000007
Event: 14.334 Thread 0x000001dba2b8ca80 Exception <a 'java/lang/NoSuchMethodError'{0x0000000704b33130}: 'java.lang.Object java.lang.invoke.DirectMethodHandle$Holder.invokeStatic(java.lang.Object, java.lang.Object, java.lang.Object, java.lang.Object, java.lang.Object, java.lang.Object, java.lang.Object, java.lang.Object, java.lang.Object, java.lang.Object, java.lang.Object, java.lang.Object, java.lang.Object, java.lang.Object, java.lang.Object, java.lang.Object, java.lang.Object, java.lang.Object, java.lang.Object, java.lang.Object, java.lang.Obj
Event: 14.340 Thread 0x000001dba2b8ca80 Exception <a 'java/lang/NoSuchMethodError'{0x0000000704b5ecb8}: 'java.lang.Object java.lang.invoke.DirectMethodHandle$Holder.invokeStatic(java.lang.Object, java.lang.Object, java.lang.Object, java.lang.Object, java.lang.Object, java.lang.Object, java.lang.Object, java.lang.Object, java.lang.Object, java.lang.Object, java.lang.Object, java.lang.Object, java.lang.Object, java.lang.Object, java.lang.Object, java.lang.Object, java.lang.Object, java.lang.Object, java.lang.Object, java.lang.Object, java.lang.Obj
Event: 14.346 Thread 0x000001dba2b8ca80 Exception <a 'java/lang/NoSuchMethodError'{0x0000000704b8bfa8}: 'java.lang.Object java.lang.invoke.DirectMethodHandle$Holder.invokeStatic(java.lang.Object, java.lang.Object, java.lang.Object, java.lang.Object, java.lang.Object, java.lang.Object, java.lang.Object, java.lang.Object, java.lang.Object, java.lang.Object, java.lang.Object, java.lang.Object, java.lang.Object, java.lang.Object, java.lang.Object, java.lang.Object, java.lang.Object, java.lang.Object, java.lang.Object, java.lang.Object, java.lang.Obj
Event: 14.353 Thread 0x000001dba2b8ca80 Exception <a 'java/lang/NoSuchMethodError'{0x0000000704bbab50}: 'java.lang.Object java.lang.invoke.DirectMethodHandle$Holder.invokeStatic(java.lang.Object, java.lang.Object, java.lang.Object, java.lang.Object, java.lang.Object, java.lang.Object, java.lang.Object, java.lang.Object, java.lang.Object, java.lang.Object, java.lang.Object, java.lang.Object, java.lang.Object, java.lang.Object, java.lang.Object, java.lang.Object, java.lang.Object, java.lang.Object, java.lang.Object, java.lang.Object, java.lang.Obj
Event: 14.712 Thread 0x000001dba2b8ca80 Exception <a 'sun/nio/fs/WindowsException'{0x0000000703c2ace0}> (0x0000000703c2ace0) 
thrown [t:\workspace\open\src\hotspot\share\prims\jni.cpp, line 516]

VM Operations (20 events):
Event: 15.503 Executing VM operation: HandshakeAllThreads
Event: 15.503 Executing VM operation: HandshakeAllThreads done
Event: 15.531 Executing VM operation: G1CollectForAllocation
Event: 15.539 Executing VM operation: G1CollectForAllocation done
Event: 15.936 Executing VM operation: G1CollectForAllocation
Event: 15.942 Executing VM operation: G1CollectForAllocation done
Event: 16.412 Executing VM operation: G1CollectForAllocation
Event: 16.419 Executing VM operation: G1CollectForAllocation done
Event: 16.818 Executing VM operation: G1CollectForAllocation
Event: 16.826 Executing VM operation: G1CollectForAllocation done
Event: 17.827 Executing VM operation: Cleanup
Event: 17.827 Executing VM operation: Cleanup done
Event: 17.929 Executing VM operation: G1CollectForAllocation
Event: 17.935 Executing VM operation: G1CollectForAllocation done
Event: 18.949 Executing VM operation: Cleanup
Event: 18.949 Executing VM operation: Cleanup done
Event: 19.891 Executing VM operation: G1CollectForAllocation
Event: 19.899 Executing VM operation: G1CollectForAllocation done
Event: 20.903 Executing VM operation: Cleanup
Event: 20.903 Executing VM operation: Cleanup done

Events (20 events):
Event: 14.330 loading class java/lang/invoke/BoundMethodHandle$Species_LLLLLLLLLLLLLLLLLL
Event: 14.331 loading class java/lang/invoke/BoundMethodHandle$Species_LLLLLLLLLLLLLLLLLL done
Event: 14.337 loading class java/lang/invoke/BoundMethodHandle$Species_LLLLLLLLLLLLLLLLLLL
Event: 14.337 loading class java/lang/invoke/BoundMethodHandle$Species_LLLLLLLLLLLLLLLLLLL done
Event: 14.344 loading class java/lang/invoke/BoundMethodHandle$Species_LLLLLLLLLLLLLLLLLLLL
Event: 14.344 loading class java/lang/invoke/BoundMethodHandle$Species_LLLLLLLLLLLLLLLLLLLL done
Event: 14.349 loading class java/lang/invoke/BoundMethodHandle$Species_LLLLLLLLLLLLLLLLLLLLL
Event: 14.349 loading class java/lang/invoke/BoundMethodHandle$Species_LLLLLLLLLLLLLLLLLLLLL done
Event: 14.711 loading class sun/nio/fs/WindowsException
Event: 14.712 loading class sun/nio/fs/WindowsException done
Event: 14.731 loading class java/nio/charset/UnsupportedCharsetException
Event: 14.732 loading class java/nio/charset/UnsupportedCharsetException done
Event: 14.734 loading class java/util/zip/Deflater
Event: 14.735 loading class java/util/zip/Deflater done
Event: 14.737 loading class java/util/zip/Deflater$DeflaterZStreamRef
Event: 14.738 loading class java/util/zip/Deflater$DeflaterZStreamRef done
Event: 15.461 loading class java/util/concurrent/LinkedBlockingDeque$Itr
Event: 15.462 loading class java/util/concurrent/LinkedBlockingDeque$AbstractItr
Event: 15.462 loading class java/util/concurrent/LinkedBlockingDeque$AbstractItr done
Event: 15.462 loading class java/util/concurrent/LinkedBlockingDeque$Itr done


Dynamic libraries:
0x00007ff6214c0000 - 0x00007ff6214d0000 	C:\Program Files\Java\jdk-17.0.1\bin\java.exe
0x00007ffe28b00000 - 0x00007ffe28d63000 	C:\WINDOWS\SYSTEM32\ntdll.dll
0x00007ffe28000000 - 0x00007ffe280c8000 	C:\WINDOWS\System32\KERNEL32.DLL
0x00007ffe260f0000 - 0x00007ffe264a2000 	C:\WINDOWS\System32\KERNELBASE.dll
0x00007ffe22ae0000 - 0x00007ffe22b7c000 	C:\WINDOWS\SYSTEM32\apphelp.dll
0x00007ffe26810000 - 0x00007ffe2695b000 	C:\WINDOWS\System32\ucrtbase.dll
0x00007ffe11df0000 - 0x00007ffe11e0a000 	C:\Program Files\Java\jdk-17.0.1\bin\VCRUNTIME140.dll
0x00007ffdf6090000 - 0x00007ffdf60a8000 	C:\Program Files\Java\jdk-17.0.1\bin\jli.dll
0x00007ffe282e0000 - 0x00007ffe28394000 	C:\WINDOWS\System32\ADVAPI32.dll
0x00007ffe274e0000 - 0x00007ffe27589000 	C:\WINDOWS\System32\msvcrt.dll
0x00007ffe284b0000 - 0x00007ffe28556000 	C:\WINDOWS\System32\sechost.dll
0x00007ffe281c0000 - 0x00007ffe282d6000 	C:\WINDOWS\System32\RPCRT4.dll
0x00007ffe276d0000 - 0x00007ffe27898000 	C:\WINDOWS\System32\USER32.dll
0x00007ffe0da90000 - 0x00007ffe0dd20000 	C:\WINDOWS\WinSxS\amd64_microsoft.windows.common-controls_6595b64144ccf1df_6.0.26100.2454_none_3e0b68a2e331ad60\COMCTL32.dll
0x00007ffe267e0000 - 0x00007ffe26807000 	C:\WINDOWS\System32\win32u.dll
0x00007ffe276a0000 - 0x00007ffe276ca000 	C:\WINDOWS\System32\GDI32.dll
0x00007ffe264b0000 - 0x00007ffe265db000 	C:\WINDOWS\System32\gdi32full.dll
0x00007ffe26730000 - 0x00007ffe267d3000 	C:\WINDOWS\System32\msvcp_win.dll
0x00007ffe20520000 - 0x00007ffe2052b000 	C:\WINDOWS\SYSTEM32\VERSION.dll
0x00007ffe27fc0000 - 0x00007ffe27fef000 	C:\WINDOWS\System32\IMM32.DLL
0x00007ffe1f890000 - 0x00007ffe1f89c000 	C:\Program Files\Java\jdk-17.0.1\bin\vcruntime140_1.dll
0x00007ffdb2400000 - 0x00007ffdb248d000 	C:\Program Files\Java\jdk-17.0.1\bin\msvcp140.dll
0x00007ffd7a2d0000 - 0x00007ffd7ae8e000 	C:\Program Files\Java\jdk-17.0.1\bin\server\jvm.dll
0x00007ffe283c0000 - 0x00007ffe283c8000 	C:\WINDOWS\System32\PSAPI.DLL
0x00007ffe1fa10000 - 0x00007ffe1fa1a000 	C:\WINDOWS\SYSTEM32\WSOCK32.dll
0x00007ffe10550000 - 0x00007ffe10586000 	C:\WINDOWS\SYSTEM32\WINMM.dll
0x00007ffe28560000 - 0x00007ffe285d4000 	C:\WINDOWS\System32\WS2_32.dll
0x00007ffe24cf0000 - 0x00007ffe24d0a000 	C:\WINDOWS\SYSTEM32\kernel.appcore.dll
0x00007ffe1e6c0000 - 0x00007ffe1e6ca000 	C:\Program Files\Java\jdk-17.0.1\bin\jimage.dll
0x00007ffe13920000 - 0x00007ffe13b61000 	C:\WINDOWS\SYSTEM32\DBGHELP.DLL
0x00007ffe26960000 - 0x00007ffe26cde000 	C:\WINDOWS\System32\combase.dll
0x00007ffe27c80000 - 0x00007ffe27d56000 	C:\WINDOWS\System32\OLEAUT32.dll
0x00007ffe12010000 - 0x00007ffe12049000 	C:\WINDOWS\SYSTEM32\dbgcore.DLL
0x00007ffe26050000 - 0x00007ffe260e9000 	C:\WINDOWS\System32\bcryptPrimitives.dll
0x00007ffdeb6a0000 - 0x00007ffdeb6c5000 	C:\Program Files\Java\jdk-17.0.1\bin\java.dll
0x00007ffdaf180000 - 0x00007ffdaf256000 	C:\Program Files\Java\jdk-17.0.1\bin\svml.dll
0x00007ffe26da0000 - 0x00007ffe274a0000 	C:\WINDOWS\System32\SHELL32.dll
0x00007ffe23bc0000 - 0x00007ffe243f1000 	C:\WINDOWS\SYSTEM32\windows.storage.dll
0x00007ffe283d0000 - 0x00007ffe284aa000 	C:\WINDOWS\System32\SHCORE.dll
0x00007ffe27ac0000 - 0x00007ffe27b1d000 	C:\WINDOWS\System32\shlwapi.dll
0x00007ffe25de0000 - 0x00007ffe25e0e000 	C:\WINDOWS\SYSTEM32\profapi.dll
0x00007ffdf5870000 - 0x00007ffdf5889000 	C:\Program Files\Java\jdk-17.0.1\bin\net.dll
0x00007ffe20970000 - 0x00007ffe20a96000 	C:\WINDOWS\SYSTEM32\WINHTTP.dll
0x00007ffe25210000 - 0x00007ffe25278000 	C:\WINDOWS\system32\mswsock.dll
0x00007ffdf12b0000 - 0x00007ffdf12c5000 	C:\Program Files\Java\jdk-17.0.1\bin\nio.dll
0x00007ffdf0cf0000 - 0x00007ffdf0d08000 	C:\Program Files\Java\jdk-17.0.1\bin\zip.dll
0x00007ffe071b0000 - 0x00007ffe071c0000 	C:\Program Files\Java\jdk-17.0.1\bin\verify.dll
0x00007ffdf1f20000 - 0x00007ffdf1f47000 	C:\Users\Praveen Chandra\.gradle\native\c067742578af261105cb4f569cf0c3c89f3d7b1fecec35dd04571415982c5e48\windows-amd64\native-platform.dll
0x00007ffdad550000 - 0x00007ffdad694000 	C:\Users\Praveen Chandra\.gradle\native\38dada09dfb8b06ba9b0570ebf7e218e3eb74d4ef43ca46872605cf95ebc2f47\windows-amd64\native-platform-file-events.dll
0x00007ffe07160000 - 0x00007ffe07169000 	C:\Program Files\Java\jdk-17.0.1\bin\management.dll
0x00007ffe041f0000 - 0x00007ffe041fb000 	C:\Program Files\Java\jdk-17.0.1\bin\management_ext.dll
0x00007ffe254c0000 - 0x00007ffe254dc000 	C:\WINDOWS\SYSTEM32\CRYPTSP.dll
0x00007ffe24c50000 - 0x00007ffe24c88000 	C:\WINDOWS\system32\rsaenh.dll
0x00007ffe252b0000 - 0x00007ffe252db000 	C:\WINDOWS\SYSTEM32\USERENV.dll
0x00007ffe256f0000 - 0x00007ffe25716000 	C:\WINDOWS\SYSTEM32\bcrypt.dll
0x00007ffe254b0000 - 0x00007ffe254bc000 	C:\WINDOWS\SYSTEM32\CRYPTBASE.dll
0x00007ffe24700000 - 0x00007ffe24732000 	C:\WINDOWS\SYSTEM32\IPHLPAPI.DLL
0x00007ffe27ab0000 - 0x00007ffe27aba000 	C:\WINDOWS\System32\NSI.dll
0x00007ffe20940000 - 0x00007ffe2095e000 	C:\WINDOWS\SYSTEM32\dhcpcsvc6.DLL
0x00007ffe208e0000 - 0x00007ffe20905000 	C:\WINDOWS\SYSTEM32\dhcpcsvc.DLL
0x00007ffe247f0000 - 0x00007ffe24915000 	C:\WINDOWS\SYSTEM32\DNSAPI.dll
0x00007ffe03eb0000 - 0x00007ffe03ebe000 	C:\Program Files\Java\jdk-17.0.1\bin\sunmscapi.dll
0x00007ffe25ed0000 - 0x00007ffe26046000 	C:\WINDOWS\System32\CRYPT32.dll
0x00007ffe256b0000 - 0x00007ffe256e0000 	C:\WINDOWS\SYSTEM32\ncrypt.dll
0x00007ffe25660000 - 0x00007ffe2569f000 	C:\WINDOWS\SYSTEM32\NTASN1.dll
0x00007ffe03f50000 - 0x00007ffe03f58000 	C:\WINDOWS\system32\wshunix.dll

dbghelp: loaded successfully - version: 4.0.5 - missing functions: none
symbol engine: initialized successfully - sym options: 0x614 - pdb path: .;C:\Program Files\Java\jdk-17.0.1\bin;C:\WINDOWS\SYSTEM32;C:\WINDOWS\WinSxS\amd64_microsoft.windows.common-controls_6595b64144ccf1df_6.0.26100.2454_none_3e0b68a2e331ad60;C:\Program Files\Java\jdk-17.0.1\bin\server;C:\Users\Praveen Chandra\.gradle\native\c067742578af261105cb4f569cf0c3c89f3d7b1fecec35dd04571415982c5e48\windows-amd64;C:\Users\Praveen Chandra\.gradle\native\38dada09dfb8b06ba9b0570ebf7e218e3eb74d4ef43ca46872605cf95ebc2f47\windows-amd64

VM Arguments:
jvm_args: -XX:MaxMetaspaceSize=2G -XX:+HeapDumpOnOutOfMemoryError --add-opens=java.base/java.util=ALL-UNNAMED --add-opens=java.base/java.lang=ALL-UNNAMED --add-opens=java.base/java.lang.invoke=ALL-UNNAMED --add-opens=java.prefs/java.util.prefs=ALL-UNNAMED --add-opens=java.base/java.nio.charset=ALL-UNNAMED --add-opens=java.base/java.net=ALL-UNNAMED --add-opens=java.base/java.util.concurrent.atomic=ALL-UNNAMED -Xmx4G -Dfile.encoding=utf8 -Duser.country=IN -Duser.language=en -Duser.variant 
java_command: org.gradle.launcher.daemon.bootstrap.GradleDaemon 7.6.3
java_class_path (initial): C:\Users\Praveen Chandra\.gradle\wrapper\dists\gradle-7.6.3-all\aocdy2d2z8kodnny3rsumj8i8\gradle-7.6.3\lib\gradle-launcher-7.6.3.jar
Launcher Type: SUN_STANDARD

[Global flags]
     intx CICompilerCount                          = 4                                         {product} {ergonomic}
     uint ConcGCThreads                            = 3                                         {product} {ergonomic}
     uint G1ConcRefinementThreads                  = 10                                        {product} {ergonomic}
   size_t G1HeapRegionSize                         = 2097152                                   {product} {ergonomic}
    uintx GCDrainStackTargetSize                   = 64                                        {product} {ergonomic}
     bool HeapDumpOnOutOfMemoryError               = true                                   {manageable} {command line}
   size_t InitialHeapSize                          = 132120576                                 {product} {ergonomic}
   size_t MarkStackSize                            = 4194304                                   {product} {ergonomic}
   size_t MaxHeapSize                              = 4294967296                                {product} {command line}
   size_t MaxMetaspaceSize                         = 2147483648                                {product} {command line}
   size_t MaxNewSize                               = 2575302656                                {product} {ergonomic}
   size_t MinHeapDeltaBytes                        = 2097152                                   {product} {ergonomic}
   size_t MinHeapSize                              = 8388608                                   {product} {ergonomic}
    uintx NonNMethodCodeHeapSize                   = 5839372                                {pd product} {ergonomic}
    uintx NonProfiledCodeHeapSize                  = 122909434                              {pd product} {ergonomic}
    uintx ProfiledCodeHeapSize                     = 122909434                              {pd product} {ergonomic}
    uintx ReservedCodeCacheSize                    = 251658240                              {pd product} {ergonomic}
     bool SegmentedCodeCache                       = true                                      {product} {ergonomic}
   size_t SoftMaxHeapSize                          = 4294967296                             {manageable} {ergonomic}
     bool UseCompressedClassPointers               = true                           {product lp64_product} {ergonomic}
     bool UseCompressedOops                        = true                           {product lp64_product} {ergonomic}
     bool UseG1GC                                  = true                                      {product} {ergonomic}
     bool UseLargePagesIndividualAllocation        = false                                  {pd product} {ergonomic}

Logging:
Log output configuration:
 #0: stdout all=warning uptime,level,tags
 #1: stderr all=off uptime,level,tags

Environment Variables:
PATH=C:\Python311\Scripts\;C:\Python311\;C:\oraclexe\app\oracle\product\10.2.0\server\bin;C:\Program Files\Common Files\Oracle\Java\javapath;C:\Program Files (x86)\Common Files\Oracle\Java\java8path;C:\Program Files (x86)\Common Files\Oracle\Java\javapath;C:\Python310\Scripts\;C:\Python310\;C:\Windows\system32;C:\Windows;C:\Windows\System32\Wbem;C:\Windows\System32\WindowsPowerShell\v1.0\;C:\Windows\System32\OpenSSH\;C:\Program Files (x86)\NVIDIA Corporation\PhysX\Common;C:\Program Files\NVIDIA Corporation\NVIDIA NvDLISR;D:\src\flutter\platform-tools;D:\src\flutter\platforms;C:\WINDOWS\system32;C:\WINDOWS;C:\WINDOWS\System32\Wbem;C:\WINDOWS\System32\WindowsPowerShell\v1.0\;C:\WINDOWS\System32\OpenSSH\;C:\Program Files\Git\cmd;C:\Program Files\Java\jdk-17.0.1\bin;C:\ProgramData\chocolatey\bin;C:\Program Files\nodejs\;D:\src\flutter\bin;C:\Program Files\PuTTY\;C:\Program Files\dotnet\;C:\Users\Praveen Chandra\AppData\Local\Microsoft\WindowsApps;E:\Microsoft VS Code\bin;E:\MinGW\bin;D:\src\flutter\bin;D:\src\flutter\bin\cache\dart-sdk\bin;C:\Program Files\Java\jdk-17.0.1\bin;C:\Program Files\MongoDB\Server\6.0\bin;C:\Program Files\MongoDB\Server\6.0;C:\Users\Praveen Chandra\AppData\Roaming\npm;C:\Program Files\nodejs;C:\Users\Praveen Chandra\AppData\Local\pip;C:\Users\Praveen Chandra\.dotnet\tools;C:\Program Files\dotnet;C:\Program Files\CMake\bin;
USERNAME=Praveen Chandra
OS=Windows_NT
PROCESSOR_IDENTIFIER=Intel64 Family 6 Model 165 Stepping 2, GenuineIntel



---------------  S Y S T E M  ---------------

OS:
 Windows 10 , 64 bit Build 26100 (10.0.26100.2454)
OS uptime: 17 days 14:31 hours
Hyper-V role detected

CPU: total 12 (initial active 12) (6 cores per cpu, 2 threads per core) family 6 model 165 stepping 2 microcode 0xe2, cx8, cmov, fxsr, ht, mmx, 3dnowpref, sse, sse2, sse3, ssse3, sse4.1, sse4.2, popcnt, lzcnt, tsc, tscinvbit, avx, avx2, aes, erms, clmul, bmi1, bmi2, adx, fma, vzeroupper, clflush, clflushopt, hv

Memory: 4k page, system-wide physical 8013M (742M free)
TotalPageFile size 14541M (AvailPageFile size 20M)
current process WorkingSet (physical memory assigned to process): 356M, peak: 370M
current process commit charge ("private bytes"): 404M, peak: 417M

vm_info: Java HotSpot(TM) 64-Bit Server VM (17.0.1+12-LTS-39) for windows-amd64 JRE (17.0.1+12-LTS-39), built on Sep 27 2021 18:41:35 by "mach5one" with MS VC++ 16.8 (VS2019)

END.
