#
# There is insufficient memory for the Java Runtime Environment to continue.
# Native memory allocation (malloc) failed to allocate 905616 bytes for Chunk::new
# Possible reasons:
#   The system is out of physical RAM or swap space
#   The process is running with CompressedOops enabled, and the Java Heap may be blocking the growth of the native heap
# Possible solutions:
#   Reduce memory load on the system
#   Increase physical memory or swap space
#   Check if swap backing store is full
#   Decrease Java heap size (-Xmx/-Xms)
#   Decrease number of Java threads
#   Decrease Java thread stack sizes (-Xss)
#   Set larger code cache with -XX:ReservedCodeCacheSize=
#   JVM is running with Zero Based Compressed Oops mode in which the Java heap is
#     placed in the first 32GB address space. The Java Heap base address is the
#     maximum limit for the native heap growth. Please use -XX:HeapBaseMinAddress
#     to set the Java Heap base and to place the Java Heap above 32GB virtual address.
# This output file may be truncated or incomplete.
#
#  Out of Memory Error (arena.cpp:189), pid=5300, tid=6376
#
# JRE version: Java(TM) SE Runtime Environment (17.0.1+12) (build 17.0.1+12-LTS-39)
# Java VM: Java HotSpot(TM) 64-Bit Server VM (17.0.1+12-LTS-39, mixed mode, sharing, tiered, compressed oops, compressed class ptrs, g1 gc, windows-amd64)
# No core dump will be written. Minidumps are not enabled by default on client versions of Windows
#

---------------  S U M M A R Y ------------

Command Line: -XX:MaxMetaspaceSize=2G -XX:+HeapDumpOnOutOfMemoryError --add-opens=java.base/java.util=ALL-UNNAMED --add-opens=java.base/java.lang=ALL-UNNAMED --add-opens=java.base/java.lang.invoke=ALL-UNNAMED --add-opens=java.prefs/java.util.prefs=ALL-UNNAMED --add-opens=java.base/java.nio.charset=ALL-UNNAMED --add-opens=java.base/java.net=ALL-UNNAMED --add-opens=java.base/java.util.concurrent.atomic=ALL-UNNAMED -Xmx4G -Dfile.encoding=windows-1252 -Duser.country=IN -Duser.language=en -Duser.variant org.gradle.launcher.daemon.bootstrap.GradleDaemon 7.6.3

Host: Intel(R) Core(TM) i7-10750H CPU @ 2.60GHz, 12 cores, 7G,  Windows 10 , 64 bit Build 26100 (10.0.26100.2454)
Time: Sat Jan 25 16:13:18 2025 India Standard Time elapsed time: 41.621951 seconds (0d 0h 0m 41s)

---------------  T H R E A D  ---------------

Current thread (0x00000286a2731b80):  JavaThread "C2 CompilerThread0" daemon [_thread_in_native, id=6376, stack(0x000000a5f7c00000,0x000000a5f7d00000)]


Current CompileTask:
C2:  41622 11188       4       sun.reflect.generics.parser.SignatureParser::parsePackageNameAndSimpleClassTypeSignature (119 bytes)

Stack: [0x000000a5f7c00000,0x000000a5f7d00000]
Native frames: (J=compiled Java code, j=interpreted, Vv=VM code, C=native code)
V  [jvm.dll+0x66fa1a]
V  [jvm.dll+0x7ce5a4]
V  [jvm.dll+0x7cfd4e]
V  [jvm.dll+0x7d03b3]
V  [jvm.dll+0x242b05]
V  [jvm.dll+0xaa05b]
V  [jvm.dll+0xaa5ec]
V  [jvm.dll+0x2a953f]
V  [jvm.dll+0x5785a9]
V  [jvm.dll+0x21dd7d]
V  [jvm.dll+0x21e15f]
V  [jvm.dll+0x217a2a]
V  [jvm.dll+0x214f05]
V  [jvm.dll+0x1a168d]
V  [jvm.dll+0x224848]
V  [jvm.dll+0x2229ac]
V  [jvm.dll+0x78435b]
V  [jvm.dll+0x77e91a]
V  [jvm.dll+0x66e845]
C  [ucrtbase.dll+0x14ea0]
C  [KERNEL32.DLL+0x2e8d7]
C  [ntdll.dll+0xdfbcc]


---------------  P R O C E S S  ---------------

Threads class SMR info:
_java_thread_list=0x00000286a5b74640, length=186, elements={
0x00000286fd532f40, 0x00000286a2719c20, 0x00000286a271c6f0, 0x00000286a272ce80,
0x00000286a272f750, 0x00000286a2730620, 0x00000286a2730ee0, 0x00000286a2731b80,
0x00000286a2732530, 0x00000286a274e4f0, 0x00000286a320ccc0, 0x00000286a322f5c0,
0x00000286a4876240, 0x00000286a3d1f0e0, 0x00000286a55a1ae0, 0x00000286a589c010,
0x00000286a589c4e0, 0x00000286a4eee780, 0x00000286a49babb0, 0x00000286a48cfd50,
0x00000286a48d0220, 0x00000286a48d06f0, 0x00000286a48d0bc0, 0x00000286a48d1090,
0x00000286a48cea10, 0x00000286a48ce540, 0x00000286a48d1560, 0x00000286a48ceee0,
0x00000286a48d1a30, 0x00000286a48d1f00, 0x00000286a48cf3b0, 0x00000286a48cf880,
0x00000286a4aa4210, 0x00000286a4aa2060, 0x00000286a4aa2ed0, 0x00000286a4aa2a00,
0x00000286a4aa2530, 0x00000286a4aa63c0, 0x00000286a4aa80a0, 0x00000286a4aa6890,
0x00000286a4aa8a40, 0x00000286a84fa290, 0x00000286a84fc440, 0x00000286a84fe5f0,
0x00000286a84fdc50, 0x00000286a84fef90, 0x00000286a84ff460, 0x00000286a84fbaa0,
0x00000286a84ff930, 0x00000286a84ffe00, 0x00000286a8501140, 0x00000286a85002d0,
0x00000286a85007a0, 0x00000286a8500c70, 0x00000286a35aaf10, 0x00000286a35ac720,
0x00000286a35acbf0, 0x00000286a35aaa40, 0x00000286a35ab3e0, 0x00000286a35ab8b0,
0x00000286a35ad0c0, 0x00000286a35abd80, 0x00000286a35ac250, 0x00000286a35aa570,
0x00000286a35adf30, 0x00000286a35b0f50, 0x00000286a35ae8d0, 0x00000286a35ada60,
0x00000286a35ad590, 0x00000286a35ae400, 0x00000286a35b05b0, 0x00000286a35af740,
0x00000286a35b1420, 0x00000286a35b1dc0, 0x00000286a35b18f0, 0x00000286a35aeda0,
0x00000286a35af270, 0x00000286a4aa4bb0, 0x00000286a4aa98b0, 0x00000286a84f9dc0,
0x00000286a52fc490, 0x00000286a52fbfc0, 0x00000286a52fdca0, 0x00000286a52feb10,
0x00000286a52fc960, 0x00000286a52fbaf0, 0x00000286a52fce30, 0x00000286a52fd300,
0x00000286a52fd7d0, 0x00000286a52fe170, 0x00000286a52fb620, 0x00000286a5301b30,
0x00000286a5300cc0, 0x00000286a52fefe0, 0x00000286a52ff980, 0x00000286a5300320,
0x00000286a52ff4b0, 0x00000286a52ffe50, 0x00000286a53007f0, 0x00000286a52fe640,
0x00000286a53029a0, 0x00000286a5301190, 0x00000286a5301660, 0x00000286a5302000,
0x00000286a5302e70, 0x00000286a53024d0, 0x00000286a88868f0, 0x00000286a8884270,
0x00000286a8884c10, 0x00000286a88838d0, 0x00000286a88850e0, 0x00000286a88855b0,
0x00000286a8885a80, 0x00000286a8884740, 0x00000286a8886dc0, 0x00000286a8885f50,
0x00000286a8886420, 0x00000286a8887290, 0x00000286a8887760, 0x00000286a8883da0,
0x00000286a8889440, 0x00000286a8889de0, 0x00000286a8888aa0, 0x00000286a888a2b0,
0x00000286a888a780, 0x00000286a888ac50, 0x00000286a8888f70, 0x00000286a8889910,
0x00000286a8887c30, 0x00000286a888b120, 0x00000286a8888100, 0x00000286a88885d0,
0x00000286a9d720c0, 0x00000286a9d72f30, 0x00000286a9d72590, 0x00000286a9d71720,
0x00000286a9d6ff10, 0x00000286a9d72a60, 0x00000286a9d73400, 0x00000286a9d738d0,
0x00000286a9d71bf0, 0x00000286a9d71250, 0x00000286a9d73da0, 0x00000286a9d703e0,
0x00000286a9d708b0, 0x00000286a9d74270, 0x00000286a9d75f50, 0x00000286a9d74740,
0x00000286a9d76420, 0x00000286a9d70d80, 0x00000286a9d74c10, 0x00000286a9d750e0,
0x00000286a9d755b0, 0x00000286a9d768f0, 0x00000286a9d77290, 0x00000286a9d75a80,
0x00000286a9d76dc0, 0x00000286a9d77760, 0x00000286a820f2c0, 0x00000286a820df80,
0x00000286a8210ad0, 0x00000286a820f790, 0x00000286a820e920, 0x00000286a820e450,
0x00000286a8211470, 0x00000286a8211940, 0x00000286a8211e10, 0x00000286a8210fa0,
0x00000286a82122e0, 0x00000286a82127b0, 0x00000286a820edf0, 0x00000286a8212c80,
0x00000286a8213150, 0x00000286a8213620, 0x00000286a820fc60, 0x00000286a8213af0,
0x00000286a8210130, 0x00000286a8213fc0, 0x00000286a8210600, 0x00000286a8214490,
0x00000286a8214960, 0x00000286a8214e30, 0x00000286a8215300, 0x00000286b742a010,
0x00000286b541a780, 0x00000286a5122030
}

Java Threads: ( => current thread )
  0x00000286fd532f40 JavaThread "main" [_thread_blocked, id=21716, stack(0x000000a5f6f00000,0x000000a5f7000000)]
  0x00000286a2719c20 JavaThread "Reference Handler" daemon [_thread_blocked, id=20244, stack(0x000000a5f7600000,0x000000a5f7700000)]
  0x00000286a271c6f0 JavaThread "Finalizer" daemon [_thread_blocked, id=1232, stack(0x000000a5f7700000,0x000000a5f7800000)]
  0x00000286a272ce80 JavaThread "Signal Dispatcher" daemon [_thread_blocked, id=25676, stack(0x000000a5f7800000,0x000000a5f7900000)]
  0x00000286a272f750 JavaThread "Attach Listener" daemon [_thread_blocked, id=9892, stack(0x000000a5f7900000,0x000000a5f7a00000)]
  0x00000286a2730620 JavaThread "Service Thread" daemon [_thread_blocked, id=28964, stack(0x000000a5f7a00000,0x000000a5f7b00000)]
  0x00000286a2730ee0 JavaThread "Monitor Deflation Thread" daemon [_thread_blocked, id=21048, stack(0x000000a5f7b00000,0x000000a5f7c00000)]
=>0x00000286a2731b80 JavaThread "C2 CompilerThread0" daemon [_thread_in_native, id=6376, stack(0x000000a5f7c00000,0x000000a5f7d00000)]
  0x00000286a2732530 JavaThread "C1 CompilerThread0" daemon [_thread_blocked, id=3228, stack(0x000000a5f7d00000,0x000000a5f7e00000)]
  0x00000286a274e4f0 JavaThread "Sweeper thread" daemon [_thread_blocked, id=1812, stack(0x000000a5f7e00000,0x000000a5f7f00000)]
  0x00000286a320ccc0 JavaThread "Common-Cleaner" daemon [_thread_blocked, id=5620, stack(0x000000a5f7f00000,0x000000a5f8000000)]
  0x00000286a322f5c0 JavaThread "Notification Thread" daemon [_thread_blocked, id=8904, stack(0x000000a5f8000000,0x000000a5f8100000)]
  0x00000286a4876240 JavaThread "Daemon health stats" [_thread_blocked, id=21420, stack(0x000000a5f8700000,0x000000a5f8800000)]
  0x00000286a3d1f0e0 JavaThread "Incoming local TCP Connector on port 65195" [_thread_in_native, id=21480, stack(0x000000a5f8800000,0x000000a5f8900000)]
  0x00000286a55a1ae0 JavaThread "Daemon periodic checks" [_thread_blocked, id=16944, stack(0x000000a5f8900000,0x000000a5f8a00000)]
  0x00000286a589c010 JavaThread "Daemon" [_thread_blocked, id=23024, stack(0x000000a5f8a00000,0x000000a5f8b00000)]
  0x00000286a589c4e0 JavaThread "Handler for socket connection from /127.0.0.1:65195 to /127.0.0.1:65196" [_thread_in_native, id=23680, stack(0x000000a5f8b00000,0x000000a5f8c00000)]
  0x00000286a4eee780 JavaThread "Cancel handler" [_thread_blocked, id=18740, stack(0x000000a5f8c00000,0x000000a5f8d00000)]
  0x00000286a49babb0 JavaThread "Daemon worker" [_thread_in_Java, id=1220, stack(0x000000a5f8d00000,0x000000a5f8e00000)]
  0x00000286a48cfd50 JavaThread "Asynchronous log dispatcher for DefaultDaemonConnection: socket connection from /127.0.0.1:65195 to /127.0.0.1:65196" [_thread_blocked, id=29800, stack(0x000000a5f8e00000,0x000000a5f8f00000)]
  0x00000286a48d0220 JavaThread "Stdin handler" [_thread_blocked, id=31172, stack(0x000000a5f8f00000,0x000000a5f9000000)]
  0x00000286a48d06f0 JavaThread "Daemon client event forwarder" [_thread_blocked, id=13112, stack(0x000000a5f9000000,0x000000a5f9100000)]
  0x00000286a48d0bc0 JavaThread "Cache worker for journal cache (C:\Users\Praveen Chandra\.gradle\caches\journal-1)" [_thread_blocked, id=18412, stack(0x000000a5f9100000,0x000000a5f9200000)]
  0x00000286a48d1090 JavaThread "File lock request listener" [_thread_in_native, id=9032, stack(0x000000a5f9200000,0x000000a5f9300000)]
  0x00000286a48cea10 JavaThread "Cache worker for file hash cache (C:\Users\Praveen Chandra\.gradle\caches\7.6.3\fileHashes)" [_thread_blocked, id=15756, stack(0x000000a5f9300000,0x000000a5f9400000)]
  0x00000286a48ce540 JavaThread "File watcher server" daemon [_thread_in_native, id=7968, stack(0x000000a5f9900000,0x000000a5f9a00000)]
  0x00000286a48d1560 JavaThread "File watcher consumer" daemon [_thread_blocked, id=13552, stack(0x000000a5f9a00000,0x000000a5f9b00000)]
  0x00000286a48ceee0 JavaThread "Cache worker for checksums cache (D:\Flutter\mac_doc\android\.gradle\7.6.3\checksums)" [_thread_blocked, id=12840, stack(0x000000a5f9b00000,0x000000a5f9c00000)]
  0x00000286a48d1a30 JavaThread "Cache worker for cache directory md-rule (C:\Users\Praveen Chandra\.gradle\caches\7.6.3\md-rule)" [_thread_blocked, id=27904, stack(0x000000a5f9c00000,0x000000a5f9d00000)]
  0x00000286a48d1f00 JavaThread "Cache worker for file content cache (C:\Users\Praveen Chandra\.gradle\caches\7.6.3\fileContent)" [_thread_blocked, id=31588, stack(0x000000a5f9d00000,0x000000a5f9e00000)]
  0x00000286a48cf3b0 JavaThread "Cache worker for file hash cache (D:\Flutter\mac_doc\android\.gradle\7.6.3\fileHashes)" [_thread_blocked, id=17792, stack(0x000000a5f9f00000,0x000000a5fa000000)]
  0x00000286a48cf880 JavaThread "Cache worker for cache directory md-supplier (C:\Users\Praveen Chandra\.gradle\caches\7.6.3\md-supplier)" [_thread_blocked, id=29808, stack(0x000000a5fa000000,0x000000a5fa100000)]
  0x00000286a4aa4210 JavaThread "Cache worker for execution history cache (C:\Users\Praveen Chandra\.gradle\caches\7.6.3\executionHistory)" [_thread_blocked, id=6740, stack(0x000000a5f9e00000,0x000000a5f9f00000)]
  0x00000286a4aa2060 JavaThread "jar transforms" [_thread_blocked, id=28384, stack(0x000000a5fa400000,0x000000a5fa500000)]
  0x00000286a4aa2ed0 JavaThread "Cache worker for kotlin-dsl (C:\Users\Praveen Chandra\.gradle\caches\7.6.3\kotlin-dsl)" [_thread_blocked, id=12880, stack(0x000000a5fa500000,0x000000a5fa600000)]
  0x00000286a4aa2a00 JavaThread "jar transforms Thread 2" [_thread_blocked, id=1684, stack(0x000000a5fa300000,0x000000a5fa400000)]
  0x00000286a4aa2530 JavaThread "Cache worker for dependencies-accessors (D:\Flutter\mac_doc\android\.gradle\7.6.3\dependencies-accessors)" [_thread_blocked, id=17860, stack(0x000000a5fa600000,0x000000a5fa700000)]
  0x00000286a4aa63c0 JavaThread "Cache worker for Build Output Cleanup Cache (D:\src\flutter\packages\flutter_tools\gradle\.gradle\buildOutputCleanup)" [_thread_blocked, id=6524, stack(0x000000a5fa700000,0x000000a5fa800000)]
  0x00000286a4aa80a0 JavaThread "jar transforms Thread 3" [_thread_blocked, id=30540, stack(0x000000a5fa800000,0x000000a5fa900000)]
  0x00000286a4aa6890 JavaThread "Memory manager" [_thread_blocked, id=30956, stack(0x000000a5fa900000,0x000000a5faa00000)]
  0x00000286a4aa8a40 JavaThread "Kotlin DSL Writer" [_thread_blocked, id=9568, stack(0x000000a5faa00000,0x000000a5fab00000)]
  0x00000286a84fa290 JavaThread "jar transforms Thread 4" [_thread_blocked, id=30116, stack(0x000000a5faf00000,0x000000a5fb000000)]
  0x00000286a84fc440 JavaThread "included builds" [_thread_blocked, id=26024, stack(0x000000a5fb000000,0x000000a5fb100000)]
  0x00000286a84fe5f0 JavaThread "Execution worker" [_thread_blocked, id=22072, stack(0x000000a5fb100000,0x000000a5fb200000)]
  0x00000286a84fdc50 JavaThread "Execution worker Thread 2" [_thread_blocked, id=4488, stack(0x000000a5fb200000,0x000000a5fb300000)]
  0x00000286a84fef90 JavaThread "Execution worker Thread 3" [_thread_blocked, id=24036, stack(0x000000a5fb300000,0x000000a5fb400000)]
  0x00000286a84ff460 JavaThread "Execution worker Thread 4" [_thread_blocked, id=1868, stack(0x000000a5fb400000,0x000000a5fb500000)]
  0x00000286a84fbaa0 JavaThread "Execution worker Thread 5" [_thread_blocked, id=16712, stack(0x000000a5fb500000,0x000000a5fb600000)]
  0x00000286a84ff930 JavaThread "Execution worker Thread 6" [_thread_blocked, id=16932, stack(0x000000a5fb600000,0x000000a5fb700000)]
  0x00000286a84ffe00 JavaThread "Execution worker Thread 7" [_thread_blocked, id=12684, stack(0x000000a5fb700000,0x000000a5fb800000)]
  0x00000286a8501140 JavaThread "Execution worker Thread 8" [_thread_blocked, id=16564, stack(0x000000a5fb800000,0x000000a5fb900000)]
  0x00000286a85002d0 JavaThread "Execution worker Thread 9" [_thread_blocked, id=6336, stack(0x000000a5fb900000,0x000000a5fba00000)]
  0x00000286a85007a0 JavaThread "Execution worker Thread 10" [_thread_blocked, id=30468, stack(0x000000a5fba00000,0x000000a5fbb00000)]
  0x00000286a8500c70 JavaThread "Execution worker Thread 11" [_thread_blocked, id=23596, stack(0x000000a5fbb00000,0x000000a5fbc00000)]
  0x00000286a35aaf10 JavaThread "Cache worker for execution history cache (D:\src\flutter\packages\flutter_tools\gradle\.gradle\7.6.3\executionHistory)" [_thread_blocked, id=20316, stack(0x000000a5fbc00000,0x000000a5fbd00000)]
  0x00000286a35ac720 JavaThread "Unconstrained build operations" [_thread_blocked, id=24524, stack(0x000000a5fbd00000,0x000000a5fbe00000)]
  0x00000286a35acbf0 JavaThread "Unconstrained build operations Thread 2" [_thread_blocked, id=18908, stack(0x000000a5fbe00000,0x000000a5fbf00000)]
  0x00000286a35aaa40 JavaThread "Unconstrained build operations Thread 3" [_thread_blocked, id=27800, stack(0x000000a5fbf00000,0x000000a5fc000000)]
  0x00000286a35ab3e0 JavaThread "Unconstrained build operations Thread 4" [_thread_blocked, id=17544, stack(0x000000a5fc000000,0x000000a5fc100000)]
  0x00000286a35ab8b0 JavaThread "Unconstrained build operations Thread 5" [_thread_blocked, id=20508, stack(0x000000a5fc100000,0x000000a5fc200000)]
  0x00000286a35ad0c0 JavaThread "Unconstrained build operations Thread 6" [_thread_blocked, id=22476, stack(0x000000a5fc200000,0x000000a5fc300000)]
  0x00000286a35abd80 JavaThread "Unconstrained build operations Thread 7" [_thread_blocked, id=30760, stack(0x000000a5fc300000,0x000000a5fc400000)]
  0x00000286a35ac250 JavaThread "Unconstrained build operations Thread 8" [_thread_blocked, id=4824, stack(0x000000a5fc400000,0x000000a5fc500000)]
  0x00000286a35aa570 JavaThread "Unconstrained build operations Thread 9" [_thread_blocked, id=5892, stack(0x000000a5fc500000,0x000000a5fc600000)]
  0x00000286a35adf30 JavaThread "Unconstrained build operations Thread 10" [_thread_blocked, id=24308, stack(0x000000a5fc600000,0x000000a5fc700000)]
  0x00000286a35b0f50 JavaThread "Unconstrained build operations Thread 11" [_thread_blocked, id=2160, stack(0x000000a5fc700000,0x000000a5fc800000)]
  0x00000286a35ae8d0 JavaThread "Unconstrained build operations Thread 12" [_thread_blocked, id=8392, stack(0x000000a5fc800000,0x000000a5fc900000)]
  0x00000286a35ada60 JavaThread "Unconstrained build operations Thread 13" [_thread_blocked, id=31496, stack(0x000000a5fc900000,0x000000a5fca00000)]
  0x00000286a35ad590 JavaThread "Unconstrained build operations Thread 14" [_thread_blocked, id=23108, stack(0x000000a5fca00000,0x000000a5fcb00000)]
  0x00000286a35ae400 JavaThread "Unconstrained build operations Thread 15" [_thread_blocked, id=20736, stack(0x000000a5fcb00000,0x000000a5fcc00000)]
  0x00000286a35b05b0 JavaThread "Unconstrained build operations Thread 16" [_thread_blocked, id=25288, stack(0x000000a5fcc00000,0x000000a5fcd00000)]
  0x00000286a35af740 JavaThread "Unconstrained build operations Thread 17" [_thread_blocked, id=26044, stack(0x000000a5fcd00000,0x000000a5fce00000)]
  0x00000286a35b1420 JavaThread "Unconstrained build operations Thread 18" [_thread_blocked, id=30948, stack(0x000000a5fce00000,0x000000a5fcf00000)]
  0x00000286a35b1dc0 JavaThread "Unconstrained build operations Thread 19" [_thread_blocked, id=28708, stack(0x000000a5fcf00000,0x000000a5fd000000)]
  0x00000286a35b18f0 JavaThread "Unconstrained build operations Thread 20" [_thread_blocked, id=21032, stack(0x000000a5fd000000,0x000000a5fd100000)]
  0x00000286a35aeda0 JavaThread "Unconstrained build operations Thread 21" [_thread_blocked, id=5480, stack(0x000000a5fd100000,0x000000a5fd200000)]
  0x00000286a35af270 JavaThread "Unconstrained build operations Thread 22" [_thread_blocked, id=4876, stack(0x000000a5fd200000,0x000000a5fd300000)]
  0x00000286a4aa4bb0 JavaThread "Unconstrained build operations Thread 23" [_thread_blocked, id=20616, stack(0x000000a5fd300000,0x000000a5fd400000)]
  0x00000286a4aa98b0 JavaThread "Unconstrained build operations Thread 24" [_thread_blocked, id=17396, stack(0x000000a5fd400000,0x000000a5fd500000)]
  0x00000286a84f9dc0 JavaThread "Unconstrained build operations Thread 25" [_thread_blocked, id=25500, stack(0x000000a5fd500000,0x000000a5fd600000)]
  0x00000286a52fc490 JavaThread "Unconstrained build operations Thread 26" [_thread_blocked, id=26080, stack(0x000000a5fd600000,0x000000a5fd700000)]
  0x00000286a52fbfc0 JavaThread "Unconstrained build operations Thread 27" [_thread_blocked, id=8364, stack(0x000000a5fd700000,0x000000a5fd800000)]
  0x00000286a52fdca0 JavaThread "Unconstrained build operations Thread 28" [_thread_blocked, id=11584, stack(0x000000a5fd800000,0x000000a5fd900000)]
  0x00000286a52feb10 JavaThread "Unconstrained build operations Thread 29" [_thread_blocked, id=25960, stack(0x000000a5fd900000,0x000000a5fda00000)]
  0x00000286a52fc960 JavaThread "Unconstrained build operations Thread 30" [_thread_blocked, id=21904, stack(0x000000a5fda00000,0x000000a5fdb00000)]
  0x00000286a52fbaf0 JavaThread "Unconstrained build operations Thread 31" [_thread_blocked, id=23668, stack(0x000000a5fdb00000,0x000000a5fdc00000)]
  0x00000286a52fce30 JavaThread "Unconstrained build operations Thread 32" [_thread_blocked, id=20940, stack(0x000000a5fdc00000,0x000000a5fdd00000)]
  0x00000286a52fd300 JavaThread "Unconstrained build operations Thread 33" [_thread_blocked, id=10344, stack(0x000000a5fdd00000,0x000000a5fde00000)]
  0x00000286a52fd7d0 JavaThread "Unconstrained build operations Thread 34" [_thread_blocked, id=20376, stack(0x000000a5fde00000,0x000000a5fdf00000)]
  0x00000286a52fe170 JavaThread "Unconstrained build operations Thread 35" [_thread_blocked, id=25864, stack(0x000000a5fdf00000,0x000000a5fe000000)]
  0x00000286a52fb620 JavaThread "Unconstrained build operations Thread 36" [_thread_blocked, id=9440, stack(0x000000a5fe000000,0x000000a5fe100000)]
  0x00000286a5301b30 JavaThread "Unconstrained build operations Thread 37" [_thread_blocked, id=14396, stack(0x000000a5fe100000,0x000000a5fe200000)]
  0x00000286a5300cc0 JavaThread "Unconstrained build operations Thread 38" [_thread_blocked, id=8252, stack(0x000000a5fe200000,0x000000a5fe300000)]
  0x00000286a52fefe0 JavaThread "Unconstrained build operations Thread 39" [_thread_blocked, id=18152, stack(0x000000a5fe300000,0x000000a5fe400000)]
  0x00000286a52ff980 JavaThread "Unconstrained build operations Thread 40" [_thread_blocked, id=27128, stack(0x000000a5fe400000,0x000000a5fe500000)]
  0x00000286a5300320 JavaThread "Unconstrained build operations Thread 41" [_thread_blocked, id=24180, stack(0x000000a5fe500000,0x000000a5fe600000)]
  0x00000286a52ff4b0 JavaThread "Unconstrained build operations Thread 42" [_thread_blocked, id=23928, stack(0x000000a5fe600000,0x000000a5fe700000)]
  0x00000286a52ffe50 JavaThread "Unconstrained build operations Thread 43" [_thread_blocked, id=28208, stack(0x000000a5fe700000,0x000000a5fe800000)]
  0x00000286a53007f0 JavaThread "Unconstrained build operations Thread 44" [_thread_blocked, id=12964, stack(0x000000a5fe800000,0x000000a5fe900000)]
  0x00000286a52fe640 JavaThread "Unconstrained build operations Thread 45" [_thread_blocked, id=24120, stack(0x000000a5fe900000,0x000000a5fea00000)]
  0x00000286a53029a0 JavaThread "Unconstrained build operations Thread 46" [_thread_blocked, id=29616, stack(0x000000a5fea00000,0x000000a5feb00000)]
  0x00000286a5301190 JavaThread "Unconstrained build operations Thread 47" [_thread_blocked, id=16340, stack(0x000000a5feb00000,0x000000a5fec00000)]
  0x00000286a5301660 JavaThread "Unconstrained build operations Thread 48" [_thread_blocked, id=30476, stack(0x000000a5fec00000,0x000000a5fed00000)]
  0x00000286a5302000 JavaThread "Unconstrained build operations Thread 49" [_thread_blocked, id=12520, stack(0x000000a5fed00000,0x000000a5fee00000)]
  0x00000286a5302e70 JavaThread "Unconstrained build operations Thread 50" [_thread_blocked, id=29924, stack(0x000000a5fee00000,0x000000a5fef00000)]
  0x00000286a53024d0 JavaThread "Unconstrained build operations Thread 51" [_thread_blocked, id=23044, stack(0x000000a5fef00000,0x000000a5ff000000)]
  0x00000286a88868f0 JavaThread "Unconstrained build operations Thread 52" [_thread_blocked, id=19900, stack(0x000000a5ff000000,0x000000a5ff100000)]
  0x00000286a8884270 JavaThread "Unconstrained build operations Thread 53" [_thread_blocked, id=23428, stack(0x000000a5ff100000,0x000000a5ff200000)]
  0x00000286a8884c10 JavaThread "Unconstrained build operations Thread 54" [_thread_blocked, id=29836, stack(0x000000a5ff200000,0x000000a5ff300000)]
  0x00000286a88838d0 JavaThread "Unconstrained build operations Thread 55" [_thread_blocked, id=20836, stack(0x000000a5ff300000,0x000000a5ff400000)]
  0x00000286a88850e0 JavaThread "Unconstrained build operations Thread 56" [_thread_blocked, id=14108, stack(0x000000a5ff400000,0x000000a5ff500000)]
  0x00000286a88855b0 JavaThread "Unconstrained build operations Thread 57" [_thread_blocked, id=30492, stack(0x000000a5ff500000,0x000000a5ff600000)]
  0x00000286a8885a80 JavaThread "Unconstrained build operations Thread 58" [_thread_blocked, id=24732, stack(0x000000a5ff600000,0x000000a5ff700000)]
  0x00000286a8884740 JavaThread "Unconstrained build operations Thread 59" [_thread_blocked, id=4860, stack(0x000000a5ff700000,0x000000a5ff800000)]
  0x00000286a8886dc0 JavaThread "Unconstrained build operations Thread 60" [_thread_blocked, id=26092, stack(0x000000a5ff800000,0x000000a5ff900000)]
  0x00000286a8885f50 JavaThread "Unconstrained build operations Thread 61" [_thread_blocked, id=29228, stack(0x000000a5ff900000,0x000000a5ffa00000)]
  0x00000286a8886420 JavaThread "Unconstrained build operations Thread 62" [_thread_blocked, id=8744, stack(0x000000a5ffa00000,0x000000a5ffb00000)]
  0x00000286a8887290 JavaThread "Unconstrained build operations Thread 63" [_thread_blocked, id=12952, stack(0x000000a5ffb00000,0x000000a5ffc00000)]
  0x00000286a8887760 JavaThread "Unconstrained build operations Thread 64" [_thread_blocked, id=26956, stack(0x000000a5ffc00000,0x000000a5ffd00000)]
  0x00000286a8883da0 JavaThread "Unconstrained build operations Thread 65" [_thread_blocked, id=1804, stack(0x000000a5ffd00000,0x000000a5ffe00000)]
  0x00000286a8889440 JavaThread "Unconstrained build operations Thread 66" [_thread_blocked, id=11324, stack(0x000000a5ffe00000,0x000000a5fff00000)]
  0x00000286a8889de0 JavaThread "Unconstrained build operations Thread 67" [_thread_blocked, id=20848, stack(0x000000a5fff00000,0x000000a600000000)]
  0x00000286a8888aa0 JavaThread "Unconstrained build operations Thread 68" [_thread_blocked, id=20928, stack(0x000000a580000000,0x000000a580100000)]
  0x00000286a888a2b0 JavaThread "Unconstrained build operations Thread 69" [_thread_blocked, id=10964, stack(0x000000a580100000,0x000000a580200000)]
  0x00000286a888a780 JavaThread "Unconstrained build operations Thread 70" [_thread_blocked, id=8380, stack(0x000000a580200000,0x000000a580300000)]
  0x00000286a888ac50 JavaThread "Unconstrained build operations Thread 71" [_thread_blocked, id=26404, stack(0x000000a580300000,0x000000a580400000)]
  0x00000286a8888f70 JavaThread "Unconstrained build operations Thread 72" [_thread_blocked, id=9732, stack(0x000000a580400000,0x000000a580500000)]
  0x00000286a8889910 JavaThread "Unconstrained build operations Thread 73" [_thread_blocked, id=22436, stack(0x000000a580500000,0x000000a580600000)]
  0x00000286a8887c30 JavaThread "Unconstrained build operations Thread 74" [_thread_blocked, id=11664, stack(0x000000a580600000,0x000000a580700000)]
  0x00000286a888b120 JavaThread "Unconstrained build operations Thread 75" [_thread_blocked, id=15680, stack(0x000000a580700000,0x000000a580800000)]
  0x00000286a8888100 JavaThread "Unconstrained build operations Thread 76" [_thread_blocked, id=26164, stack(0x000000a580800000,0x000000a580900000)]
  0x00000286a88885d0 JavaThread "Unconstrained build operations Thread 77" [_thread_blocked, id=30516, stack(0x000000a580900000,0x000000a580a00000)]
  0x00000286a9d720c0 JavaThread "Unconstrained build operations Thread 78" [_thread_blocked, id=31500, stack(0x000000a580a00000,0x000000a580b00000)]
  0x00000286a9d72f30 JavaThread "Unconstrained build operations Thread 79" [_thread_blocked, id=9944, stack(0x000000a580b00000,0x000000a580c00000)]
  0x00000286a9d72590 JavaThread "Unconstrained build operations Thread 80" [_thread_blocked, id=29516, stack(0x000000a580c00000,0x000000a580d00000)]
  0x00000286a9d71720 JavaThread "Unconstrained build operations Thread 81" [_thread_blocked, id=27452, stack(0x000000a580d00000,0x000000a580e00000)]
  0x00000286a9d6ff10 JavaThread "Unconstrained build operations Thread 82" [_thread_blocked, id=15324, stack(0x000000a580e00000,0x000000a580f00000)]
  0x00000286a9d72a60 JavaThread "Unconstrained build operations Thread 83" [_thread_blocked, id=10608, stack(0x000000a580f00000,0x000000a581000000)]
  0x00000286a9d73400 JavaThread "Unconstrained build operations Thread 84" [_thread_blocked, id=25608, stack(0x000000a581000000,0x000000a581100000)]
  0x00000286a9d738d0 JavaThread "Unconstrained build operations Thread 85" [_thread_blocked, id=29248, stack(0x000000a581100000,0x000000a581200000)]
  0x00000286a9d71bf0 JavaThread "Unconstrained build operations Thread 86" [_thread_blocked, id=1872, stack(0x000000a581200000,0x000000a581300000)]
  0x00000286a9d71250 JavaThread "Unconstrained build operations Thread 87" [_thread_blocked, id=18532, stack(0x000000a581300000,0x000000a581400000)]
  0x00000286a9d73da0 JavaThread "Unconstrained build operations Thread 88" [_thread_blocked, id=27760, stack(0x000000a581400000,0x000000a581500000)]
  0x00000286a9d703e0 JavaThread "Unconstrained build operations Thread 89" [_thread_blocked, id=29084, stack(0x000000a581500000,0x000000a581600000)]
  0x00000286a9d708b0 JavaThread "Unconstrained build operations Thread 90" [_thread_blocked, id=9508, stack(0x000000a581600000,0x000000a581700000)]
  0x00000286a9d74270 JavaThread "Unconstrained build operations Thread 91" [_thread_blocked, id=17152, stack(0x000000a581700000,0x000000a581800000)]
  0x00000286a9d75f50 JavaThread "Unconstrained build operations Thread 92" [_thread_blocked, id=30900, stack(0x000000a581800000,0x000000a581900000)]
  0x00000286a9d74740 JavaThread "Unconstrained build operations Thread 93" [_thread_blocked, id=31688, stack(0x000000a581900000,0x000000a581a00000)]
  0x00000286a9d76420 JavaThread "Unconstrained build operations Thread 94" [_thread_blocked, id=28216, stack(0x000000a581a00000,0x000000a581b00000)]
  0x00000286a9d70d80 JavaThread "Unconstrained build operations Thread 95" [_thread_blocked, id=15376, stack(0x000000a581b00000,0x000000a581c00000)]
  0x00000286a9d74c10 JavaThread "Unconstrained build operations Thread 96" [_thread_blocked, id=26768, stack(0x000000a581c00000,0x000000a581d00000)]
  0x00000286a9d750e0 JavaThread "Unconstrained build operations Thread 97" [_thread_blocked, id=24600, stack(0x000000a581d00000,0x000000a581e00000)]
  0x00000286a9d755b0 JavaThread "Unconstrained build operations Thread 98" [_thread_blocked, id=18436, stack(0x000000a581e00000,0x000000a581f00000)]
  0x00000286a9d768f0 JavaThread "Unconstrained build operations Thread 99" [_thread_blocked, id=6500, stack(0x000000a581f00000,0x000000a582000000)]
  0x00000286a9d77290 JavaThread "Unconstrained build operations Thread 100" [_thread_blocked, id=11244, stack(0x000000a582000000,0x000000a582100000)]
  0x00000286a9d75a80 JavaThread "Unconstrained build operations Thread 101" [_thread_blocked, id=8576, stack(0x000000a582100000,0x000000a582200000)]
  0x00000286a9d76dc0 JavaThread "Unconstrained build operations Thread 102" [_thread_blocked, id=24824, stack(0x000000a582200000,0x000000a582300000)]
  0x00000286a9d77760 JavaThread "Unconstrained build operations Thread 103" [_thread_blocked, id=25244, stack(0x000000a582300000,0x000000a582400000)]
  0x00000286a820f2c0 JavaThread "Unconstrained build operations Thread 104" [_thread_blocked, id=4468, stack(0x000000a582400000,0x000000a582500000)]
  0x00000286a820df80 JavaThread "Unconstrained build operations Thread 105" [_thread_blocked, id=26484, stack(0x000000a582500000,0x000000a582600000)]
  0x00000286a8210ad0 JavaThread "Unconstrained build operations Thread 106" [_thread_blocked, id=13496, stack(0x000000a582600000,0x000000a582700000)]
  0x00000286a820f790 JavaThread "Unconstrained build operations Thread 107" [_thread_blocked, id=24056, stack(0x000000a582700000,0x000000a582800000)]
  0x00000286a820e920 JavaThread "Unconstrained build operations Thread 108" [_thread_blocked, id=26628, stack(0x000000a582800000,0x000000a582900000)]
  0x00000286a820e450 JavaThread "Unconstrained build operations Thread 109" [_thread_blocked, id=26916, stack(0x000000a582900000,0x000000a582a00000)]
  0x00000286a8211470 JavaThread "Unconstrained build operations Thread 110" [_thread_blocked, id=25160, stack(0x000000a582a00000,0x000000a582b00000)]
  0x00000286a8211940 JavaThread "Unconstrained build operations Thread 111" [_thread_blocked, id=31052, stack(0x000000a582b00000,0x000000a582c00000)]
  0x00000286a8211e10 JavaThread "Unconstrained build operations Thread 112" [_thread_blocked, id=8896, stack(0x000000a582c00000,0x000000a582d00000)]
  0x00000286a8210fa0 JavaThread "Unconstrained build operations Thread 113" [_thread_blocked, id=21280, stack(0x000000a582d00000,0x000000a582e00000)]
  0x00000286a82122e0 JavaThread "Unconstrained build operations Thread 114" [_thread_blocked, id=14264, stack(0x000000a582e00000,0x000000a582f00000)]
  0x00000286a82127b0 JavaThread "Unconstrained build operations Thread 115" [_thread_blocked, id=30220, stack(0x000000a582f00000,0x000000a583000000)]
  0x00000286a820edf0 JavaThread "Unconstrained build operations Thread 116" [_thread_blocked, id=2540, stack(0x000000a583000000,0x000000a583100000)]
  0x00000286a8212c80 JavaThread "Unconstrained build operations Thread 117" [_thread_blocked, id=13480, stack(0x000000a583100000,0x000000a583200000)]
  0x00000286a8213150 JavaThread "Unconstrained build operations Thread 118" [_thread_blocked, id=25460, stack(0x000000a583200000,0x000000a583300000)]
  0x00000286a8213620 JavaThread "Unconstrained build operations Thread 119" [_thread_blocked, id=12800, stack(0x000000a583300000,0x000000a583400000)]
  0x00000286a820fc60 JavaThread "Unconstrained build operations Thread 120" [_thread_blocked, id=30924, stack(0x000000a583400000,0x000000a583500000)]
  0x00000286a8213af0 JavaThread "jar transforms Thread 5" [_thread_blocked, id=10256, stack(0x000000a583500000,0x000000a583600000)]
  0x00000286a8210130 JavaThread "jar transforms Thread 6" [_thread_blocked, id=21888, stack(0x000000a583600000,0x000000a583700000)]
  0x00000286a8213fc0 JavaThread "jar transforms Thread 7" [_thread_blocked, id=8336, stack(0x000000a583700000,0x000000a583800000)]
  0x00000286a8210600 JavaThread "jar transforms Thread 8" [_thread_blocked, id=21828, stack(0x000000a583800000,0x000000a583900000)]
  0x00000286a8214490 JavaThread "jar transforms Thread 9" [_thread_blocked, id=1440, stack(0x000000a583900000,0x000000a583a00000)]
  0x00000286a8214960 JavaThread "jar transforms Thread 10" [_thread_blocked, id=30248, stack(0x000000a583a00000,0x000000a583b00000)]
  0x00000286a8214e30 JavaThread "jar transforms Thread 11" [_thread_blocked, id=22944, stack(0x000000a583b00000,0x000000a583c00000)]
  0x00000286a8215300 JavaThread "jar transforms Thread 12" [_thread_blocked, id=16168, stack(0x000000a583c00000,0x000000a583d00000)]
  0x00000286b742a010 JavaThread "C2 CompilerThread1" daemon [_thread_in_native, id=26776, stack(0x000000a583f00000,0x000000a584000000)]
  0x00000286b541a780 JavaThread "Cache worker for Build Output Cleanup Cache (D:\Flutter\mac_doc\android\.gradle\buildOutputCleanup)" [_thread_blocked, id=14140, stack(0x000000a584000000,0x000000a584100000)]
  0x00000286a5122030 JavaThread "C2 CompilerThread2" daemon [_thread_in_native, id=7268, stack(0x000000a584100000,0x000000a584200000)]

Other Threads:
  0x00000286a27125c0 VMThread "VM Thread" [stack: 0x000000a5f7500000,0x000000a5f7600000] [id=11400]
  0x00000286a32322c0 WatcherThread [stack: 0x000000a5f8100000,0x000000a5f8200000] [id=12756]
  0x00000286fd583e80 GCTaskThread "GC Thread#0" [stack: 0x000000a5f7000000,0x000000a5f7100000] [id=31356]
  0x00000286a3e7e3c0 GCTaskThread "GC Thread#1" [stack: 0x000000a5f8300000,0x000000a5f8400000] [id=19416]
  0x00000286a3e7e670 GCTaskThread "GC Thread#2" [stack: 0x000000a5f8400000,0x000000a5f8500000] [id=27376]
  0x00000286a383a630 GCTaskThread "GC Thread#3" [stack: 0x000000a5f8500000,0x000000a5f8600000] [id=23948]
  0x00000286a3d630c0 GCTaskThread "GC Thread#4" [stack: 0x000000a5f8600000,0x000000a5f8700000] [id=22872]
  0x00000286a34d9580 GCTaskThread "GC Thread#5" [stack: 0x000000a5f9400000,0x000000a5f9500000] [id=29964]
  0x00000286a543b6e0 GCTaskThread "GC Thread#6" [stack: 0x000000a5f9500000,0x000000a5f9600000] [id=18620]
  0x00000286a543b990 GCTaskThread "GC Thread#7" [stack: 0x000000a5f9600000,0x000000a5f9700000] [id=13824]
  0x00000286a5b7f930 GCTaskThread "GC Thread#8" [stack: 0x000000a5f9700000,0x000000a5f9800000] [id=7584]
  0x00000286a5b801f0 GCTaskThread "GC Thread#9" [stack: 0x000000a5f9800000,0x000000a5f9900000] [id=12276]
  0x00000286fd594e30 ConcurrentGCThread "G1 Main Marker" [stack: 0x000000a5f7100000,0x000000a5f7200000] [id=20672]
  0x00000286fd598180 ConcurrentGCThread "G1 Conc#0" [stack: 0x000000a5f7200000,0x000000a5f7300000] [id=24924]
  0x00000286a5e97720 ConcurrentGCThread "G1 Conc#1" [stack: 0x000000a5fa100000,0x000000a5fa200000] [id=21288]
  0x00000286a5e969b0 ConcurrentGCThread "G1 Conc#2" [stack: 0x000000a5fa200000,0x000000a5fa300000] [id=8668]
  0x00000286fd5f8d70 ConcurrentGCThread "G1 Refine#0" [stack: 0x000000a5f7300000,0x000000a5f7400000] [id=20144]
  0x00000286a853af10 ConcurrentGCThread "G1 Refine#1" [stack: 0x000000a5fab00000,0x000000a5fac00000] [id=19316]
  0x00000286a853c050 ConcurrentGCThread "G1 Refine#2" [stack: 0x000000a5fac00000,0x000000a5fad00000] [id=23116]
  0x00000286a853b4d0 ConcurrentGCThread "G1 Refine#3" [stack: 0x000000a5fad00000,0x000000a5fae00000] [id=8196]
  0x00000286a853d750 ConcurrentGCThread "G1 Refine#4" [stack: 0x000000a5fae00000,0x000000a5faf00000] [id=29608]
  0x00000286fd5f9540 ConcurrentGCThread "G1 Service" [stack: 0x000000a5f7400000,0x000000a5f7500000] [id=3460]

Threads with active compile tasks:
C2 CompilerThread0    41781 11188       4       sun.reflect.generics.parser.SignatureParser::parsePackageNameAndSimpleClassTypeSignature (119 bytes)
C1 CompilerThread0    41781 11283       3       org.gradle.internal.reflect.ClassInspector::visitGraph (98 bytes)
C2 CompilerThread1    41781 11266       4       org.objectweb.asm.AnnotationWriter::putAnnotations (67 bytes)
C2 CompilerThread2    41782 11262       4       org.objectweb.asm.SymbolTable::addConstantUtf8 (98 bytes)

VM state: not at safepoint (normal execution)

VM Mutex/Monitor currently owned by a thread: None

Heap address: 0x0000000700000000, size: 4096 MB, Compressed Oops mode: Zero based, Oop shift amount: 3

CDS archive(s) mapped at: [0x0000000800000000-0x0000000800bc0000-0x0000000800bc0000), size 12320768, SharedBaseAddress: 0x0000000800000000, ArchiveRelocationMode: 0.
Compressed class space mapped at: 0x0000000800c00000-0x0000000840c00000, reserved size: 1073741824
Narrow klass base: 0x0000000800000000, Narrow klass shift: 0, Narrow klass range: 0x100000000

GC Precious Log:
 CPUs: 12 total, 12 available
 Memory: 8013M
 Large Page Support: Disabled
 NUMA Support: Disabled
 Compressed Oops: Enabled (Zero based)
 Heap Region Size: 2M
 Heap Min Capacity: 8M
 Heap Initial Capacity: 126M
 Heap Max Capacity: 4G
 Pre-touch: Disabled
 Parallel Workers: 10
 Concurrent Workers: 3
 Concurrent Refinement Workers: 10
 Periodic GC: Disabled

Heap:
 garbage-first heap   total 172032K, used 120798K [0x0000000700000000, 0x0000000800000000)
  region size 2048K, 19 young (38912K), 2 survivors (4096K)
 Metaspace       used 107581K, committed 108288K, reserved 1146880K
  class space    used 14314K, committed 14656K, reserved 1048576K

Heap Regions: E=young(eden), S=young(survivor), O=old, HS=humongous(starts), HC=humongous(continues), CS=collection set, F=free, OA=open archive, CA=closed archive, TAMS=top-at-mark-start (previous, next)
|   0|0x0000000700000000, 0x0000000700200000, 0x0000000700200000|100%|HS|  |TAMS 0x0000000700200000, 0x0000000700000000| Complete 
|   1|0x0000000700200000, 0x0000000700400000, 0x0000000700400000|100%|HC|  |TAMS 0x0000000700400000, 0x0000000700200000| Complete 
|   2|0x0000000700400000, 0x0000000700600000, 0x0000000700600000|100%| O|  |TAMS 0x0000000700600000, 0x0000000700400000| Untracked 
|   3|0x0000000700600000, 0x0000000700800000, 0x0000000700800000|100%| O|  |TAMS 0x0000000700800000, 0x0000000700600000| Untracked 
|   4|0x0000000700800000, 0x0000000700a00000, 0x0000000700a00000|100%| O|  |TAMS 0x0000000700a00000, 0x0000000700800000| Untracked 
|   5|0x0000000700a00000, 0x0000000700c00000, 0x0000000700c00000|100%| O|  |TAMS 0x0000000700c00000, 0x0000000700a00000| Untracked 
|   6|0x0000000700c00000, 0x0000000700e00000, 0x0000000700e00000|100%| O|  |TAMS 0x0000000700e00000, 0x0000000700c00000| Untracked 
|   7|0x0000000700e00000, 0x0000000701000000, 0x0000000701000000|100%| O|  |TAMS 0x0000000701000000, 0x0000000700e00000| Untracked 
|   8|0x0000000701000000, 0x0000000701200000, 0x0000000701200000|100%| O|  |TAMS 0x0000000701200000, 0x0000000701000000| Untracked 
|   9|0x0000000701200000, 0x0000000701400000, 0x0000000701400000|100%| O|  |TAMS 0x0000000701400000, 0x0000000701200000| Untracked 
|  10|0x0000000701400000, 0x0000000701600000, 0x0000000701600000|100%| O|  |TAMS 0x0000000701600000, 0x0000000701400000| Untracked 
|  11|0x0000000701600000, 0x0000000701800000, 0x0000000701800000|100%| O|  |TAMS 0x0000000701800000, 0x0000000701600000| Untracked 
|  12|0x0000000701800000, 0x0000000701a00000, 0x0000000701a00000|100%| O|  |TAMS 0x0000000701a00000, 0x0000000701800000| Untracked 
|  13|0x0000000701a00000, 0x0000000701c00000, 0x0000000701c00000|100%| O|  |TAMS 0x0000000701c00000, 0x0000000701a00000| Untracked 
|  14|0x0000000701c00000, 0x0000000701e00000, 0x0000000701e00000|100%| O|  |TAMS 0x0000000701e00000, 0x0000000701c00000| Untracked 
|  15|0x0000000701e00000, 0x0000000702000000, 0x0000000702000000|100%| O|  |TAMS 0x0000000702000000, 0x0000000701e00000| Untracked 
|  16|0x0000000702000000, 0x0000000702200000, 0x0000000702200000|100%| O|  |TAMS 0x0000000702200000, 0x0000000702000000| Untracked 
|  17|0x0000000702200000, 0x0000000702400000, 0x0000000702400000|100%|HS|  |TAMS 0x0000000702400000, 0x0000000702200000| Complete 
|  18|0x0000000702400000, 0x0000000702600000, 0x0000000702600000|100%|HC|  |TAMS 0x0000000702600000, 0x0000000702400000| Complete 
|  19|0x0000000702600000, 0x0000000702600000, 0x0000000702800000|  0%| F|  |TAMS 0x0000000702600000, 0x0000000702600000| Untracked 
|  20|0x0000000702800000, 0x0000000702800000, 0x0000000702a00000|  0%| F|  |TAMS 0x0000000702800000, 0x0000000702800000| Untracked 
|  21|0x0000000702a00000, 0x0000000702c00000, 0x0000000702c00000|100%| O|  |TAMS 0x0000000702c00000, 0x0000000702a00000| Untracked 
|  22|0x0000000702c00000, 0x0000000702e00000, 0x0000000702e00000|100%| O|  |TAMS 0x0000000702e00000, 0x0000000702c00000| Untracked 
|  23|0x0000000702e00000, 0x0000000703000000, 0x0000000703000000|100%| O|  |TAMS 0x0000000703000000, 0x0000000702e00000| Untracked 
|  24|0x0000000703000000, 0x0000000703200000, 0x0000000703200000|100%| O|  |TAMS 0x0000000703200000, 0x0000000703000000| Untracked 
|  25|0x0000000703200000, 0x0000000703400000, 0x0000000703400000|100%| O|  |TAMS 0x0000000703400000, 0x0000000703200000| Untracked 
|  26|0x0000000703400000, 0x0000000703600000, 0x0000000703600000|100%| O|  |TAMS 0x0000000703600000, 0x0000000703400000| Complete 
|  27|0x0000000703600000, 0x0000000703600000, 0x0000000703800000|  0%| F|  |TAMS 0x0000000703600000, 0x0000000703600000| Untracked 
|  28|0x0000000703800000, 0x0000000703a00000, 0x0000000703a00000|100%| O|  |TAMS 0x0000000703a00000, 0x0000000703800000| Untracked 
|  29|0x0000000703a00000, 0x0000000703c00000, 0x0000000703c00000|100%| O|  |TAMS 0x0000000703c00000, 0x0000000703a00000| Untracked 
|  30|0x0000000703c00000, 0x0000000703e00000, 0x0000000703e00000|100%| O|  |TAMS 0x0000000703e00000, 0x0000000703c00000| Untracked 
|  31|0x0000000703e00000, 0x0000000704000000, 0x0000000704000000|100%| O|  |TAMS 0x0000000704000000, 0x0000000703e00000| Untracked 
|  32|0x0000000704000000, 0x0000000704200000, 0x0000000704200000|100%| O|  |TAMS 0x0000000704200000, 0x0000000704000000| Untracked 
|  33|0x0000000704200000, 0x0000000704400000, 0x0000000704400000|100%|HS|  |TAMS 0x0000000704400000, 0x0000000704200000| Complete 
|  34|0x0000000704400000, 0x0000000704600000, 0x0000000704600000|100%|HC|  |TAMS 0x0000000704600000, 0x0000000704400000| Complete 
|  35|0x0000000704600000, 0x0000000704800000, 0x0000000704800000|100%| O|  |TAMS 0x0000000704800000, 0x0000000704600000| Untracked 
|  36|0x0000000704800000, 0x0000000704a00000, 0x0000000704a00000|100%| O|  |TAMS 0x0000000704a00000, 0x0000000704800000| Untracked 
|  37|0x0000000704a00000, 0x0000000704c00000, 0x0000000704c00000|100%| O|  |TAMS 0x0000000704c00000, 0x0000000704a00000| Untracked 
|  38|0x0000000704c00000, 0x0000000704e00000, 0x0000000704e00000|100%| O|  |TAMS 0x0000000704e00000, 0x0000000704c00000| Untracked 
|  39|0x0000000704e00000, 0x0000000705000000, 0x0000000705000000|100%| O|  |TAMS 0x0000000705000000, 0x0000000704e00000| Untracked 
|  40|0x0000000705000000, 0x0000000705200000, 0x0000000705200000|100%|HS|  |TAMS 0x0000000705200000, 0x0000000705000000| Complete 
|  41|0x0000000705200000, 0x0000000705400000, 0x0000000705400000|100%| O|  |TAMS 0x0000000705400000, 0x0000000705200000| Untracked 
|  42|0x0000000705400000, 0x0000000705600000, 0x0000000705600000|100%| O|  |TAMS 0x0000000705600000, 0x0000000705400000| Untracked 
|  43|0x0000000705600000, 0x000000070575aa00, 0x0000000705800000| 67%| O|  |TAMS 0x000000070575aa00, 0x0000000705600000| Untracked 
|  44|0x0000000705800000, 0x0000000705800000, 0x0000000705a00000|  0%| F|  |TAMS 0x0000000705800000, 0x0000000705800000| Untracked 
|  45|0x0000000705a00000, 0x0000000705a00000, 0x0000000705c00000|  0%| F|  |TAMS 0x0000000705a00000, 0x0000000705a00000| Untracked 
|  46|0x0000000705c00000, 0x0000000705c00000, 0x0000000705e00000|  0%| F|  |TAMS 0x0000000705c00000, 0x0000000705c00000| Untracked 
|  47|0x0000000705e00000, 0x0000000705e00000, 0x0000000706000000|  0%| F|  |TAMS 0x0000000705e00000, 0x0000000705e00000| Untracked 
|  48|0x0000000706000000, 0x0000000706000000, 0x0000000706200000|  0%| F|  |TAMS 0x0000000706000000, 0x0000000706000000| Untracked 
|  49|0x0000000706200000, 0x0000000706200000, 0x0000000706400000|  0%| F|  |TAMS 0x0000000706200000, 0x0000000706200000| Untracked 
|  50|0x0000000706400000, 0x0000000706400000, 0x0000000706600000|  0%| F|  |TAMS 0x0000000706400000, 0x0000000706400000| Untracked 
|  51|0x0000000706600000, 0x0000000706600000, 0x0000000706800000|  0%| F|  |TAMS 0x0000000706600000, 0x0000000706600000| Untracked 
|  52|0x0000000706800000, 0x0000000706800000, 0x0000000706a00000|  0%| F|  |TAMS 0x0000000706800000, 0x0000000706800000| Untracked 
|  53|0x0000000706a00000, 0x0000000706a00000, 0x0000000706c00000|  0%| F|  |TAMS 0x0000000706a00000, 0x0000000706a00000| Untracked 
|  54|0x0000000706c00000, 0x0000000706c00000, 0x0000000706e00000|  0%| F|  |TAMS 0x0000000706c00000, 0x0000000706c00000| Untracked 
|  55|0x0000000706e00000, 0x0000000706e9cf08, 0x0000000707000000| 30%| S|CS|TAMS 0x0000000706e00000, 0x0000000706e00000| Complete 
|  56|0x0000000707000000, 0x0000000707200000, 0x0000000707200000|100%| S|CS|TAMS 0x0000000707000000, 0x0000000707000000| Complete 
|  57|0x0000000707200000, 0x0000000707200000, 0x0000000707400000|  0%| F|  |TAMS 0x0000000707200000, 0x0000000707200000| Untracked 
|  58|0x0000000707400000, 0x0000000707400000, 0x0000000707600000|  0%| F|  |TAMS 0x0000000707400000, 0x0000000707400000| Untracked 
|  59|0x0000000707600000, 0x0000000707600000, 0x0000000707800000|  0%| F|  |TAMS 0x0000000707600000, 0x0000000707600000| Untracked 
|  60|0x0000000707800000, 0x0000000707800000, 0x0000000707a00000|  0%| F|  |TAMS 0x0000000707800000, 0x0000000707800000| Untracked 
|  61|0x0000000707a00000, 0x0000000707a00000, 0x0000000707c00000|  0%| F|  |TAMS 0x0000000707a00000, 0x0000000707a00000| Untracked 
|  62|0x0000000707c00000, 0x0000000707c00000, 0x0000000707e00000|  0%| F|  |TAMS 0x0000000707c00000, 0x0000000707c00000| Untracked 
|  63|0x0000000707e00000, 0x0000000707e00000, 0x0000000708000000|  0%| F|  |TAMS 0x0000000707e00000, 0x0000000707e00000| Untracked 
|  64|0x0000000708000000, 0x0000000708000000, 0x0000000708200000|  0%| F|  |TAMS 0x0000000708000000, 0x0000000708000000| Untracked 
|  65|0x0000000708200000, 0x00000007082a14d8, 0x0000000708400000| 31%| E|  |TAMS 0x0000000708200000, 0x0000000708200000| Complete 
|  66|0x0000000708400000, 0x0000000708600000, 0x0000000708600000|100%| E|CS|TAMS 0x0000000708400000, 0x0000000708400000| Complete 
|  67|0x0000000708600000, 0x0000000708800000, 0x0000000708800000|100%| E|CS|TAMS 0x0000000708600000, 0x0000000708600000| Complete 
|  68|0x0000000708800000, 0x0000000708a00000, 0x0000000708a00000|100%| E|CS|TAMS 0x0000000708800000, 0x0000000708800000| Complete 
|  69|0x0000000708a00000, 0x0000000708c00000, 0x0000000708c00000|100%| E|CS|TAMS 0x0000000708a00000, 0x0000000708a00000| Complete 
|  70|0x0000000708c00000, 0x0000000708e00000, 0x0000000708e00000|100%| E|  |TAMS 0x0000000708c00000, 0x0000000708c00000| Complete 
|  71|0x0000000708e00000, 0x0000000709000000, 0x0000000709000000|100%| E|CS|TAMS 0x0000000708e00000, 0x0000000708e00000| Complete 
|  72|0x0000000709000000, 0x0000000709200000, 0x0000000709200000|100%| E|CS|TAMS 0x0000000709000000, 0x0000000709000000| Complete 
|  73|0x0000000709200000, 0x0000000709400000, 0x0000000709400000|100%| E|CS|TAMS 0x0000000709200000, 0x0000000709200000| Complete 
|  74|0x0000000709400000, 0x0000000709600000, 0x0000000709600000|100%| E|CS|TAMS 0x0000000709400000, 0x0000000709400000| Complete 
|  75|0x0000000709600000, 0x0000000709800000, 0x0000000709800000|100%| E|CS|TAMS 0x0000000709600000, 0x0000000709600000| Complete 
|  76|0x0000000709800000, 0x0000000709a00000, 0x0000000709a00000|100%| E|CS|TAMS 0x0000000709800000, 0x0000000709800000| Complete 
|  77|0x0000000709a00000, 0x0000000709c00000, 0x0000000709c00000|100%| E|CS|TAMS 0x0000000709a00000, 0x0000000709a00000| Complete 
|  78|0x0000000709c00000, 0x0000000709e00000, 0x0000000709e00000|100%| E|CS|TAMS 0x0000000709c00000, 0x0000000709c00000| Complete 
|  79|0x0000000709e00000, 0x000000070a000000, 0x000000070a000000|100%| E|CS|TAMS 0x0000000709e00000, 0x0000000709e00000| Complete 
|  80|0x000000070a000000, 0x000000070a200000, 0x000000070a200000|100%| E|CS|TAMS 0x000000070a000000, 0x000000070a000000| Complete 
|  81|0x000000070a200000, 0x000000070a400000, 0x000000070a400000|100%| E|CS|TAMS 0x000000070a200000, 0x000000070a200000| Complete 
|2046|0x00000007ffc00000, 0x00000007ffe00000, 0x00000007ffe00000|100%| O|  |TAMS 0x00000007ffe00000, 0x00000007ffc00000| Untracked 
|2047|0x00000007ffe00000, 0x0000000800000000, 0x0000000800000000|100%| O|  |TAMS 0x0000000800000000, 0x00000007ffe00000| Untracked 

Card table byte_map: [0x0000028696f30000,0x0000028697730000] _byte_map_base: 0x0000028693730000

Marking Bits (Prev, Next): (CMBitMap*) 0x00000286fd5843a0, (CMBitMap*) 0x00000286fd5843e0
 Prev Bits: [0x0000028697f30000, 0x000002869bf30000)
 Next Bits: [0x000002869bf30000, 0x000002869ff30000)

Polling page: 0x00000286fd4c0000

Metaspace:

Usage:
  Non-class:     91.08 MB used.
      Class:     13.98 MB used.
       Both:    105.06 MB used.

Virtual space:
  Non-class space:       96.00 MB reserved,      91.50 MB ( 95%) committed,  12 nodes.
      Class space:        1.00 GB reserved,      14.31 MB (  1%) committed,  1 nodes.
             Both:        1.09 GB reserved,     105.81 MB (  9%) committed. 

Chunk freelists:
   Non-Class:  575.00 KB
       Class:  1.66 MB
        Both:  2.22 MB

MaxMetaspaceSize: 2.00 GB
CompressedClassSpaceSize: 1.00 GB
Initial GC threshold: 21.00 MB
Current GC threshold: 173.38 MB
CDS: on
MetaspaceReclaimPolicy: balanced
 - commit_granule_bytes: 65536.
 - commit_granule_words: 8192.
 - virtual_space_node_default_size: 1048576.
 - enlarge_chunks_in_place: 1.
 - new_chunks_are_fully_committed: 0.
 - uncommit_free_chunks: 1.
 - use_allocation_guard: 0.
 - handle_deallocations: 1.


Internal statistics:

num_allocs_failed_limit: 9.
num_arena_births: 824.
num_arena_deaths: 0.
num_vsnodes_births: 13.
num_vsnodes_deaths: 0.
num_space_committed: 1691.
num_space_uncommitted: 0.
num_chunks_returned_to_freelist: 9.
num_chunks_taken_from_freelist: 4743.
num_chunk_merges: 9.
num_chunk_splits: 3562.
num_chunks_enlarged: 2822.
num_purges: 0.
num_inconsistent_stats: 0.

CodeHeap 'non-profiled nmethods': size=120000Kb used=5410Kb max_used=5410Kb free=114589Kb
 bounds [0x000002868f200000, 0x000002868f750000, 0x0000028696730000]
CodeHeap 'profiled nmethods': size=120000Kb used=19148Kb max_used=19148Kb free=100851Kb
 bounds [0x0000028687cd0000, 0x0000028688f90000, 0x000002868f200000]
CodeHeap 'non-nmethods': size=5760Kb used=2446Kb max_used=2538Kb free=3313Kb
 bounds [0x0000028687730000, 0x00000286879c0000, 0x0000028687cd0000]
 total_blobs=10718 nmethods=9724 adapters=906
 compilation: enabled
              stopped_count=0, restarted_count=0
 full_count=0

Compilation events (20 events):
Event: 37.556 Thread 0x00000286a2732530 11237       3       org.gradle.configuration.internal.DefaultUserCodeApplicationContext::current (11 bytes)
Event: 37.557 Thread 0x00000286a2732530 nmethod 11237 0x0000028688f6fa90 code [0x0000028688f6fc40, 0x0000028688f6ff28]
Event: 37.557 Thread 0x00000286a2732530 11238       3       org.gradle.api.internal.AbstractMutationGuard::withMutationDisabled (7 bytes)
Event: 37.557 Thread 0x00000286a2732530 nmethod 11238 0x0000028688f70010 code [0x0000028688f701c0, 0x0000028688f70308]
Event: 37.564 Thread 0x00000286a5122030 nmethod 11189 0x000002868f737c90 code [0x000002868f737f60, 0x000002868f73a400]
Event: 37.574 Thread 0x00000286a2732530 11239       3       org.gradle.api.internal.DefaultCollectionCallbackActionDecorator::decorate (51 bytes)
Event: 37.576 Thread 0x00000286a5122030 11227       4       java.lang.ThreadLocal$ThreadLocalMap::set (133 bytes)
Event: 37.578 Thread 0x00000286a2732530 nmethod 11239 0x0000028688f70410 code [0x0000028688f70640, 0x0000028688f71188]
Event: 37.584 Thread 0x00000286a2732530 11240       3       com.android.utils.StringHelper::usLocaleDecapitalize (140 bytes)
Event: 37.588 Thread 0x00000286a2732530 nmethod 11240 0x0000028688f71490 code [0x0000028688f71840, 0x0000028688f72b48]
Event: 38.534 Thread 0x00000286a2732530 11241       3       java.util.Collections$EmptyList::spliterator (4 bytes)
Event: 38.534 Thread 0x00000286a2732530 nmethod 11241 0x0000028688f73290 code [0x0000028688f73420, 0x0000028688f73598]
Event: 39.528 Thread 0x00000286a2732530 11242       3       javax.management.ObjectName::setCanonicalName (251 bytes)
Event: 39.531 Thread 0x00000286a2732530 nmethod 11242 0x0000028688f73690 code [0x0000028688f73920, 0x0000028688f74968]
Event: 40.521 Thread 0x00000286a2732530 11243       3       java.util.HashMap$ValueSpliterator::characteristics (28 bytes)
Event: 40.522 Thread 0x00000286a2732530 nmethod 11243 0x0000028688f74f10 code [0x0000028688f750c0, 0x0000028688f75298]
Event: 40.522 Thread 0x00000286a2732530 11244       3       java.util.ComparableTimSort::countRunAndMakeAscending (123 bytes)
Event: 40.523 Thread 0x00000286a2732530 nmethod 11244 0x0000028688f75390 code [0x0000028688f755c0, 0x0000028688f76058]
Event: 41.533 Thread 0x00000286a2732530 11245       3       java.util.concurrent.Executors$RunnableAdapter::call (14 bytes)
Event: 41.612 Thread 0x00000286a2732530 nmethod 11245 0x0000028688f76310 code [0x0000028688f764c0, 0x0000028688f766a8]

GC Heap History (20 events):
Event: 22.585 GC heap before
{Heap before GC invocations=21 (full 0):
 garbage-first heap   total 157696K, used 118245K [0x0000000700000000, 0x0000000800000000)
  region size 2048K, 29 young (59392K), 2 survivors (4096K)
 Metaspace       used 77231K, committed 77760K, reserved 1122304K
  class space    used 10535K, committed 10816K, reserved 1048576K
}
Event: 22.595 GC heap after
{Heap after GC invocations=22 (full 0):
 garbage-first heap   total 157696K, used 66276K [0x0000000700000000, 0x0000000800000000)
  region size 2048K, 3 young (6144K), 3 survivors (6144K)
 Metaspace       used 77231K, committed 77760K, reserved 1122304K
  class space    used 10535K, committed 10816K, reserved 1048576K
}
Event: 23.960 GC heap before
{Heap before GC invocations=22 (full 0):
 garbage-first heap   total 157696K, used 121572K [0x0000000700000000, 0x0000000800000000)
  region size 2048K, 30 young (61440K), 3 survivors (6144K)
 Metaspace       used 80733K, committed 81344K, reserved 1122304K
  class space    used 10976K, committed 11264K, reserved 1048576K
}
Event: 23.973 GC heap after
{Heap after GC invocations=23 (full 0):
 garbage-first heap   total 157696K, used 69007K [0x0000000700000000, 0x0000000800000000)
  region size 2048K, 4 young (8192K), 4 survivors (8192K)
 Metaspace       used 80733K, committed 81344K, reserved 1122304K
  class space    used 10976K, committed 11264K, reserved 1048576K
}
Event: 25.574 GC heap before
{Heap before GC invocations=23 (full 0):
 garbage-first heap   total 157696K, used 122255K [0x0000000700000000, 0x0000000800000000)
  region size 2048K, 30 young (61440K), 4 survivors (8192K)
 Metaspace       used 84146K, committed 84736K, reserved 1122304K
  class space    used 11350K, committed 11648K, reserved 1048576K
}
Event: 25.589 GC heap after
{Heap after GC invocations=24 (full 0):
 garbage-first heap   total 157696K, used 73507K [0x0000000700000000, 0x0000000800000000)
  region size 2048K, 4 young (8192K), 4 survivors (8192K)
 Metaspace       used 84146K, committed 84736K, reserved 1122304K
  class space    used 11350K, committed 11648K, reserved 1048576K
}
Event: 27.788 GC heap before
{Heap before GC invocations=24 (full 0):
 garbage-first heap   total 157696K, used 122659K [0x0000000700000000, 0x0000000800000000)
  region size 2048K, 29 young (59392K), 4 survivors (8192K)
 Metaspace       used 90674K, committed 91200K, reserved 1130496K
  class space    used 12023K, committed 12288K, reserved 1048576K
}
Event: 27.802 GC heap after
{Heap after GC invocations=25 (full 0):
 garbage-first heap   total 157696K, used 69187K [0x0000000700000000, 0x0000000800000000)
  region size 2048K, 4 young (8192K), 4 survivors (8192K)
 Metaspace       used 90674K, committed 91200K, reserved 1130496K
  class space    used 12023K, committed 12288K, reserved 1048576K
}
Event: 30.473 GC heap before
{Heap before GC invocations=25 (full 0):
 garbage-first heap   total 157696K, used 124483K [0x0000000700000000, 0x0000000800000000)
  region size 2048K, 31 young (63488K), 4 survivors (8192K)
 Metaspace       used 96287K, committed 96896K, reserved 1138688K
  class space    used 12958K, committed 13248K, reserved 1048576K
}
Event: 30.488 GC heap after
{Heap after GC invocations=26 (full 0):
 garbage-first heap   total 157696K, used 72692K [0x0000000700000000, 0x0000000800000000)
  region size 2048K, 3 young (6144K), 3 survivors (6144K)
 Metaspace       used 96287K, committed 96896K, reserved 1138688K
  class space    used 12958K, committed 13248K, reserved 1048576K
}
Event: 32.383 GC heap before
{Heap before GC invocations=26 (full 0):
 garbage-first heap   total 157696K, used 130036K [0x0000000700000000, 0x0000000800000000)
  region size 2048K, 30 young (61440K), 3 survivors (6144K)
 Metaspace       used 97666K, committed 98304K, reserved 1138688K
  class space    used 13082K, committed 13376K, reserved 1048576K
}
Event: 32.393 GC heap after
{Heap after GC invocations=27 (full 0):
 garbage-first heap   total 157696K, used 85662K [0x0000000700000000, 0x0000000800000000)
  region size 2048K, 4 young (8192K), 4 survivors (8192K)
 Metaspace       used 97666K, committed 98304K, reserved 1138688K
  class space    used 13082K, committed 13376K, reserved 1048576K
}
Event: 32.445 GC heap before
{Heap before GC invocations=27 (full 0):
 garbage-first heap   total 157696K, used 87710K [0x0000000700000000, 0x0000000800000000)
  region size 2048K, 6 young (12288K), 4 survivors (8192K)
 Metaspace       used 97666K, committed 98304K, reserved 1138688K
  class space    used 13082K, committed 13376K, reserved 1048576K
}
Event: 32.450 GC heap after
{Heap after GC invocations=28 (full 0):
 garbage-first heap   total 157696K, used 87636K [0x0000000700000000, 0x0000000800000000)
  region size 2048K, 1 young (2048K), 1 survivors (2048K)
 Metaspace       used 97666K, committed 98304K, reserved 1138688K
  class space    used 13082K, committed 13376K, reserved 1048576K
}
Event: 33.879 GC heap before
{Heap before GC invocations=29 (full 0):
 garbage-first heap   total 157696K, used 126548K [0x0000000700000000, 0x0000000800000000)
  region size 2048K, 19 young (38912K), 1 survivors (2048K)
 Metaspace       used 100963K, committed 101632K, reserved 1138688K
  class space    used 13518K, committed 13824K, reserved 1048576K
}
Event: 33.889 GC heap after
{Heap after GC invocations=30 (full 0):
 garbage-first heap   total 157696K, used 92664K [0x0000000700000000, 0x0000000800000000)
  region size 2048K, 3 young (6144K), 3 survivors (6144K)
 Metaspace       used 100963K, committed 101632K, reserved 1138688K
  class space    used 13518K, committed 13824K, reserved 1048576K
}
Event: 33.963 GC heap before
{Heap before GC invocations=30 (full 0):
 garbage-first heap   total 157696K, used 94712K [0x0000000700000000, 0x0000000800000000)
  region size 2048K, 4 young (8192K), 3 survivors (6144K)
 Metaspace       used 101219K, committed 101888K, reserved 1138688K
  class space    used 13553K, committed 13888K, reserved 1048576K
}
Event: 33.970 GC heap after
{Heap after GC invocations=31 (full 0):
 garbage-first heap   total 157696K, used 87920K [0x0000000700000000, 0x0000000800000000)
  region size 2048K, 1 young (2048K), 1 survivors (2048K)
 Metaspace       used 101219K, committed 101888K, reserved 1138688K
  class space    used 13553K, committed 13888K, reserved 1048576K
}
Event: 35.481 GC heap before
{Heap before GC invocations=31 (full 0):
 garbage-first heap   total 157696K, used 120688K [0x0000000700000000, 0x0000000800000000)
  region size 2048K, 18 young (36864K), 1 survivors (2048K)
 Metaspace       used 105804K, committed 106496K, reserved 1146880K
  class space    used 14074K, committed 14400K, reserved 1048576K
}
Event: 35.487 GC heap after
{Heap after GC invocations=32 (full 0):
 garbage-first heap   total 157696K, used 90078K [0x0000000700000000, 0x0000000800000000)
  region size 2048K, 2 young (4096K), 2 survivors (4096K)
 Metaspace       used 105804K, committed 106496K, reserved 1146880K
  class space    used 14074K, committed 14400K, reserved 1048576K
}

Deoptimization events (20 events):
Event: 35.839 Thread 0x00000286a49babb0 DEOPT PACKING pc=0x0000028688d80096 sp=0x000000a5f8dee4f0
Event: 35.839 Thread 0x00000286a49babb0 DEOPT UNPACKING pc=0x0000028687782b43 sp=0x000000a5f8ded948 mode 0
Event: 35.840 Thread 0x00000286a49babb0 DEOPT PACKING pc=0x0000028688d80096 sp=0x000000a5f8dee4f0
Event: 35.840 Thread 0x00000286a49babb0 DEOPT UNPACKING pc=0x0000028687782b43 sp=0x000000a5f8ded948 mode 0
Event: 35.840 Thread 0x00000286a49babb0 DEOPT PACKING pc=0x0000028688d80096 sp=0x000000a5f8dee4d0
Event: 35.840 Thread 0x00000286a49babb0 DEOPT UNPACKING pc=0x0000028687782b43 sp=0x000000a5f8ded928 mode 0
Event: 35.854 Thread 0x00000286a49babb0 DEOPT PACKING pc=0x0000028688d80096 sp=0x000000a5f8dee790
Event: 35.854 Thread 0x00000286a49babb0 DEOPT UNPACKING pc=0x0000028687782b43 sp=0x000000a5f8dedbe8 mode 0
Event: 35.855 Thread 0x00000286a49babb0 DEOPT PACKING pc=0x0000028688d7ffbe sp=0x000000a5f8dee790
Event: 35.855 Thread 0x00000286a49babb0 DEOPT UNPACKING pc=0x0000028687782b43 sp=0x000000a5f8dedbe8 mode 0
Event: 35.858 Thread 0x00000286a49babb0 DEOPT PACKING pc=0x0000028688d7ffbe sp=0x000000a5f8decc50
Event: 35.858 Thread 0x00000286a49babb0 DEOPT UNPACKING pc=0x0000028687782b43 sp=0x000000a5f8dec0a8 mode 0
Event: 36.202 Thread 0x00000286a49babb0 Uncommon trap: trap_request=0xffffff45 fr.pc=0x000002868f2df3b4 relative=0x00000000000030b4
Event: 36.202 Thread 0x00000286a49babb0 Uncommon trap: reason=unstable_if action=reinterpret pc=0x000002868f2df3b4 method=java.util.regex.Pattern.compile()V @ 133 c2
Event: 36.202 Thread 0x00000286a49babb0 DEOPT PACKING pc=0x000002868f2df3b4 sp=0x000000a5f8df1b00
Event: 36.202 Thread 0x00000286a49babb0 DEOPT UNPACKING pc=0x00000286877823a3 sp=0x000000a5f8df1ae8 mode 2
Event: 36.305 Thread 0x00000286a49babb0 Uncommon trap: trap_request=0xffffff45 fr.pc=0x000002868f6ed000 relative=0x0000000000000080
Event: 36.305 Thread 0x00000286a49babb0 Uncommon trap: reason=unstable_if action=reinterpret pc=0x000002868f6ed000 method=java.lang.CharacterDataLatin1.isUpperCase(I)Z @ 7 c2
Event: 36.305 Thread 0x00000286a49babb0 DEOPT PACKING pc=0x000002868f6ed000 sp=0x000000a5f8df1770
Event: 36.305 Thread 0x00000286a49babb0 DEOPT UNPACKING pc=0x00000286877823a3 sp=0x000000a5f8df16f0 mode 2

Classes unloaded (0 events):
No events

Classes redefined (0 events):
No events

Internal exceptions (20 events):
Event: 32.708 Thread 0x00000286a49babb0 Exception <a 'java/lang/ClassNotFoundException'{0x00000007093a20a8}: native_plugin_loader_1mm7xztt9qf8obaqtjgp6a5umCustomizer> (0x00000007093a20a8) 
thrown [t:\workspace\open\src\hotspot\share\classfile\systemDictionary.cpp, line 256]
Event: 32.728 Thread 0x00000286a49babb0 Exception <a 'java/lang/ClassNotFoundException'{0x00000007093f5938}: NativePluginLoaderBeanInfo> (0x00000007093f5938) 
thrown [t:\workspace\open\src\hotspot\share\classfile\systemDictionary.cpp, line 256]
Event: 32.729 Thread 0x00000286a49babb0 Exception <a 'java/lang/ClassNotFoundException'{0x00000007093fed18}: NativePluginLoaderCustomizer> (0x00000007093fed18) 
thrown [t:\workspace\open\src\hotspot\share\classfile\systemDictionary.cpp, line 256]
Event: 32.759 Thread 0x00000286a49babb0 Exception <a 'java/lang/ClassNotFoundException'{0x0000000708f43948}: java/util/ArrayListBeanInfo> (0x0000000708f43948) 
thrown [t:\workspace\open\src\hotspot\share\classfile\systemDictionary.cpp, line 256]
Event: 32.760 Thread 0x00000286a49babb0 Exception <a 'java/lang/ClassNotFoundException'{0x0000000708f4a3d0}: java/util/AbstractListBeanInfo> (0x0000000708f4a3d0) 
thrown [t:\workspace\open\src\hotspot\share\classfile\systemDictionary.cpp, line 256]
Event: 32.761 Thread 0x00000286a49babb0 Exception <a 'java/lang/ClassNotFoundException'{0x0000000708f50e60}: java/util/AbstractListCustomizer> (0x0000000708f50e60) 
thrown [t:\workspace\open\src\hotspot\share\classfile\systemDictionary.cpp, line 256]
Event: 32.764 Thread 0x00000286a49babb0 Exception <a 'java/lang/ClassNotFoundException'{0x0000000708f62e28}: java/util/ArrayListCustomizer> (0x0000000708f62e28) 
thrown [t:\workspace\open\src\hotspot\share\classfile\systemDictionary.cpp, line 256]
Event: 32.788 Thread 0x00000286a49babb0 Exception <a 'java/lang/ClassNotFoundException'{0x0000000708c16218}: settings_eyga5xwkqe0fogvfq394bi4rzBeanInfo> (0x0000000708c16218) 
thrown [t:\workspace\open\src\hotspot\share\classfile\systemDictionary.cpp, line 256]
Event: 32.789 Thread 0x00000286a49babb0 Exception <a 'java/lang/ClassNotFoundException'{0x0000000708c1c4d0}: settings_eyga5xwkqe0fogvfq394bi4rzCustomizer> (0x0000000708c1c4d0) 
thrown [t:\workspace\open\src\hotspot\share\classfile\systemDictionary.cpp, line 256]
Event: 32.865 Thread 0x00000286a49babb0 Exception <a 'java/lang/ClassNotFoundException'{0x0000000708d922a0}: build_6p2gdm8hq6i22336sz3gjqtpgBeanInfo> (0x0000000708d922a0) 
thrown [t:\workspace\open\src\hotspot\share\classfile\systemDictionary.cpp, line 256]
Event: 32.866 Thread 0x00000286a49babb0 Exception <a 'java/lang/ClassNotFoundException'{0x0000000708d9c820}: org/gradle/api/internal/project/ProjectScriptBeanInfo> (0x0000000708d9c820) 
thrown [t:\workspace\open\src\hotspot\share\classfile\systemDictionary.cpp, line 256]
Event: 32.866 Thread 0x00000286a49babb0 Exception <a 'java/lang/ClassNotFoundException'{0x0000000708da6df0}: org/gradle/api/internal/project/ProjectScriptCustomizer> (0x0000000708da6df0) 
thrown [t:\workspace\open\src\hotspot\share\classfile\systemDictionary.cpp, line 256]
Event: 32.868 Thread 0x00000286a49babb0 Exception <a 'java/lang/ClassNotFoundException'{0x0000000708dbe3c0}: build_6p2gdm8hq6i22336sz3gjqtpgCustomizer> (0x0000000708dbe3c0) 
thrown [t:\workspace\open\src\hotspot\share\classfile\systemDictionary.cpp, line 256]
Event: 32.892 Thread 0x00000286a49babb0 Exception <a 'java/lang/ClassNotFoundException'{0x0000000708ab4890}: org/gradle/api/internal/project/DefaultProject_DecoratedBeanInfo> (0x0000000708ab4890) 
thrown [t:\workspace\open\src\hotspot\share\classfile\systemDictionary.cpp, line 256]
Event: 32.895 Thread 0x00000286a49babb0 Exception <a 'java/lang/ClassNotFoundException'{0x0000000708ac6740}: org/gradle/api/internal/project/DefaultProjectBeanInfo> (0x0000000708ac6740) 
thrown [t:\workspace\open\src\hotspot\share\classfile\systemDictionary.cpp, line 256]
Event: 32.898 Thread 0x00000286a49babb0 Exception <a 'java/lang/ClassNotFoundException'{0x0000000708ad86a0}: org/gradle/api/internal/project/DefaultProjectCustomizer> (0x0000000708ad86a0) 
thrown [t:\workspace\open\src\hotspot\share\classfile\systemDictionary.cpp, line 256]
Event: 32.907 Thread 0x00000286a49babb0 Exception <a 'java/lang/ClassNotFoundException'{0x0000000708b832b0}: org/gradle/api/internal/project/DefaultProject_DecoratedCustomizer> (0x0000000708b832b0) 
thrown [t:\workspace\open\src\hotspot\share\classfile\systemDictionary.cpp, line 256]
Event: 32.977 Thread 0x00000286a49babb0 Exception <a 'java/lang/ClassNotFoundException'{0x00000007088f9920}: build_105qlemptdnmu5g49tuoxm03mBeanInfo> (0x00000007088f9920) 
thrown [t:\workspace\open\src\hotspot\share\classfile\systemDictionary.cpp, line 256]
Event: 32.978 Thread 0x00000286a49babb0 Exception <a 'java/lang/ClassNotFoundException'{0x0000000708904c68}: build_105qlemptdnmu5g49tuoxm03mCustomizer> (0x0000000708904c68) 
thrown [t:\workspace\open\src\hotspot\share\classfile\systemDictionary.cpp, line 256]
Event: 35.943 Thread 0x00000286a49babb0 Exception <a 'sun/nio/fs/WindowsException'{0x0000000709e33980}> (0x0000000709e33980) 
thrown [t:\workspace\open\src\hotspot\share\prims\jni.cpp, line 516]

VM Operations (20 events):
Event: 34.974 Executing VM operation: Cleanup
Event: 34.975 Executing VM operation: Cleanup done
Event: 35.127 Executing VM operation: HandshakeAllThreads
Event: 35.128 Executing VM operation: HandshakeAllThreads done
Event: 35.250 Executing VM operation: HandshakeAllThreads
Event: 35.251 Executing VM operation: HandshakeAllThreads done
Event: 35.253 Executing VM operation: HandshakeAllThreads
Event: 35.253 Executing VM operation: HandshakeAllThreads done
Event: 35.294 Executing VM operation: HandshakeAllThreads
Event: 35.294 Executing VM operation: HandshakeAllThreads done
Event: 35.480 Executing VM operation: G1CollectForAllocation
Event: 35.488 Executing VM operation: G1CollectForAllocation done
Event: 35.627 Executing VM operation: G1Concurrent
Event: 35.647 Executing VM operation: G1Concurrent done
Event: 35.693 Executing VM operation: G1Concurrent
Event: 35.694 Executing VM operation: G1Concurrent done
Event: 36.696 Executing VM operation: Cleanup
Event: 36.697 Executing VM operation: Cleanup done
Event: 37.697 Executing VM operation: Cleanup
Event: 37.698 Executing VM operation: Cleanup done

Events (20 events):
Event: 35.329 loading class sun/security/util/Length done
Event: 35.329 loading class javax/crypto/SecretKey
Event: 35.330 loading class javax/crypto/SecretKey done
Event: 35.339 loading class java/util/Base64
Event: 35.340 loading class java/util/Base64 done
Event: 35.340 loading class java/util/Base64$Decoder
Event: 35.341 loading class java/util/Base64$Decoder done
Event: 35.342 loading class java/util/Base64$Encoder
Event: 35.343 loading class java/util/Base64$Encoder done
Event: 35.373 loading class sun/security/rsa/RSASignature$SHA256withRSA
Event: 35.374 loading class sun/security/rsa/RSASignature$SHA256withRSA done
Event: 35.379 loading class sun/security/provider/DSA$SHA256withDSA
Event: 35.379 loading class sun/security/provider/DSA$SHA256withDSA done
Event: 35.464 loading class java/util/jar/JarVerifier$VerifierStream
Event: 35.464 loading class java/util/jar/JarVerifier$VerifierStream done
Event: 35.465 loading class sun/security/util/ManifestEntryVerifier$SunProviderHolder
Event: 35.465 loading class sun/security/util/ManifestEntryVerifier$SunProviderHolder done
Event: 35.859 loading class java/security/KeyStore$ProtectionParameter
Event: 35.860 loading class java/security/KeyStore$ProtectionParameter done
Event: 37.367 Thread 0x00000286a5122030 Thread added: 0x00000286a5122030


Dynamic libraries:
0x00007ff64eab0000 - 0x00007ff64eac0000 	C:\Program Files\Java\jdk-17.0.1\bin\java.exe
0x00007ffe28b00000 - 0x00007ffe28d63000 	C:\WINDOWS\SYSTEM32\ntdll.dll
0x00007ffe28000000 - 0x00007ffe280c8000 	C:\WINDOWS\System32\KERNEL32.DLL
0x00007ffe260f0000 - 0x00007ffe264a2000 	C:\WINDOWS\System32\KERNELBASE.dll
0x00007ffe26810000 - 0x00007ffe2695b000 	C:\WINDOWS\System32\ucrtbase.dll
0x00007ffe0d600000 - 0x00007ffe0d61a000 	C:\Program Files\Java\jdk-17.0.1\bin\VCRUNTIME140.dll
0x00007ffe0d820000 - 0x00007ffe0d838000 	C:\Program Files\Java\jdk-17.0.1\bin\jli.dll
0x00007ffe282e0000 - 0x00007ffe28394000 	C:\WINDOWS\System32\ADVAPI32.dll
0x00007ffe274e0000 - 0x00007ffe27589000 	C:\WINDOWS\System32\msvcrt.dll
0x00007ffe284b0000 - 0x00007ffe28556000 	C:\WINDOWS\System32\sechost.dll
0x00007ffe281c0000 - 0x00007ffe282d6000 	C:\WINDOWS\System32\RPCRT4.dll
0x00007ffe276d0000 - 0x00007ffe27898000 	C:\WINDOWS\System32\USER32.dll
0x00007ffe0da90000 - 0x00007ffe0dd20000 	C:\WINDOWS\WinSxS\amd64_microsoft.windows.common-controls_6595b64144ccf1df_6.0.26100.2454_none_3e0b68a2e331ad60\COMCTL32.dll
0x00007ffe267e0000 - 0x00007ffe26807000 	C:\WINDOWS\System32\win32u.dll
0x00007ffe276a0000 - 0x00007ffe276ca000 	C:\WINDOWS\System32\GDI32.dll
0x00007ffe264b0000 - 0x00007ffe265db000 	C:\WINDOWS\System32\gdi32full.dll
0x00007ffe26730000 - 0x00007ffe267d3000 	C:\WINDOWS\System32\msvcp_win.dll
0x00007ffe20520000 - 0x00007ffe2052b000 	C:\WINDOWS\SYSTEM32\VERSION.dll
0x00007ffe27fc0000 - 0x00007ffe27fef000 	C:\WINDOWS\System32\IMM32.DLL
0x00007ffe1e6c0000 - 0x00007ffe1e6cc000 	C:\Program Files\Java\jdk-17.0.1\bin\vcruntime140_1.dll
0x00007ffdeabc0000 - 0x00007ffdeac4d000 	C:\Program Files\Java\jdk-17.0.1\bin\msvcp140.dll
0x00007ffdd6ad0000 - 0x00007ffdd768e000 	C:\Program Files\Java\jdk-17.0.1\bin\server\jvm.dll
0x00007ffe283c0000 - 0x00007ffe283c8000 	C:\WINDOWS\System32\PSAPI.DLL
0x00007ffe10550000 - 0x00007ffe10586000 	C:\WINDOWS\SYSTEM32\WINMM.dll
0x00007ffe1fa10000 - 0x00007ffe1fa1a000 	C:\WINDOWS\SYSTEM32\WSOCK32.dll
0x00007ffe28560000 - 0x00007ffe285d4000 	C:\WINDOWS\System32\WS2_32.dll
0x00007ffe24cf0000 - 0x00007ffe24d0a000 	C:\WINDOWS\SYSTEM32\kernel.appcore.dll
0x00007ffe1d890000 - 0x00007ffe1d89a000 	C:\Program Files\Java\jdk-17.0.1\bin\jimage.dll
0x00007ffe13920000 - 0x00007ffe13b61000 	C:\WINDOWS\SYSTEM32\DBGHELP.DLL
0x00007ffe26960000 - 0x00007ffe26cde000 	C:\WINDOWS\System32\combase.dll
0x00007ffe27c80000 - 0x00007ffe27d56000 	C:\WINDOWS\System32\OLEAUT32.dll
0x00007ffe12010000 - 0x00007ffe12049000 	C:\WINDOWS\SYSTEM32\dbgcore.DLL
0x00007ffe26050000 - 0x00007ffe260e9000 	C:\WINDOWS\System32\bcryptPrimitives.dll
0x00007ffdf1f20000 - 0x00007ffdf1f45000 	C:\Program Files\Java\jdk-17.0.1\bin\java.dll
0x00007ffdeaae0000 - 0x00007ffdeabb6000 	C:\Program Files\Java\jdk-17.0.1\bin\svml.dll
0x00007ffe26da0000 - 0x00007ffe274a0000 	C:\WINDOWS\System32\SHELL32.dll
0x00007ffe23bc0000 - 0x00007ffe243f1000 	C:\WINDOWS\SYSTEM32\windows.storage.dll
0x00007ffe283d0000 - 0x00007ffe284aa000 	C:\WINDOWS\System32\SHCORE.dll
0x00007ffe27ac0000 - 0x00007ffe27b1d000 	C:\WINDOWS\System32\shlwapi.dll
0x00007ffe25de0000 - 0x00007ffe25e0e000 	C:\WINDOWS\SYSTEM32\profapi.dll
0x00007ffe0be80000 - 0x00007ffe0be99000 	C:\Program Files\Java\jdk-17.0.1\bin\net.dll
0x00007ffe20970000 - 0x00007ffe20a96000 	C:\WINDOWS\SYSTEM32\WINHTTP.dll
0x00007ffe25210000 - 0x00007ffe25278000 	C:\WINDOWS\system32\mswsock.dll
0x00007ffe0ac70000 - 0x00007ffe0ac85000 	C:\Program Files\Java\jdk-17.0.1\bin\nio.dll
0x00007ffdf4040000 - 0x00007ffdf4058000 	C:\Program Files\Java\jdk-17.0.1\bin\zip.dll
0x00007ffe19a50000 - 0x00007ffe19a60000 	C:\Program Files\Java\jdk-17.0.1\bin\verify.dll
0x00007ffe0cc80000 - 0x00007ffe0cca7000 	C:\Users\Praveen Chandra\.gradle\native\c067742578af261105cb4f569cf0c3c89f3d7b1fecec35dd04571415982c5e48\windows-amd64\native-platform.dll
0x00007ffdd7af0000 - 0x00007ffdd7c34000 	C:\Users\Praveen Chandra\.gradle\native\38dada09dfb8b06ba9b0570ebf7e218e3eb74d4ef43ca46872605cf95ebc2f47\windows-amd64\native-platform-file-events.dll
0x00007ffe0cc70000 - 0x00007ffe0cc79000 	C:\Program Files\Java\jdk-17.0.1\bin\management.dll
0x00007ffdffec0000 - 0x00007ffdffecb000 	C:\Program Files\Java\jdk-17.0.1\bin\management_ext.dll
0x00007ffe254c0000 - 0x00007ffe254dc000 	C:\WINDOWS\SYSTEM32\CRYPTSP.dll
0x00007ffe24c50000 - 0x00007ffe24c88000 	C:\WINDOWS\system32\rsaenh.dll
0x00007ffe252b0000 - 0x00007ffe252db000 	C:\WINDOWS\SYSTEM32\USERENV.dll
0x00007ffe256f0000 - 0x00007ffe25716000 	C:\WINDOWS\SYSTEM32\bcrypt.dll
0x00007ffe254b0000 - 0x00007ffe254bc000 	C:\WINDOWS\SYSTEM32\CRYPTBASE.dll
0x00007ffe24700000 - 0x00007ffe24732000 	C:\WINDOWS\SYSTEM32\IPHLPAPI.DLL
0x00007ffe27ab0000 - 0x00007ffe27aba000 	C:\WINDOWS\System32\NSI.dll
0x00007ffe20940000 - 0x00007ffe2095e000 	C:\WINDOWS\SYSTEM32\dhcpcsvc6.DLL
0x00007ffe208e0000 - 0x00007ffe20905000 	C:\WINDOWS\SYSTEM32\dhcpcsvc.DLL
0x00007ffe247f0000 - 0x00007ffe24915000 	C:\WINDOWS\SYSTEM32\DNSAPI.dll
0x00007ffdf5a80000 - 0x00007ffdf5a8e000 	C:\Program Files\Java\jdk-17.0.1\bin\sunmscapi.dll
0x00007ffe25ed0000 - 0x00007ffe26046000 	C:\WINDOWS\System32\CRYPT32.dll
0x00007ffe256b0000 - 0x00007ffe256e0000 	C:\WINDOWS\SYSTEM32\ncrypt.dll
0x00007ffe25660000 - 0x00007ffe2569f000 	C:\WINDOWS\SYSTEM32\NTASN1.dll
0x00007ffe03f50000 - 0x00007ffe03f58000 	C:\WINDOWS\system32\wshunix.dll

dbghelp: loaded successfully - version: 4.0.5 - missing functions: none
symbol engine: initialized successfully - sym options: 0x614 - pdb path: .;C:\Program Files\Java\jdk-17.0.1\bin;C:\WINDOWS\SYSTEM32;C:\WINDOWS\WinSxS\amd64_microsoft.windows.common-controls_6595b64144ccf1df_6.0.26100.2454_none_3e0b68a2e331ad60;C:\Program Files\Java\jdk-17.0.1\bin\server;C:\Users\Praveen Chandra\.gradle\native\c067742578af261105cb4f569cf0c3c89f3d7b1fecec35dd04571415982c5e48\windows-amd64;C:\Users\Praveen Chandra\.gradle\native\38dada09dfb8b06ba9b0570ebf7e218e3eb74d4ef43ca46872605cf95ebc2f47\windows-amd64

VM Arguments:
jvm_args: -XX:MaxMetaspaceSize=2G -XX:+HeapDumpOnOutOfMemoryError --add-opens=java.base/java.util=ALL-UNNAMED --add-opens=java.base/java.lang=ALL-UNNAMED --add-opens=java.base/java.lang.invoke=ALL-UNNAMED --add-opens=java.prefs/java.util.prefs=ALL-UNNAMED --add-opens=java.base/java.nio.charset=ALL-UNNAMED --add-opens=java.base/java.net=ALL-UNNAMED --add-opens=java.base/java.util.concurrent.atomic=ALL-UNNAMED -Xmx4G -Dfile.encoding=windows-1252 -Duser.country=IN -Duser.language=en -Duser.variant 
java_command: org.gradle.launcher.daemon.bootstrap.GradleDaemon 7.6.3
java_class_path (initial): C:\Users\Praveen Chandra\.gradle\wrapper\dists\gradle-7.6.3-all\aocdy2d2z8kodnny3rsumj8i8\gradle-7.6.3\lib\gradle-launcher-7.6.3.jar
Launcher Type: SUN_STANDARD

[Global flags]
     intx CICompilerCount                          = 4                                         {product} {ergonomic}
     uint ConcGCThreads                            = 3                                         {product} {ergonomic}
     uint G1ConcRefinementThreads                  = 10                                        {product} {ergonomic}
   size_t G1HeapRegionSize                         = 2097152                                   {product} {ergonomic}
    uintx GCDrainStackTargetSize                   = 64                                        {product} {ergonomic}
     bool HeapDumpOnOutOfMemoryError               = true                                   {manageable} {command line}
   size_t InitialHeapSize                          = 132120576                                 {product} {ergonomic}
   size_t MarkStackSize                            = 4194304                                   {product} {ergonomic}
   size_t MaxHeapSize                              = 4294967296                                {product} {command line}
   size_t MaxMetaspaceSize                         = 2147483648                                {product} {command line}
   size_t MaxNewSize                               = 2575302656                                {product} {ergonomic}
   size_t MinHeapDeltaBytes                        = 2097152                                   {product} {ergonomic}
   size_t MinHeapSize                              = 8388608                                   {product} {ergonomic}
    uintx NonNMethodCodeHeapSize                   = 5839372                                {pd product} {ergonomic}
    uintx NonProfiledCodeHeapSize                  = 122909434                              {pd product} {ergonomic}
    uintx ProfiledCodeHeapSize                     = 122909434                              {pd product} {ergonomic}
    uintx ReservedCodeCacheSize                    = 251658240                              {pd product} {ergonomic}
     bool SegmentedCodeCache                       = true                                      {product} {ergonomic}
   size_t SoftMaxHeapSize                          = 4294967296                             {manageable} {ergonomic}
     bool UseCompressedClassPointers               = true                           {product lp64_product} {ergonomic}
     bool UseCompressedOops                        = true                           {product lp64_product} {ergonomic}
     bool UseG1GC                                  = true                                      {product} {ergonomic}
     bool UseLargePagesIndividualAllocation        = false                                  {pd product} {ergonomic}

Logging:
Log output configuration:
 #0: stdout all=warning uptime,level,tags
 #1: stderr all=off uptime,level,tags

Environment Variables:
CLASSPATH=D:\Flutter\mac_doc\android\\gradle\wrapper\gradle-wrapper.jar
PATH=C:\Python311\Scripts\;C:\Python311\;C:\oraclexe\app\oracle\product\10.2.0\server\bin;C:\Program Files\Common Files\Oracle\Java\javapath;C:\Program Files (x86)\Common Files\Oracle\Java\java8path;C:\Program Files (x86)\Common Files\Oracle\Java\javapath;C:\Python310\Scripts\;C:\Python310\;C:\Windows\system32;C:\Windows;C:\Windows\System32\Wbem;C:\Windows\System32\WindowsPowerShell\v1.0\;C:\Windows\System32\OpenSSH\;C:\Program Files (x86)\NVIDIA Corporation\PhysX\Common;C:\Program Files\NVIDIA Corporation\NVIDIA NvDLISR;D:\src\flutter\platform-tools;D:\src\flutter\platforms;C:\WINDOWS\system32;C:\WINDOWS;C:\WINDOWS\System32\Wbem;C:\WINDOWS\System32\WindowsPowerShell\v1.0\;C:\WINDOWS\System32\OpenSSH\;C:\Program Files\Git\cmd;C:\Program Files\Java\jdk-17.0.1\bin;C:\ProgramData\chocolatey\bin;C:\Program Files\nodejs\;D:\src\flutter\bin;C:\Program Files\PuTTY\;C:\Program Files\dotnet\;C:\Users\Praveen Chandra\AppData\Local\Microsoft\WindowsApps;E:\Microsoft VS Code\bin;E:\MinGW\bin;D:\src\flutter\bin;D:\src\flutter\bin\cache\dart-sdk\bin;C:\Program Files\Java\jdk-17.0.1\bin;C:\Program Files\MongoDB\Server\6.0\bin;C:\Program Files\MongoDB\Server\6.0;C:\Users\Praveen Chandra\AppData\Roaming\npm;C:\Program Files\nodejs;C:\Users\Praveen Chandra\AppData\Local\pip;C:\Users\Praveen Chandra\.dotnet\tools;C:\Program Files\dotnet;C:\Program Files\CMake\bin;
USERNAME=Praveen Chandra
OS=Windows_NT
PROCESSOR_IDENTIFIER=Intel64 Family 6 Model 165 Stepping 2, GenuineIntel



---------------  S Y S T E M  ---------------

OS:
 Windows 10 , 64 bit Build 26100 (10.0.26100.2454)
OS uptime: 20 days 11:25 hours
Hyper-V role detected

CPU: total 12 (initial active 12) (6 cores per cpu, 2 threads per core) family 6 model 165 stepping 2 microcode 0xe2, cx8, cmov, fxsr, ht, mmx, 3dnowpref, sse, sse2, sse3, ssse3, sse4.1, sse4.2, popcnt, lzcnt, tsc, tscinvbit, avx, avx2, aes, erms, clmul, bmi1, bmi2, adx, fma, vzeroupper, clflush, clflushopt, hv

Memory: 4k page, system-wide physical 8013M (940M free)
TotalPageFile size 14541M (AvailPageFile size 8M)
current process WorkingSet (physical memory assigned to process): 448M, peak: 459M
current process commit charge ("private bytes"): 493M, peak: 505M

vm_info: Java HotSpot(TM) 64-Bit Server VM (17.0.1+12-LTS-39) for windows-amd64 JRE (17.0.1+12-LTS-39), built on Sep 27 2021 18:41:35 by "mach5one" with MS VC++ 16.8 (VS2019)

END.
